2024-10-20 18:12:29.283 [info] [main] Log level: Info
2024-10-20 18:12:29.283 [info] [main] Validating found git in: "git"
2024-10-20 18:12:29.283 [info] [main] Using git "2.47.0" from "git"
2024-10-20 18:12:29.283 [info] [Model][doInitialScan] Initial repository scan started
2024-10-20 18:12:29.283 [info] > git rev-parse --show-toplevel [12ms]
2024-10-20 18:12:29.283 [info] fatal: not a git repository (or any parent up to mount point /)
Stopping at filesystem boundary (GIT_DISCOVERY_ACROSS_FILESYSTEM not set).
2024-10-20 18:12:29.283 [info] > git rev-parse --show-toplevel [239ms]
2024-10-20 18:12:29.283 [info] fatal: not a git repository (or any parent up to mount point /)
Stopping at filesystem boundary (GIT_DISCOVERY_ACROSS_FILESYSTEM not set).
2024-10-20 18:12:29.283 [info] > git rev-parse --show-toplevel [8ms]
2024-10-20 18:12:29.283 [info] fatal: not a git repository (or any parent up to mount point /)
Stopping at filesystem boundary (GIT_DISCOVERY_ACROSS_FILESYSTEM not set).
2024-10-20 18:12:29.290 [info] > git rev-parse --show-toplevel [2ms]
2024-10-20 18:12:29.290 [info] fatal: not a git repository (or any parent up to mount point /)
Stopping at filesystem boundary (GIT_DISCOVERY_ACROSS_FILESYSTEM not set).
2024-10-20 18:12:29.296 [info] > git rev-parse --show-toplevel [2ms]
2024-10-20 18:12:29.296 [info] fatal: not a git repository (or any parent up to mount point /)
Stopping at filesystem boundary (GIT_DISCOVERY_ACROSS_FILESYSTEM not set).
2024-10-20 18:12:29.422 [info] > git rev-parse --show-toplevel [12ms]
2024-10-20 18:12:29.422 [info] fatal: not a git repository (or any parent up to mount point /)
Stopping at filesystem boundary (GIT_DISCOVERY_ACROSS_FILESYSTEM not set).
2024-10-20 18:12:29.429 [info] > git rev-parse --show-toplevel [2ms]
2024-10-20 18:12:29.429 [info] fatal: not a git repository (or any parent up to mount point /)
Stopping at filesystem boundary (GIT_DISCOVERY_ACROSS_FILESYSTEM not set).
2024-10-20 18:12:29.459 [info] > git rev-parse --show-toplevel [15ms]
2024-10-20 18:12:29.459 [info] fatal: not a git repository (or any parent up to mount point /)
Stopping at filesystem boundary (GIT_DISCOVERY_ACROSS_FILESYSTEM not set).
2024-10-20 18:12:29.466 [info] > git rev-parse --show-toplevel [2ms]
2024-10-20 18:12:29.466 [info] fatal: not a git repository (or any parent up to mount point /)
Stopping at filesystem boundary (GIT_DISCOVERY_ACROSS_FILESYSTEM not set).
2024-10-20 18:12:29.473 [info] > git rev-parse --show-toplevel [1ms]
2024-10-20 18:12:29.473 [info] fatal: not a git repository (or any parent up to mount point /)
Stopping at filesystem boundary (GIT_DISCOVERY_ACROSS_FILESYSTEM not set).
2024-10-20 18:12:29.480 [info] > git rev-parse --show-toplevel [1ms]
2024-10-20 18:12:29.480 [info] fatal: not a git repository (or any parent up to mount point /)
Stopping at filesystem boundary (GIT_DISCOVERY_ACROSS_FILESYSTEM not set).
2024-10-20 18:12:29.487 [info] > git rev-parse --show-toplevel [1ms]
2024-10-20 18:12:29.487 [info] fatal: not a git repository (or any parent up to mount point /)
Stopping at filesystem boundary (GIT_DISCOVERY_ACROSS_FILESYSTEM not set).
2024-10-20 18:12:29.496 [info] > git rev-parse --show-toplevel [5ms]
2024-10-20 18:12:29.496 [info] fatal: not a git repository (or any parent up to mount point /)
Stopping at filesystem boundary (GIT_DISCOVERY_ACROSS_FILESYSTEM not set).
2024-10-20 18:12:29.503 [info] > git rev-parse --show-toplevel [1ms]
2024-10-20 18:12:29.503 [info] fatal: not a git repository (or any parent up to mount point /)
Stopping at filesystem boundary (GIT_DISCOVERY_ACROSS_FILESYSTEM not set).
2024-10-20 18:12:29.509 [info] > git rev-parse --show-toplevel [1ms]
2024-10-20 18:12:29.509 [info] fatal: not a git repository (or any parent up to mount point /)
Stopping at filesystem boundary (GIT_DISCOVERY_ACROSS_FILESYSTEM not set).
2024-10-20 18:12:29.515 [info] > git rev-parse --show-toplevel [1ms]
2024-10-20 18:12:29.515 [info] fatal: not a git repository (or any parent up to mount point /)
Stopping at filesystem boundary (GIT_DISCOVERY_ACROSS_FILESYSTEM not set).
2024-10-20 18:12:29.521 [info] > git rev-parse --show-toplevel [1ms]
2024-10-20 18:12:29.521 [info] fatal: not a git repository (or any parent up to mount point /)
Stopping at filesystem boundary (GIT_DISCOVERY_ACROSS_FILESYSTEM not set).
2024-10-20 18:12:29.527 [info] > git rev-parse --show-toplevel [2ms]
2024-10-20 18:12:29.527 [info] fatal: not a git repository (or any parent up to mount point /)
Stopping at filesystem boundary (GIT_DISCOVERY_ACROSS_FILESYSTEM not set).
2024-10-20 18:12:29.533 [info] > git rev-parse --show-toplevel [1ms]
2024-10-20 18:12:29.533 [info] fatal: not a git repository (or any parent up to mount point /)
Stopping at filesystem boundary (GIT_DISCOVERY_ACROSS_FILESYSTEM not set).
2024-10-20 18:12:29.539 [info] > git rev-parse --show-toplevel [1ms]
2024-10-20 18:12:29.539 [info] fatal: not a git repository (or any parent up to mount point /)
Stopping at filesystem boundary (GIT_DISCOVERY_ACROSS_FILESYSTEM not set).
2024-10-20 18:12:29.544 [info] > git rev-parse --show-toplevel [1ms]
2024-10-20 18:12:29.544 [info] fatal: not a git repository (or any parent up to mount point /)
Stopping at filesystem boundary (GIT_DISCOVERY_ACROSS_FILESYSTEM not set).
2024-10-20 18:12:29.550 [info] > git rev-parse --show-toplevel [1ms]
2024-10-20 18:12:29.550 [info] fatal: not a git repository (or any parent up to mount point /)
Stopping at filesystem boundary (GIT_DISCOVERY_ACROSS_FILESYSTEM not set).
2024-10-20 18:12:29.555 [info] > git rev-parse --show-toplevel [1ms]
2024-10-20 18:12:29.555 [info] fatal: not a git repository (or any parent up to mount point /)
Stopping at filesystem boundary (GIT_DISCOVERY_ACROSS_FILESYSTEM not set).
2024-10-20 18:12:29.562 [info] > git rev-parse --show-toplevel [0ms]
2024-10-20 18:12:29.562 [info] fatal: not a git repository (or any parent up to mount point /)
Stopping at filesystem boundary (GIT_DISCOVERY_ACROSS_FILESYSTEM not set).
2024-10-20 18:12:29.567 [info] > git rev-parse --show-toplevel [1ms]
2024-10-20 18:12:29.567 [info] fatal: not a git repository (or any parent up to mount point /)
Stopping at filesystem boundary (GIT_DISCOVERY_ACROSS_FILESYSTEM not set).
2024-10-20 18:12:29.573 [info] > git rev-parse --show-toplevel [0ms]
2024-10-20 18:12:29.573 [info] fatal: not a git repository (or any parent up to mount point /)
Stopping at filesystem boundary (GIT_DISCOVERY_ACROSS_FILESYSTEM not set).
2024-10-20 18:12:29.579 [info] > git rev-parse --show-toplevel [1ms]
2024-10-20 18:12:29.579 [info] fatal: not a git repository (or any parent up to mount point /)
Stopping at filesystem boundary (GIT_DISCOVERY_ACROSS_FILESYSTEM not set).
2024-10-20 18:12:29.584 [info] > git rev-parse --show-toplevel [1ms]
2024-10-20 18:12:29.584 [info] fatal: not a git repository (or any parent up to mount point /)
Stopping at filesystem boundary (GIT_DISCOVERY_ACROSS_FILESYSTEM not set).
2024-10-20 18:12:29.589 [info] > git rev-parse --show-toplevel [1ms]
2024-10-20 18:12:29.589 [info] fatal: not a git repository (or any parent up to mount point /)
Stopping at filesystem boundary (GIT_DISCOVERY_ACROSS_FILESYSTEM not set).
2024-10-20 18:12:29.595 [info] > git rev-parse --show-toplevel [2ms]
2024-10-20 18:12:29.595 [info] fatal: not a git repository (or any parent up to mount point /)
Stopping at filesystem boundary (GIT_DISCOVERY_ACROSS_FILESYSTEM not set).
2024-10-20 18:12:29.600 [info] > git rev-parse --show-toplevel [1ms]
2024-10-20 18:12:29.600 [info] fatal: not a git repository (or any parent up to mount point /)
Stopping at filesystem boundary (GIT_DISCOVERY_ACROSS_FILESYSTEM not set).
2024-10-20 18:12:29.604 [info] > git rev-parse --show-toplevel [0ms]
2024-10-20 18:12:29.605 [info] fatal: not a git repository (or any parent up to mount point /)
Stopping at filesystem boundary (GIT_DISCOVERY_ACROSS_FILESYSTEM not set).
2024-10-20 18:12:29.610 [info] > git rev-parse --show-toplevel [2ms]
2024-10-20 18:12:29.610 [info] fatal: not a git repository (or any parent up to mount point /)
Stopping at filesystem boundary (GIT_DISCOVERY_ACROSS_FILESYSTEM not set).
2024-10-20 18:12:29.615 [info] > git rev-parse --show-toplevel [1ms]
2024-10-20 18:12:29.615 [info] fatal: not a git repository (or any parent up to mount point /)
Stopping at filesystem boundary (GIT_DISCOVERY_ACROSS_FILESYSTEM not set).
2024-10-20 18:12:29.620 [info] > git rev-parse --show-toplevel [1ms]
2024-10-20 18:12:29.620 [info] fatal: not a git repository (or any parent up to mount point /)
Stopping at filesystem boundary (GIT_DISCOVERY_ACROSS_FILESYSTEM not set).
2024-10-20 18:12:29.624 [info] > git rev-parse --show-toplevel [1ms]
2024-10-20 18:12:29.624 [info] fatal: not a git repository (or any parent up to mount point /)
Stopping at filesystem boundary (GIT_DISCOVERY_ACROSS_FILESYSTEM not set).
2024-10-20 18:12:29.630 [info] > git rev-parse --show-toplevel [1ms]
2024-10-20 18:12:29.630 [info] fatal: not a git repository (or any parent up to mount point /)
Stopping at filesystem boundary (GIT_DISCOVERY_ACROSS_FILESYSTEM not set).
2024-10-20 18:12:29.635 [info] > git rev-parse --show-toplevel [1ms]
2024-10-20 18:12:29.635 [info] fatal: not a git repository (or any parent up to mount point /)
Stopping at filesystem boundary (GIT_DISCOVERY_ACROSS_FILESYSTEM not set).
2024-10-20 18:12:29.639 [info] > git rev-parse --show-toplevel [1ms]
2024-10-20 18:12:29.639 [info] fatal: not a git repository (or any parent up to mount point /)
Stopping at filesystem boundary (GIT_DISCOVERY_ACROSS_FILESYSTEM not set).
2024-10-20 18:12:29.645 [info] > git rev-parse --show-toplevel [1ms]
2024-10-20 18:12:29.645 [info] fatal: not a git repository (or any parent up to mount point /)
Stopping at filesystem boundary (GIT_DISCOVERY_ACROSS_FILESYSTEM not set).
2024-10-20 18:12:29.650 [info] > git rev-parse --show-toplevel [1ms]
2024-10-20 18:12:29.650 [info] fatal: not a git repository (or any parent up to mount point /)
Stopping at filesystem boundary (GIT_DISCOVERY_ACROSS_FILESYSTEM not set).
2024-10-20 18:12:29.655 [info] > git rev-parse --show-toplevel [1ms]
2024-10-20 18:12:29.655 [info] fatal: not a git repository (or any parent up to mount point /)
Stopping at filesystem boundary (GIT_DISCOVERY_ACROSS_FILESYSTEM not set).
2024-10-20 18:12:29.671 [info] > git rev-parse --show-toplevel [13ms]
2024-10-20 18:12:29.671 [info] fatal: not a git repository (or any parent up to mount point /)
Stopping at filesystem boundary (GIT_DISCOVERY_ACROSS_FILESYSTEM not set).
2024-10-20 18:12:29.678 [info] > git rev-parse --show-toplevel [1ms]
2024-10-20 18:12:29.678 [info] fatal: not a git repository (or any parent up to mount point /)
Stopping at filesystem boundary (GIT_DISCOVERY_ACROSS_FILESYSTEM not set).
2024-10-20 18:12:29.683 [info] > git rev-parse --show-toplevel [1ms]
2024-10-20 18:12:29.683 [info] fatal: not a git repository (or any parent up to mount point /)
Stopping at filesystem boundary (GIT_DISCOVERY_ACROSS_FILESYSTEM not set).
2024-10-20 18:12:29.688 [info] > git rev-parse --show-toplevel [1ms]
2024-10-20 18:12:29.688 [info] fatal: not a git repository (or any parent up to mount point /)
Stopping at filesystem boundary (GIT_DISCOVERY_ACROSS_FILESYSTEM not set).
2024-10-20 18:12:29.693 [info] > git rev-parse --show-toplevel [2ms]
2024-10-20 18:12:29.693 [info] fatal: not a git repository (or any parent up to mount point /)
Stopping at filesystem boundary (GIT_DISCOVERY_ACROSS_FILESYSTEM not set).
2024-10-20 18:12:29.697 [info] > git rev-parse --show-toplevel [1ms]
2024-10-20 18:12:29.697 [info] fatal: not a git repository (or any parent up to mount point /)
Stopping at filesystem boundary (GIT_DISCOVERY_ACROSS_FILESYSTEM not set).
2024-10-20 18:12:29.702 [info] > git rev-parse --show-toplevel [1ms]
2024-10-20 18:12:29.702 [info] fatal: not a git repository (or any parent up to mount point /)
Stopping at filesystem boundary (GIT_DISCOVERY_ACROSS_FILESYSTEM not set).
2024-10-20 18:12:29.706 [info] > git rev-parse --show-toplevel [1ms]
2024-10-20 18:12:29.706 [info] fatal: not a git repository (or any parent up to mount point /)
Stopping at filesystem boundary (GIT_DISCOVERY_ACROSS_FILESYSTEM not set).
2024-10-20 18:12:29.712 [info] > git rev-parse --show-toplevel [1ms]
2024-10-20 18:12:29.712 [info] fatal: not a git repository (or any parent up to mount point /)
Stopping at filesystem boundary (GIT_DISCOVERY_ACROSS_FILESYSTEM not set).
2024-10-20 18:12:29.717 [info] > git rev-parse --show-toplevel [1ms]
2024-10-20 18:12:29.717 [info] fatal: not a git repository (or any parent up to mount point /)
Stopping at filesystem boundary (GIT_DISCOVERY_ACROSS_FILESYSTEM not set).
2024-10-20 18:12:29.721 [info] > git rev-parse --show-toplevel [1ms]
2024-10-20 18:12:29.721 [info] fatal: not a git repository (or any parent up to mount point /)
Stopping at filesystem boundary (GIT_DISCOVERY_ACROSS_FILESYSTEM not set).
2024-10-20 18:12:29.726 [info] > git rev-parse --show-toplevel [1ms]
2024-10-20 18:12:29.726 [info] fatal: not a git repository (or any parent up to mount point /)
Stopping at filesystem boundary (GIT_DISCOVERY_ACROSS_FILESYSTEM not set).
2024-10-20 18:12:29.731 [info] > git rev-parse --show-toplevel [1ms]
2024-10-20 18:12:29.731 [info] fatal: not a git repository (or any parent up to mount point /)
Stopping at filesystem boundary (GIT_DISCOVERY_ACROSS_FILESYSTEM not set).
2024-10-20 18:12:29.736 [info] > git rev-parse --show-toplevel [1ms]
2024-10-20 18:12:29.736 [info] fatal: not a git repository (or any parent up to mount point /)
Stopping at filesystem boundary (GIT_DISCOVERY_ACROSS_FILESYSTEM not set).
2024-10-20 18:12:29.740 [info] > git rev-parse --show-toplevel [1ms]
2024-10-20 18:12:29.740 [info] fatal: not a git repository (or any parent up to mount point /)
Stopping at filesystem boundary (GIT_DISCOVERY_ACROSS_FILESYSTEM not set).
2024-10-20 18:12:29.746 [info] > git rev-parse --show-toplevel [1ms]
2024-10-20 18:12:29.746 [info] fatal: not a git repository (or any parent up to mount point /)
Stopping at filesystem boundary (GIT_DISCOVERY_ACROSS_FILESYSTEM not set).
2024-10-20 18:12:29.751 [info] > git rev-parse --show-toplevel [1ms]
2024-10-20 18:12:29.751 [info] fatal: not a git repository (or any parent up to mount point /)
Stopping at filesystem boundary (GIT_DISCOVERY_ACROSS_FILESYSTEM not set).
2024-10-20 18:12:29.755 [info] > git rev-parse --show-toplevel [1ms]
2024-10-20 18:12:29.755 [info] fatal: not a git repository (or any parent up to mount point /)
Stopping at filesystem boundary (GIT_DISCOVERY_ACROSS_FILESYSTEM not set).
2024-10-20 18:12:29.759 [info] > git rev-parse --show-toplevel [1ms]
2024-10-20 18:12:29.759 [info] fatal: not a git repository (or any parent up to mount point /)
Stopping at filesystem boundary (GIT_DISCOVERY_ACROSS_FILESYSTEM not set).
2024-10-20 18:12:29.765 [info] > git rev-parse --show-toplevel [0ms]
2024-10-20 18:12:29.765 [info] fatal: not a git repository (or any parent up to mount point /)
Stopping at filesystem boundary (GIT_DISCOVERY_ACROSS_FILESYSTEM not set).
2024-10-20 18:12:29.769 [info] > git rev-parse --show-toplevel [1ms]
2024-10-20 18:12:29.769 [info] fatal: not a git repository (or any parent up to mount point /)
Stopping at filesystem boundary (GIT_DISCOVERY_ACROSS_FILESYSTEM not set).
2024-10-20 18:12:29.773 [info] > git rev-parse --show-toplevel [0ms]
2024-10-20 18:12:29.773 [info] fatal: not a git repository (or any parent up to mount point /)
Stopping at filesystem boundary (GIT_DISCOVERY_ACROSS_FILESYSTEM not set).
2024-10-20 18:12:29.779 [info] > git rev-parse --show-toplevel [1ms]
2024-10-20 18:12:29.779 [info] fatal: not a git repository (or any parent up to mount point /)
Stopping at filesystem boundary (GIT_DISCOVERY_ACROSS_FILESYSTEM not set).
2024-10-20 18:12:29.784 [info] > git rev-parse --show-toplevel [1ms]
2024-10-20 18:12:29.784 [info] fatal: not a git repository (or any parent up to mount point /)
Stopping at filesystem boundary (GIT_DISCOVERY_ACROSS_FILESYSTEM not set).
2024-10-20 18:12:29.788 [info] > git rev-parse --show-toplevel [1ms]
2024-10-20 18:12:29.788 [info] fatal: not a git repository (or any parent up to mount point /)
Stopping at filesystem boundary (GIT_DISCOVERY_ACROSS_FILESYSTEM not set).
2024-10-20 18:12:29.793 [info] > git rev-parse --show-toplevel [1ms]
2024-10-20 18:12:29.793 [info] fatal: not a git repository (or any parent up to mount point /)
Stopping at filesystem boundary (GIT_DISCOVERY_ACROSS_FILESYSTEM not set).
2024-10-20 18:12:29.800 [info] > git rev-parse --show-toplevel [1ms]
2024-10-20 18:12:29.800 [info] fatal: not a git repository (or any parent up to mount point /)
Stopping at filesystem boundary (GIT_DISCOVERY_ACROSS_FILESYSTEM not set).
2024-10-20 18:12:29.807 [info] > git rev-parse --show-toplevel [1ms]
2024-10-20 18:12:29.807 [info] fatal: not a git repository (or any parent up to mount point /)
Stopping at filesystem boundary (GIT_DISCOVERY_ACROSS_FILESYSTEM not set).
2024-10-20 18:12:29.812 [info] > git rev-parse --show-toplevel [1ms]
2024-10-20 18:12:29.812 [info] fatal: not a git repository (or any parent up to mount point /)
Stopping at filesystem boundary (GIT_DISCOVERY_ACROSS_FILESYSTEM not set).
2024-10-20 18:12:29.817 [info] > git rev-parse --show-toplevel [1ms]
2024-10-20 18:12:29.817 [info] fatal: not a git repository (or any parent up to mount point /)
Stopping at filesystem boundary (GIT_DISCOVERY_ACROSS_FILESYSTEM not set).
2024-10-20 18:12:29.821 [info] > git rev-parse --show-toplevel [0ms]
2024-10-20 18:12:29.821 [info] fatal: not a git repository (or any parent up to mount point /)
Stopping at filesystem boundary (GIT_DISCOVERY_ACROSS_FILESYSTEM not set).
2024-10-20 18:12:29.826 [info] > git rev-parse --show-toplevel [1ms]
2024-10-20 18:12:29.826 [info] fatal: not a git repository (or any parent up to mount point /)
Stopping at filesystem boundary (GIT_DISCOVERY_ACROSS_FILESYSTEM not set).
2024-10-20 18:12:29.832 [info] > git rev-parse --show-toplevel [1ms]
2024-10-20 18:12:29.832 [info] fatal: not a git repository (or any parent up to mount point /)
Stopping at filesystem boundary (GIT_DISCOVERY_ACROSS_FILESYSTEM not set).
2024-10-20 18:12:29.836 [info] > git rev-parse --show-toplevel [1ms]
2024-10-20 18:12:29.836 [info] fatal: not a git repository (or any parent up to mount point /)
Stopping at filesystem boundary (GIT_DISCOVERY_ACROSS_FILESYSTEM not set).
2024-10-20 18:12:29.840 [info] > git rev-parse --show-toplevel [0ms]
2024-10-20 18:12:29.840 [info] fatal: not a git repository (or any parent up to mount point /)
Stopping at filesystem boundary (GIT_DISCOVERY_ACROSS_FILESYSTEM not set).
2024-10-20 18:12:29.846 [info] > git rev-parse --show-toplevel [1ms]
2024-10-20 18:12:29.846 [info] fatal: not a git repository (or any parent up to mount point /)
Stopping at filesystem boundary (GIT_DISCOVERY_ACROSS_FILESYSTEM not set).
2024-10-20 18:12:29.846 [info] [Model][doInitialScan] Initial repository scan completed - repositories (0), closed repositories (0), parent repositories (0), unsafe repositories (0)
2024-10-20 18:12:30.338 [info] > git rev-parse --show-toplevel [1ms]
2024-10-20 18:12:30.338 [info] fatal: not a git repository (or any parent up to mount point /)
Stopping at filesystem boundary (GIT_DISCOVERY_ACROSS_FILESYSTEM not set).
2024-10-20 18:12:30.343 [info] > git rev-parse --show-toplevel [1ms]
2024-10-20 18:12:30.343 [info] fatal: not a git repository (or any parent up to mount point /)
Stopping at filesystem boundary (GIT_DISCOVERY_ACROSS_FILESYSTEM not set).
2024-10-20 18:12:30.349 [info] > git rev-parse --show-toplevel [1ms]
2024-10-20 18:12:30.349 [info] fatal: not a git repository (or any parent up to mount point /)
Stopping at filesystem boundary (GIT_DISCOVERY_ACROSS_FILESYSTEM not set).
