2024-10-20 19:00:20.511 [info] [main] Log level: Info
2024-10-20 19:00:20.511 [info] [main] Validating found git in: "git"
2024-10-20 19:00:20.511 [info] [main] Using git "2.47.0" from "git"
2024-10-20 19:00:20.511 [info] [Model][doInitialScan] Initial repository scan started
2024-10-20 19:00:20.511 [info] > git rev-parse --show-toplevel [18ms]
2024-10-20 19:00:20.511 [info] fatal: not a git repository (or any parent up to mount point /)
Stopping at filesystem boundary (GIT_DISCOVERY_ACROSS_FILESYSTEM not set).
2024-10-20 19:00:20.511 [info] > git rev-parse --show-toplevel [219ms]
2024-10-20 19:00:20.511 [info] fatal: not a git repository (or any parent up to mount point /)
Stopping at filesystem boundary (GIT_DISCOVERY_ACROSS_FILESYSTEM not set).
2024-10-20 19:00:20.511 [info] > git rev-parse --show-toplevel [4ms]
2024-10-20 19:00:20.511 [info] fatal: not a git repository (or any parent up to mount point /)
Stopping at filesystem boundary (GIT_DISCOVERY_ACROSS_FILESYSTEM not set).
2024-10-20 19:00:20.518 [info] > git rev-parse --show-toplevel [2ms]
2024-10-20 19:00:20.518 [info] fatal: not a git repository (or any parent up to mount point /)
Stopping at filesystem boundary (GIT_DISCOVERY_ACROSS_FILESYSTEM not set).
2024-10-20 19:00:20.525 [info] > git rev-parse --show-toplevel [2ms]
2024-10-20 19:00:20.525 [info] fatal: not a git repository (or any parent up to mount point /)
Stopping at filesystem boundary (GIT_DISCOVERY_ACROSS_FILESYSTEM not set).
2024-10-20 19:00:20.533 [info] > git rev-parse --show-toplevel [2ms]
2024-10-20 19:00:20.533 [info] fatal: not a git repository (or any parent up to mount point /)
Stopping at filesystem boundary (GIT_DISCOVERY_ACROSS_FILESYSTEM not set).
2024-10-20 19:00:20.539 [info] > git rev-parse --show-toplevel [1ms]
2024-10-20 19:00:20.539 [info] fatal: not a git repository (or any parent up to mount point /)
Stopping at filesystem boundary (GIT_DISCOVERY_ACROSS_FILESYSTEM not set).
2024-10-20 19:00:20.545 [info] > git rev-parse --show-toplevel [1ms]
2024-10-20 19:00:20.546 [info] fatal: not a git repository (or any parent up to mount point /)
Stopping at filesystem boundary (GIT_DISCOVERY_ACROSS_FILESYSTEM not set).
2024-10-20 19:00:20.551 [info] > git rev-parse --show-toplevel [0ms]
2024-10-20 19:00:20.551 [info] fatal: not a git repository (or any parent up to mount point /)
Stopping at filesystem boundary (GIT_DISCOVERY_ACROSS_FILESYSTEM not set).
2024-10-20 19:00:20.556 [info] > git rev-parse --show-toplevel [1ms]
2024-10-20 19:00:20.556 [info] fatal: not a git repository (or any parent up to mount point /)
Stopping at filesystem boundary (GIT_DISCOVERY_ACROSS_FILESYSTEM not set).
2024-10-20 19:00:20.676 [info] > git rev-parse --show-toplevel [115ms]
2024-10-20 19:00:20.676 [info] fatal: not a git repository (or any parent up to mount point /)
Stopping at filesystem boundary (GIT_DISCOVERY_ACROSS_FILESYSTEM not set).
2024-10-20 19:00:20.693 [info] > git rev-parse --show-toplevel [1ms]
2024-10-20 19:00:20.693 [info] fatal: not a git repository (or any parent up to mount point /)
Stopping at filesystem boundary (GIT_DISCOVERY_ACROSS_FILESYSTEM not set).
2024-10-20 19:00:20.719 [info] > git rev-parse --show-toplevel [20ms]
2024-10-20 19:00:20.719 [info] fatal: not a git repository (or any parent up to mount point /)
Stopping at filesystem boundary (GIT_DISCOVERY_ACROSS_FILESYSTEM not set).
2024-10-20 19:00:20.724 [info] > git rev-parse --show-toplevel [1ms]
2024-10-20 19:00:20.724 [info] fatal: not a git repository (or any parent up to mount point /)
Stopping at filesystem boundary (GIT_DISCOVERY_ACROSS_FILESYSTEM not set).
2024-10-20 19:00:20.730 [info] > git rev-parse --show-toplevel [1ms]
2024-10-20 19:00:20.730 [info] fatal: not a git repository (or any parent up to mount point /)
Stopping at filesystem boundary (GIT_DISCOVERY_ACROSS_FILESYSTEM not set).
2024-10-20 19:00:20.736 [info] > git rev-parse --show-toplevel [1ms]
2024-10-20 19:00:20.736 [info] fatal: not a git repository (or any parent up to mount point /)
Stopping at filesystem boundary (GIT_DISCOVERY_ACROSS_FILESYSTEM not set).
2024-10-20 19:00:20.741 [info] > git rev-parse --show-toplevel [1ms]
2024-10-20 19:00:20.741 [info] fatal: not a git repository (or any parent up to mount point /)
Stopping at filesystem boundary (GIT_DISCOVERY_ACROSS_FILESYSTEM not set).
2024-10-20 19:00:20.746 [info] > git rev-parse --show-toplevel [1ms]
2024-10-20 19:00:20.747 [info] fatal: not a git repository (or any parent up to mount point /)
Stopping at filesystem boundary (GIT_DISCOVERY_ACROSS_FILESYSTEM not set).
2024-10-20 19:00:20.752 [info] > git rev-parse --show-toplevel [1ms]
2024-10-20 19:00:20.752 [info] fatal: not a git repository (or any parent up to mount point /)
Stopping at filesystem boundary (GIT_DISCOVERY_ACROSS_FILESYSTEM not set).
2024-10-20 19:00:20.757 [info] > git rev-parse --show-toplevel [1ms]
2024-10-20 19:00:20.757 [info] fatal: not a git repository (or any parent up to mount point /)
Stopping at filesystem boundary (GIT_DISCOVERY_ACROSS_FILESYSTEM not set).
2024-10-20 19:00:20.763 [info] > git rev-parse --show-toplevel [1ms]
2024-10-20 19:00:20.763 [info] fatal: not a git repository (or any parent up to mount point /)
Stopping at filesystem boundary (GIT_DISCOVERY_ACROSS_FILESYSTEM not set).
2024-10-20 19:00:20.768 [info] > git rev-parse --show-toplevel [1ms]
2024-10-20 19:00:20.768 [info] fatal: not a git repository (or any parent up to mount point /)
Stopping at filesystem boundary (GIT_DISCOVERY_ACROSS_FILESYSTEM not set).
2024-10-20 19:00:20.773 [info] > git rev-parse --show-toplevel [1ms]
2024-10-20 19:00:20.773 [info] fatal: not a git repository (or any parent up to mount point /)
Stopping at filesystem boundary (GIT_DISCOVERY_ACROSS_FILESYSTEM not set).
2024-10-20 19:00:20.778 [info] > git rev-parse --show-toplevel [0ms]
2024-10-20 19:00:20.778 [info] fatal: not a git repository (or any parent up to mount point /)
Stopping at filesystem boundary (GIT_DISCOVERY_ACROSS_FILESYSTEM not set).
2024-10-20 19:00:20.784 [info] > git rev-parse --show-toplevel [1ms]
2024-10-20 19:00:20.784 [info] fatal: not a git repository (or any parent up to mount point /)
Stopping at filesystem boundary (GIT_DISCOVERY_ACROSS_FILESYSTEM not set).
2024-10-20 19:00:20.788 [info] > git rev-parse --show-toplevel [0ms]
2024-10-20 19:00:20.788 [info] fatal: not a git repository (or any parent up to mount point /)
Stopping at filesystem boundary (GIT_DISCOVERY_ACROSS_FILESYSTEM not set).
2024-10-20 19:00:20.794 [info] > git rev-parse --show-toplevel [1ms]
2024-10-20 19:00:20.794 [info] fatal: not a git repository (or any parent up to mount point /)
Stopping at filesystem boundary (GIT_DISCOVERY_ACROSS_FILESYSTEM not set).
2024-10-20 19:00:20.799 [info] > git rev-parse --show-toplevel [1ms]
2024-10-20 19:00:20.799 [info] fatal: not a git repository (or any parent up to mount point /)
Stopping at filesystem boundary (GIT_DISCOVERY_ACROSS_FILESYSTEM not set).
2024-10-20 19:00:20.804 [info] > git rev-parse --show-toplevel [1ms]
2024-10-20 19:00:20.804 [info] fatal: not a git repository (or any parent up to mount point /)
Stopping at filesystem boundary (GIT_DISCOVERY_ACROSS_FILESYSTEM not set).
2024-10-20 19:00:20.809 [info] > git rev-parse --show-toplevel [1ms]
2024-10-20 19:00:20.809 [info] fatal: not a git repository (or any parent up to mount point /)
Stopping at filesystem boundary (GIT_DISCOVERY_ACROSS_FILESYSTEM not set).
2024-10-20 19:00:20.815 [info] > git rev-parse --show-toplevel [0ms]
2024-10-20 19:00:20.815 [info] fatal: not a git repository (or any parent up to mount point /)
Stopping at filesystem boundary (GIT_DISCOVERY_ACROSS_FILESYSTEM not set).
2024-10-20 19:00:20.820 [info] > git rev-parse --show-toplevel [1ms]
2024-10-20 19:00:20.820 [info] fatal: not a git repository (or any parent up to mount point /)
Stopping at filesystem boundary (GIT_DISCOVERY_ACROSS_FILESYSTEM not set).
2024-10-20 19:00:20.824 [info] > git rev-parse --show-toplevel [0ms]
2024-10-20 19:00:20.824 [info] fatal: not a git repository (or any parent up to mount point /)
Stopping at filesystem boundary (GIT_DISCOVERY_ACROSS_FILESYSTEM not set).
2024-10-20 19:00:20.831 [info] > git rev-parse --show-toplevel [2ms]
2024-10-20 19:00:20.831 [info] fatal: not a git repository (or any parent up to mount point /)
Stopping at filesystem boundary (GIT_DISCOVERY_ACROSS_FILESYSTEM not set).
2024-10-20 19:00:20.837 [info] > git rev-parse --show-toplevel [1ms]
2024-10-20 19:00:20.837 [info] fatal: not a git repository (or any parent up to mount point /)
Stopping at filesystem boundary (GIT_DISCOVERY_ACROSS_FILESYSTEM not set).
2024-10-20 19:00:20.842 [info] > git rev-parse --show-toplevel [1ms]
2024-10-20 19:00:20.842 [info] fatal: not a git repository (or any parent up to mount point /)
Stopping at filesystem boundary (GIT_DISCOVERY_ACROSS_FILESYSTEM not set).
2024-10-20 19:00:20.848 [info] > git rev-parse --show-toplevel [1ms]
2024-10-20 19:00:20.848 [info] fatal: not a git repository (or any parent up to mount point /)
Stopping at filesystem boundary (GIT_DISCOVERY_ACROSS_FILESYSTEM not set).
2024-10-20 19:00:20.853 [info] > git rev-parse --show-toplevel [1ms]
2024-10-20 19:00:20.853 [info] fatal: not a git repository (or any parent up to mount point /)
Stopping at filesystem boundary (GIT_DISCOVERY_ACROSS_FILESYSTEM not set).
2024-10-20 19:00:20.858 [info] > git rev-parse --show-toplevel [0ms]
2024-10-20 19:00:20.858 [info] fatal: not a git repository (or any parent up to mount point /)
Stopping at filesystem boundary (GIT_DISCOVERY_ACROSS_FILESYSTEM not set).
2024-10-20 19:00:20.864 [info] > git rev-parse --show-toplevel [1ms]
2024-10-20 19:00:20.864 [info] fatal: not a git repository (or any parent up to mount point /)
Stopping at filesystem boundary (GIT_DISCOVERY_ACROSS_FILESYSTEM not set).
2024-10-20 19:00:20.869 [info] > git rev-parse --show-toplevel [1ms]
2024-10-20 19:00:20.869 [info] fatal: not a git repository (or any parent up to mount point /)
Stopping at filesystem boundary (GIT_DISCOVERY_ACROSS_FILESYSTEM not set).
2024-10-20 19:00:20.873 [info] > git rev-parse --show-toplevel [0ms]
2024-10-20 19:00:20.873 [info] fatal: not a git repository (or any parent up to mount point /)
Stopping at filesystem boundary (GIT_DISCOVERY_ACROSS_FILESYSTEM not set).
2024-10-20 19:00:20.879 [info] > git rev-parse --show-toplevel [1ms]
2024-10-20 19:00:20.879 [info] fatal: not a git repository (or any parent up to mount point /)
Stopping at filesystem boundary (GIT_DISCOVERY_ACROSS_FILESYSTEM not set).
2024-10-20 19:00:20.884 [info] > git rev-parse --show-toplevel [0ms]
2024-10-20 19:00:20.884 [info] fatal: not a git repository (or any parent up to mount point /)
Stopping at filesystem boundary (GIT_DISCOVERY_ACROSS_FILESYSTEM not set).
2024-10-20 19:00:20.889 [info] > git rev-parse --show-toplevel [1ms]
2024-10-20 19:00:20.889 [info] fatal: not a git repository (or any parent up to mount point /)
Stopping at filesystem boundary (GIT_DISCOVERY_ACROSS_FILESYSTEM not set).
2024-10-20 19:00:20.894 [info] > git rev-parse --show-toplevel [1ms]
2024-10-20 19:00:20.894 [info] fatal: not a git repository (or any parent up to mount point /)
Stopping at filesystem boundary (GIT_DISCOVERY_ACROSS_FILESYSTEM not set).
2024-10-20 19:00:20.900 [info] > git rev-parse --show-toplevel [0ms]
2024-10-20 19:00:20.901 [info] fatal: not a git repository (or any parent up to mount point /)
Stopping at filesystem boundary (GIT_DISCOVERY_ACROSS_FILESYSTEM not set).
2024-10-20 19:00:20.905 [info] > git rev-parse --show-toplevel [1ms]
2024-10-20 19:00:20.905 [info] fatal: not a git repository (or any parent up to mount point /)
Stopping at filesystem boundary (GIT_DISCOVERY_ACROSS_FILESYSTEM not set).
2024-10-20 19:00:20.910 [info] > git rev-parse --show-toplevel [1ms]
2024-10-20 19:00:20.910 [info] fatal: not a git repository (or any parent up to mount point /)
Stopping at filesystem boundary (GIT_DISCOVERY_ACROSS_FILESYSTEM not set).
2024-10-20 19:00:20.930 [info] > git rev-parse --show-toplevel [14ms]
2024-10-20 19:00:20.930 [info] fatal: not a git repository (or any parent up to mount point /)
Stopping at filesystem boundary (GIT_DISCOVERY_ACROSS_FILESYSTEM not set).
2024-10-20 19:00:20.938 [info] > git rev-parse --show-toplevel [2ms]
2024-10-20 19:00:20.938 [info] fatal: not a git repository (or any parent up to mount point /)
Stopping at filesystem boundary (GIT_DISCOVERY_ACROSS_FILESYSTEM not set).
2024-10-20 19:00:20.944 [info] > git rev-parse --show-toplevel [1ms]
2024-10-20 19:00:20.944 [info] fatal: not a git repository (or any parent up to mount point /)
Stopping at filesystem boundary (GIT_DISCOVERY_ACROSS_FILESYSTEM not set).
2024-10-20 19:00:20.950 [info] > git rev-parse --show-toplevel [1ms]
2024-10-20 19:00:20.950 [info] fatal: not a git repository (or any parent up to mount point /)
Stopping at filesystem boundary (GIT_DISCOVERY_ACROSS_FILESYSTEM not set).
2024-10-20 19:00:20.955 [info] > git rev-parse --show-toplevel [0ms]
2024-10-20 19:00:20.955 [info] fatal: not a git repository (or any parent up to mount point /)
Stopping at filesystem boundary (GIT_DISCOVERY_ACROSS_FILESYSTEM not set).
2024-10-20 19:00:20.961 [info] > git rev-parse --show-toplevel [1ms]
2024-10-20 19:00:20.961 [info] fatal: not a git repository (or any parent up to mount point /)
Stopping at filesystem boundary (GIT_DISCOVERY_ACROSS_FILESYSTEM not set).
2024-10-20 19:00:20.967 [info] > git rev-parse --show-toplevel [1ms]
2024-10-20 19:00:20.967 [info] fatal: not a git repository (or any parent up to mount point /)
Stopping at filesystem boundary (GIT_DISCOVERY_ACROSS_FILESYSTEM not set).
2024-10-20 19:00:20.973 [info] > git rev-parse --show-toplevel [1ms]
2024-10-20 19:00:20.973 [info] fatal: not a git repository (or any parent up to mount point /)
Stopping at filesystem boundary (GIT_DISCOVERY_ACROSS_FILESYSTEM not set).
2024-10-20 19:00:20.979 [info] > git rev-parse --show-toplevel [1ms]
2024-10-20 19:00:20.979 [info] fatal: not a git repository (or any parent up to mount point /)
Stopping at filesystem boundary (GIT_DISCOVERY_ACROSS_FILESYSTEM not set).
2024-10-20 19:00:20.985 [info] > git rev-parse --show-toplevel [1ms]
2024-10-20 19:00:20.985 [info] fatal: not a git repository (or any parent up to mount point /)
Stopping at filesystem boundary (GIT_DISCOVERY_ACROSS_FILESYSTEM not set).
2024-10-20 19:00:20.990 [info] > git rev-parse --show-toplevel [1ms]
2024-10-20 19:00:20.990 [info] fatal: not a git repository (or any parent up to mount point /)
Stopping at filesystem boundary (GIT_DISCOVERY_ACROSS_FILESYSTEM not set).
2024-10-20 19:00:20.997 [info] > git rev-parse --show-toplevel [1ms]
2024-10-20 19:00:20.997 [info] fatal: not a git repository (or any parent up to mount point /)
Stopping at filesystem boundary (GIT_DISCOVERY_ACROSS_FILESYSTEM not set).
2024-10-20 19:00:21.002 [info] > git rev-parse --show-toplevel [1ms]
2024-10-20 19:00:21.002 [info] fatal: not a git repository (or any parent up to mount point /)
Stopping at filesystem boundary (GIT_DISCOVERY_ACROSS_FILESYSTEM not set).
2024-10-20 19:00:21.006 [info] > git rev-parse --show-toplevel [1ms]
2024-10-20 19:00:21.006 [info] fatal: not a git repository (or any parent up to mount point /)
Stopping at filesystem boundary (GIT_DISCOVERY_ACROSS_FILESYSTEM not set).
2024-10-20 19:00:21.012 [info] > git rev-parse --show-toplevel [1ms]
2024-10-20 19:00:21.012 [info] fatal: not a git repository (or any parent up to mount point /)
Stopping at filesystem boundary (GIT_DISCOVERY_ACROSS_FILESYSTEM not set).
2024-10-20 19:00:21.017 [info] > git rev-parse --show-toplevel [1ms]
2024-10-20 19:00:21.017 [info] fatal: not a git repository (or any parent up to mount point /)
Stopping at filesystem boundary (GIT_DISCOVERY_ACROSS_FILESYSTEM not set).
2024-10-20 19:00:21.022 [info] > git rev-parse --show-toplevel [0ms]
2024-10-20 19:00:21.022 [info] fatal: not a git repository (or any parent up to mount point /)
Stopping at filesystem boundary (GIT_DISCOVERY_ACROSS_FILESYSTEM not set).
2024-10-20 19:00:21.026 [info] > git rev-parse --show-toplevel [1ms]
2024-10-20 19:00:21.026 [info] fatal: not a git repository (or any parent up to mount point /)
Stopping at filesystem boundary (GIT_DISCOVERY_ACROSS_FILESYSTEM not set).
2024-10-20 19:00:21.032 [info] > git rev-parse --show-toplevel [1ms]
2024-10-20 19:00:21.032 [info] fatal: not a git repository (or any parent up to mount point /)
Stopping at filesystem boundary (GIT_DISCOVERY_ACROSS_FILESYSTEM not set).
2024-10-20 19:00:21.036 [info] > git rev-parse --show-toplevel [0ms]
2024-10-20 19:00:21.037 [info] fatal: not a git repository (or any parent up to mount point /)
Stopping at filesystem boundary (GIT_DISCOVERY_ACROSS_FILESYSTEM not set).
2024-10-20 19:00:21.041 [info] > git rev-parse --show-toplevel [0ms]
2024-10-20 19:00:21.042 [info] fatal: not a git repository (or any parent up to mount point /)
Stopping at filesystem boundary (GIT_DISCOVERY_ACROSS_FILESYSTEM not set).
2024-10-20 19:00:21.047 [info] > git rev-parse --show-toplevel [0ms]
2024-10-20 19:00:21.048 [info] fatal: not a git repository (or any parent up to mount point /)
Stopping at filesystem boundary (GIT_DISCOVERY_ACROSS_FILESYSTEM not set).
2024-10-20 19:00:21.053 [info] > git rev-parse --show-toplevel [0ms]
2024-10-20 19:00:21.053 [info] fatal: not a git repository (or any parent up to mount point /)
Stopping at filesystem boundary (GIT_DISCOVERY_ACROSS_FILESYSTEM not set).
2024-10-20 19:00:21.057 [info] > git rev-parse --show-toplevel [1ms]
2024-10-20 19:00:21.057 [info] fatal: not a git repository (or any parent up to mount point /)
Stopping at filesystem boundary (GIT_DISCOVERY_ACROSS_FILESYSTEM not set).
2024-10-20 19:00:21.063 [info] > git rev-parse --show-toplevel [1ms]
2024-10-20 19:00:21.063 [info] fatal: not a git repository (or any parent up to mount point /)
Stopping at filesystem boundary (GIT_DISCOVERY_ACROSS_FILESYSTEM not set).
2024-10-20 19:00:21.068 [info] > git rev-parse --show-toplevel [1ms]
2024-10-20 19:00:21.068 [info] fatal: not a git repository (or any parent up to mount point /)
Stopping at filesystem boundary (GIT_DISCOVERY_ACROSS_FILESYSTEM not set).
2024-10-20 19:00:21.072 [info] > git rev-parse --show-toplevel [0ms]
2024-10-20 19:00:21.072 [info] fatal: not a git repository (or any parent up to mount point /)
Stopping at filesystem boundary (GIT_DISCOVERY_ACROSS_FILESYSTEM not set).
2024-10-20 19:00:21.077 [info] > git rev-parse --show-toplevel [1ms]
2024-10-20 19:00:21.077 [info] fatal: not a git repository (or any parent up to mount point /)
Stopping at filesystem boundary (GIT_DISCOVERY_ACROSS_FILESYSTEM not set).
2024-10-20 19:00:21.083 [info] > git rev-parse --show-toplevel [1ms]
2024-10-20 19:00:21.083 [info] fatal: not a git repository (or any parent up to mount point /)
Stopping at filesystem boundary (GIT_DISCOVERY_ACROSS_FILESYSTEM not set).
2024-10-20 19:00:21.088 [info] > git rev-parse --show-toplevel [1ms]
2024-10-20 19:00:21.088 [info] fatal: not a git repository (or any parent up to mount point /)
Stopping at filesystem boundary (GIT_DISCOVERY_ACROSS_FILESYSTEM not set).
2024-10-20 19:00:21.093 [info] > git rev-parse --show-toplevel [1ms]
2024-10-20 19:00:21.093 [info] fatal: not a git repository (or any parent up to mount point /)
Stopping at filesystem boundary (GIT_DISCOVERY_ACROSS_FILESYSTEM not set).
2024-10-20 19:00:21.098 [info] > git rev-parse --show-toplevel [1ms]
2024-10-20 19:00:21.099 [info] fatal: not a git repository (or any parent up to mount point /)
Stopping at filesystem boundary (GIT_DISCOVERY_ACROSS_FILESYSTEM not set).
2024-10-20 19:00:21.103 [info] > git rev-parse --show-toplevel [1ms]
2024-10-20 19:00:21.103 [info] fatal: not a git repository (or any parent up to mount point /)
Stopping at filesystem boundary (GIT_DISCOVERY_ACROSS_FILESYSTEM not set).
2024-10-20 19:00:21.108 [info] > git rev-parse --show-toplevel [1ms]
2024-10-20 19:00:21.108 [info] fatal: not a git repository (or any parent up to mount point /)
Stopping at filesystem boundary (GIT_DISCOVERY_ACROSS_FILESYSTEM not set).
2024-10-20 19:00:21.114 [info] > git rev-parse --show-toplevel [1ms]
2024-10-20 19:00:21.114 [info] fatal: not a git repository (or any parent up to mount point /)
Stopping at filesystem boundary (GIT_DISCOVERY_ACROSS_FILESYSTEM not set).
2024-10-20 19:00:21.119 [info] > git rev-parse --show-toplevel [0ms]
2024-10-20 19:00:21.119 [info] fatal: not a git repository (or any parent up to mount point /)
Stopping at filesystem boundary (GIT_DISCOVERY_ACROSS_FILESYSTEM not set).
2024-10-20 19:00:21.123 [info] > git rev-parse --show-toplevel [1ms]
2024-10-20 19:00:21.123 [info] fatal: not a git repository (or any parent up to mount point /)
Stopping at filesystem boundary (GIT_DISCOVERY_ACROSS_FILESYSTEM not set).
2024-10-20 19:00:21.129 [info] > git rev-parse --show-toplevel [1ms]
2024-10-20 19:00:21.129 [info] fatal: not a git repository (or any parent up to mount point /)
Stopping at filesystem boundary (GIT_DISCOVERY_ACROSS_FILESYSTEM not set).
2024-10-20 19:00:21.134 [info] > git rev-parse --show-toplevel [1ms]
2024-10-20 19:00:21.134 [info] fatal: not a git repository (or any parent up to mount point /)
Stopping at filesystem boundary (GIT_DISCOVERY_ACROSS_FILESYSTEM not set).
2024-10-20 19:00:21.138 [info] > git rev-parse --show-toplevel [0ms]
2024-10-20 19:00:21.139 [info] fatal: not a git repository (or any parent up to mount point /)
Stopping at filesystem boundary (GIT_DISCOVERY_ACROSS_FILESYSTEM not set).
2024-10-20 19:00:21.143 [info] > git rev-parse --show-toplevel [1ms]
2024-10-20 19:00:21.143 [info] fatal: not a git repository (or any parent up to mount point /)
Stopping at filesystem boundary (GIT_DISCOVERY_ACROSS_FILESYSTEM not set).
2024-10-20 19:00:21.149 [info] > git rev-parse --show-toplevel [1ms]
2024-10-20 19:00:21.149 [info] fatal: not a git repository (or any parent up to mount point /)
Stopping at filesystem boundary (GIT_DISCOVERY_ACROSS_FILESYSTEM not set).
2024-10-20 19:00:21.154 [info] > git rev-parse --show-toplevel [1ms]
2024-10-20 19:00:21.154 [info] fatal: not a git repository (or any parent up to mount point /)
Stopping at filesystem boundary (GIT_DISCOVERY_ACROSS_FILESYSTEM not set).
2024-10-20 19:00:21.159 [info] > git rev-parse --show-toplevel [1ms]
2024-10-20 19:00:21.159 [info] fatal: not a git repository (or any parent up to mount point /)
Stopping at filesystem boundary (GIT_DISCOVERY_ACROSS_FILESYSTEM not set).
2024-10-20 19:00:21.165 [info] > git rev-parse --show-toplevel [1ms]
2024-10-20 19:00:21.165 [info] fatal: not a git repository (or any parent up to mount point /)
Stopping at filesystem boundary (GIT_DISCOVERY_ACROSS_FILESYSTEM not set).
2024-10-20 19:00:21.170 [info] > git rev-parse --show-toplevel [1ms]
2024-10-20 19:00:21.170 [info] fatal: not a git repository (or any parent up to mount point /)
Stopping at filesystem boundary (GIT_DISCOVERY_ACROSS_FILESYSTEM not set).
2024-10-20 19:00:21.174 [info] > git rev-parse --show-toplevel [0ms]
2024-10-20 19:00:21.174 [info] fatal: not a git repository (or any parent up to mount point /)
Stopping at filesystem boundary (GIT_DISCOVERY_ACROSS_FILESYSTEM not set).
2024-10-20 19:00:21.175 [info] [Model][doInitialScan] Initial repository scan completed - repositories (0), closed repositories (0), parent repositories (0), unsafe repositories (0)
2024-10-20 19:00:21.853 [info] > git rev-parse --show-toplevel [1ms]
2024-10-20 19:00:21.853 [info] fatal: not a git repository (or any parent up to mount point /)
Stopping at filesystem boundary (GIT_DISCOVERY_ACROSS_FILESYSTEM not set).
2024-10-20 19:00:21.860 [info] > git rev-parse --show-toplevel [1ms]
2024-10-20 19:00:21.860 [info] fatal: not a git repository (or any parent up to mount point /)
Stopping at filesystem boundary (GIT_DISCOVERY_ACROSS_FILESYSTEM not set).
2024-10-20 19:00:21.866 [info] > git rev-parse --show-toplevel [1ms]
2024-10-20 19:00:21.866 [info] fatal: not a git repository (or any parent up to mount point /)
Stopping at filesystem boundary (GIT_DISCOVERY_ACROSS_FILESYSTEM not set).
2024-10-20 19:00:21.872 [info] > git rev-parse --show-toplevel [1ms]
2024-10-20 19:00:21.872 [info] fatal: not a git repository (or any parent up to mount point /)
Stopping at filesystem boundary (GIT_DISCOVERY_ACROSS_FILESYSTEM not set).
2024-10-20 19:00:22.157 [info] > git rev-parse --show-toplevel [2ms]
2024-10-20 19:00:22.157 [info] fatal: not a git repository (or any parent up to mount point /)
Stopping at filesystem boundary (GIT_DISCOVERY_ACROSS_FILESYSTEM not set).
