2024-10-20 19:00:59.795 [info] [main] Log level: Info
2024-10-20 19:00:59.795 [info] [main] Validating found git in: "git"
2024-10-20 19:00:59.795 [info] [main] Using git "2.47.0" from "git"
2024-10-20 19:00:59.796 [info] [Model][doInitialScan] Initial repository scan started
2024-10-20 19:00:59.796 [info] > git rev-parse --show-toplevel [15ms]
2024-10-20 19:00:59.796 [info] fatal: not a git repository (or any parent up to mount point /)
Stopping at filesystem boundary (GIT_DISCOVERY_ACROSS_FILESYSTEM not set).
2024-10-20 19:00:59.796 [info] > git rev-parse --show-toplevel [220ms]
2024-10-20 19:00:59.796 [info] fatal: not a git repository (or any parent up to mount point /)
Stopping at filesystem boundary (GIT_DISCOVERY_ACROSS_FILESYSTEM not set).
2024-10-20 19:00:59.796 [info] > git rev-parse --show-toplevel [5ms]
2024-10-20 19:00:59.796 [info] fatal: not a git repository (or any parent up to mount point /)
Stopping at filesystem boundary (GIT_DISCOVERY_ACROSS_FILESYSTEM not set).
2024-10-20 19:00:59.803 [info] > git rev-parse --show-toplevel [2ms]
2024-10-20 19:00:59.803 [info] fatal: not a git repository (or any parent up to mount point /)
Stopping at filesystem boundary (GIT_DISCOVERY_ACROSS_FILESYSTEM not set).
2024-10-20 19:00:59.810 [info] > git rev-parse --show-toplevel [2ms]
2024-10-20 19:00:59.810 [info] fatal: not a git repository (or any parent up to mount point /)
Stopping at filesystem boundary (GIT_DISCOVERY_ACROSS_FILESYSTEM not set).
2024-10-20 19:00:59.934 [info] > git rev-parse --show-toplevel [119ms]
2024-10-20 19:00:59.934 [info] fatal: not a git repository (or any parent up to mount point /)
Stopping at filesystem boundary (GIT_DISCOVERY_ACROSS_FILESYSTEM not set).
2024-10-20 19:00:59.951 [info] > git rev-parse --show-toplevel [2ms]
2024-10-20 19:00:59.951 [info] fatal: not a git repository (or any parent up to mount point /)
Stopping at filesystem boundary (GIT_DISCOVERY_ACROSS_FILESYSTEM not set).
2024-10-20 19:00:59.988 [info] > git rev-parse --show-toplevel [30ms]
2024-10-20 19:00:59.988 [info] fatal: not a git repository (or any parent up to mount point /)
Stopping at filesystem boundary (GIT_DISCOVERY_ACROSS_FILESYSTEM not set).
2024-10-20 19:00:59.994 [info] > git rev-parse --show-toplevel [1ms]
2024-10-20 19:00:59.994 [info] fatal: not a git repository (or any parent up to mount point /)
Stopping at filesystem boundary (GIT_DISCOVERY_ACROSS_FILESYSTEM not set).
2024-10-20 19:01:00.003 [info] > git rev-parse --show-toplevel [2ms]
2024-10-20 19:01:00.003 [info] fatal: not a git repository (or any parent up to mount point /)
Stopping at filesystem boundary (GIT_DISCOVERY_ACROSS_FILESYSTEM not set).
2024-10-20 19:01:00.010 [info] > git rev-parse --show-toplevel [1ms]
2024-10-20 19:01:00.010 [info] fatal: not a git repository (or any parent up to mount point /)
Stopping at filesystem boundary (GIT_DISCOVERY_ACROSS_FILESYSTEM not set).
2024-10-20 19:01:00.015 [info] > git rev-parse --show-toplevel [1ms]
2024-10-20 19:01:00.015 [info] fatal: not a git repository (or any parent up to mount point /)
Stopping at filesystem boundary (GIT_DISCOVERY_ACROSS_FILESYSTEM not set).
2024-10-20 19:01:00.020 [info] > git rev-parse --show-toplevel [1ms]
2024-10-20 19:01:00.020 [info] fatal: not a git repository (or any parent up to mount point /)
Stopping at filesystem boundary (GIT_DISCOVERY_ACROSS_FILESYSTEM not set).
2024-10-20 19:01:00.025 [info] > git rev-parse --show-toplevel [1ms]
2024-10-20 19:01:00.025 [info] fatal: not a git repository (or any parent up to mount point /)
Stopping at filesystem boundary (GIT_DISCOVERY_ACROSS_FILESYSTEM not set).
2024-10-20 19:01:00.030 [info] > git rev-parse --show-toplevel [1ms]
2024-10-20 19:01:00.030 [info] fatal: not a git repository (or any parent up to mount point /)
Stopping at filesystem boundary (GIT_DISCOVERY_ACROSS_FILESYSTEM not set).
2024-10-20 19:01:00.036 [info] > git rev-parse --show-toplevel [0ms]
2024-10-20 19:01:00.036 [info] fatal: not a git repository (or any parent up to mount point /)
Stopping at filesystem boundary (GIT_DISCOVERY_ACROSS_FILESYSTEM not set).
2024-10-20 19:01:00.041 [info] > git rev-parse --show-toplevel [1ms]
2024-10-20 19:01:00.041 [info] fatal: not a git repository (or any parent up to mount point /)
Stopping at filesystem boundary (GIT_DISCOVERY_ACROSS_FILESYSTEM not set).
2024-10-20 19:01:00.046 [info] > git rev-parse --show-toplevel [1ms]
2024-10-20 19:01:00.046 [info] fatal: not a git repository (or any parent up to mount point /)
Stopping at filesystem boundary (GIT_DISCOVERY_ACROSS_FILESYSTEM not set).
2024-10-20 19:01:00.052 [info] > git rev-parse --show-toplevel [1ms]
2024-10-20 19:01:00.052 [info] fatal: not a git repository (or any parent up to mount point /)
Stopping at filesystem boundary (GIT_DISCOVERY_ACROSS_FILESYSTEM not set).
2024-10-20 19:01:00.058 [info] > git rev-parse --show-toplevel [1ms]
2024-10-20 19:01:00.058 [info] fatal: not a git repository (or any parent up to mount point /)
Stopping at filesystem boundary (GIT_DISCOVERY_ACROSS_FILESYSTEM not set).
2024-10-20 19:01:00.063 [info] > git rev-parse --show-toplevel [1ms]
2024-10-20 19:01:00.063 [info] fatal: not a git repository (or any parent up to mount point /)
Stopping at filesystem boundary (GIT_DISCOVERY_ACROSS_FILESYSTEM not set).
2024-10-20 19:01:00.069 [info] > git rev-parse --show-toplevel [1ms]
2024-10-20 19:01:00.069 [info] fatal: not a git repository (or any parent up to mount point /)
Stopping at filesystem boundary (GIT_DISCOVERY_ACROSS_FILESYSTEM not set).
2024-10-20 19:01:00.074 [info] > git rev-parse --show-toplevel [1ms]
2024-10-20 19:01:00.074 [info] fatal: not a git repository (or any parent up to mount point /)
Stopping at filesystem boundary (GIT_DISCOVERY_ACROSS_FILESYSTEM not set).
2024-10-20 19:01:00.079 [info] > git rev-parse --show-toplevel [1ms]
2024-10-20 19:01:00.079 [info] fatal: not a git repository (or any parent up to mount point /)
Stopping at filesystem boundary (GIT_DISCOVERY_ACROSS_FILESYSTEM not set).
2024-10-20 19:01:00.086 [info] > git rev-parse --show-toplevel [1ms]
2024-10-20 19:01:00.086 [info] fatal: not a git repository (or any parent up to mount point /)
Stopping at filesystem boundary (GIT_DISCOVERY_ACROSS_FILESYSTEM not set).
2024-10-20 19:01:00.092 [info] > git rev-parse --show-toplevel [1ms]
2024-10-20 19:01:00.092 [info] fatal: not a git repository (or any parent up to mount point /)
Stopping at filesystem boundary (GIT_DISCOVERY_ACROSS_FILESYSTEM not set).
2024-10-20 19:01:00.098 [info] > git rev-parse --show-toplevel [0ms]
2024-10-20 19:01:00.098 [info] fatal: not a git repository (or any parent up to mount point /)
Stopping at filesystem boundary (GIT_DISCOVERY_ACROSS_FILESYSTEM not set).
2024-10-20 19:01:00.103 [info] > git rev-parse --show-toplevel [1ms]
2024-10-20 19:01:00.103 [info] fatal: not a git repository (or any parent up to mount point /)
Stopping at filesystem boundary (GIT_DISCOVERY_ACROSS_FILESYSTEM not set).
2024-10-20 19:01:00.109 [info] > git rev-parse --show-toplevel [1ms]
2024-10-20 19:01:00.109 [info] fatal: not a git repository (or any parent up to mount point /)
Stopping at filesystem boundary (GIT_DISCOVERY_ACROSS_FILESYSTEM not set).
2024-10-20 19:01:00.114 [info] > git rev-parse --show-toplevel [0ms]
2024-10-20 19:01:00.114 [info] fatal: not a git repository (or any parent up to mount point /)
Stopping at filesystem boundary (GIT_DISCOVERY_ACROSS_FILESYSTEM not set).
2024-10-20 19:01:00.119 [info] > git rev-parse --show-toplevel [1ms]
2024-10-20 19:01:00.119 [info] fatal: not a git repository (or any parent up to mount point /)
Stopping at filesystem boundary (GIT_DISCOVERY_ACROSS_FILESYSTEM not set).
2024-10-20 19:01:00.126 [info] > git rev-parse --show-toplevel [1ms]
2024-10-20 19:01:00.126 [info] fatal: not a git repository (or any parent up to mount point /)
Stopping at filesystem boundary (GIT_DISCOVERY_ACROSS_FILESYSTEM not set).
2024-10-20 19:01:00.132 [info] > git rev-parse --show-toplevel [1ms]
2024-10-20 19:01:00.132 [info] fatal: not a git repository (or any parent up to mount point /)
Stopping at filesystem boundary (GIT_DISCOVERY_ACROSS_FILESYSTEM not set).
2024-10-20 19:01:00.139 [info] > git rev-parse --show-toplevel [1ms]
2024-10-20 19:01:00.139 [info] fatal: not a git repository (or any parent up to mount point /)
Stopping at filesystem boundary (GIT_DISCOVERY_ACROSS_FILESYSTEM not set).
2024-10-20 19:01:00.145 [info] > git rev-parse --show-toplevel [1ms]
2024-10-20 19:01:00.145 [info] fatal: not a git repository (or any parent up to mount point /)
Stopping at filesystem boundary (GIT_DISCOVERY_ACROSS_FILESYSTEM not set).
2024-10-20 19:01:00.151 [info] > git rev-parse --show-toplevel [1ms]
2024-10-20 19:01:00.151 [info] fatal: not a git repository (or any parent up to mount point /)
Stopping at filesystem boundary (GIT_DISCOVERY_ACROSS_FILESYSTEM not set).
2024-10-20 19:01:00.157 [info] > git rev-parse --show-toplevel [1ms]
2024-10-20 19:01:00.157 [info] fatal: not a git repository (or any parent up to mount point /)
Stopping at filesystem boundary (GIT_DISCOVERY_ACROSS_FILESYSTEM not set).
2024-10-20 19:01:00.163 [info] > git rev-parse --show-toplevel [1ms]
2024-10-20 19:01:00.163 [info] fatal: not a git repository (or any parent up to mount point /)
Stopping at filesystem boundary (GIT_DISCOVERY_ACROSS_FILESYSTEM not set).
2024-10-20 19:01:00.169 [info] > git rev-parse --show-toplevel [1ms]
2024-10-20 19:01:00.169 [info] fatal: not a git repository (or any parent up to mount point /)
Stopping at filesystem boundary (GIT_DISCOVERY_ACROSS_FILESYSTEM not set).
2024-10-20 19:01:00.174 [info] > git rev-parse --show-toplevel [1ms]
2024-10-20 19:01:00.174 [info] fatal: not a git repository (or any parent up to mount point /)
Stopping at filesystem boundary (GIT_DISCOVERY_ACROSS_FILESYSTEM not set).
2024-10-20 19:01:00.179 [info] > git rev-parse --show-toplevel [1ms]
2024-10-20 19:01:00.179 [info] fatal: not a git repository (or any parent up to mount point /)
Stopping at filesystem boundary (GIT_DISCOVERY_ACROSS_FILESYSTEM not set).
2024-10-20 19:01:00.197 [info] > git rev-parse --show-toplevel [12ms]
2024-10-20 19:01:00.197 [info] fatal: not a git repository (or any parent up to mount point /)
Stopping at filesystem boundary (GIT_DISCOVERY_ACROSS_FILESYSTEM not set).
2024-10-20 19:01:00.204 [info] > git rev-parse --show-toplevel [2ms]
2024-10-20 19:01:00.204 [info] fatal: not a git repository (or any parent up to mount point /)
Stopping at filesystem boundary (GIT_DISCOVERY_ACROSS_FILESYSTEM not set).
2024-10-20 19:01:00.208 [info] > git rev-parse --show-toplevel [1ms]
2024-10-20 19:01:00.208 [info] fatal: not a git repository (or any parent up to mount point /)
Stopping at filesystem boundary (GIT_DISCOVERY_ACROSS_FILESYSTEM not set).
2024-10-20 19:01:00.213 [info] > git rev-parse --show-toplevel [1ms]
2024-10-20 19:01:00.214 [info] fatal: not a git repository (or any parent up to mount point /)
Stopping at filesystem boundary (GIT_DISCOVERY_ACROSS_FILESYSTEM not set).
2024-10-20 19:01:00.219 [info] > git rev-parse --show-toplevel [1ms]
2024-10-20 19:01:00.219 [info] fatal: not a git repository (or any parent up to mount point /)
Stopping at filesystem boundary (GIT_DISCOVERY_ACROSS_FILESYSTEM not set).
2024-10-20 19:01:00.224 [info] > git rev-parse --show-toplevel [1ms]
2024-10-20 19:01:00.224 [info] fatal: not a git repository (or any parent up to mount point /)
Stopping at filesystem boundary (GIT_DISCOVERY_ACROSS_FILESYSTEM not set).
2024-10-20 19:01:00.229 [info] > git rev-parse --show-toplevel [0ms]
2024-10-20 19:01:00.229 [info] fatal: not a git repository (or any parent up to mount point /)
Stopping at filesystem boundary (GIT_DISCOVERY_ACROSS_FILESYSTEM not set).
2024-10-20 19:01:00.234 [info] > git rev-parse --show-toplevel [1ms]
2024-10-20 19:01:00.234 [info] fatal: not a git repository (or any parent up to mount point /)
Stopping at filesystem boundary (GIT_DISCOVERY_ACROSS_FILESYSTEM not set).
2024-10-20 19:01:00.239 [info] > git rev-parse --show-toplevel [1ms]
2024-10-20 19:01:00.239 [info] fatal: not a git repository (or any parent up to mount point /)
Stopping at filesystem boundary (GIT_DISCOVERY_ACROSS_FILESYSTEM not set).
2024-10-20 19:01:00.244 [info] > git rev-parse --show-toplevel [1ms]
2024-10-20 19:01:00.244 [info] fatal: not a git repository (or any parent up to mount point /)
Stopping at filesystem boundary (GIT_DISCOVERY_ACROSS_FILESYSTEM not set).
2024-10-20 19:01:00.249 [info] > git rev-parse --show-toplevel [1ms]
2024-10-20 19:01:00.249 [info] fatal: not a git repository (or any parent up to mount point /)
Stopping at filesystem boundary (GIT_DISCOVERY_ACROSS_FILESYSTEM not set).
2024-10-20 19:01:00.254 [info] > git rev-parse --show-toplevel [0ms]
2024-10-20 19:01:00.254 [info] fatal: not a git repository (or any parent up to mount point /)
Stopping at filesystem boundary (GIT_DISCOVERY_ACROSS_FILESYSTEM not set).
2024-10-20 19:01:00.259 [info] > git rev-parse --show-toplevel [1ms]
2024-10-20 19:01:00.259 [info] fatal: not a git repository (or any parent up to mount point /)
Stopping at filesystem boundary (GIT_DISCOVERY_ACROSS_FILESYSTEM not set).
2024-10-20 19:01:00.263 [info] > git rev-parse --show-toplevel [1ms]
2024-10-20 19:01:00.263 [info] fatal: not a git repository (or any parent up to mount point /)
Stopping at filesystem boundary (GIT_DISCOVERY_ACROSS_FILESYSTEM not set).
2024-10-20 19:01:00.269 [info] > git rev-parse --show-toplevel [1ms]
2024-10-20 19:01:00.269 [info] fatal: not a git repository (or any parent up to mount point /)
Stopping at filesystem boundary (GIT_DISCOVERY_ACROSS_FILESYSTEM not set).
2024-10-20 19:01:00.274 [info] > git rev-parse --show-toplevel [0ms]
2024-10-20 19:01:00.274 [info] fatal: not a git repository (or any parent up to mount point /)
Stopping at filesystem boundary (GIT_DISCOVERY_ACROSS_FILESYSTEM not set).
2024-10-20 19:01:00.278 [info] > git rev-parse --show-toplevel [1ms]
2024-10-20 19:01:00.278 [info] fatal: not a git repository (or any parent up to mount point /)
Stopping at filesystem boundary (GIT_DISCOVERY_ACROSS_FILESYSTEM not set).
2024-10-20 19:01:00.284 [info] > git rev-parse --show-toplevel [1ms]
2024-10-20 19:01:00.284 [info] fatal: not a git repository (or any parent up to mount point /)
Stopping at filesystem boundary (GIT_DISCOVERY_ACROSS_FILESYSTEM not set).
2024-10-20 19:01:00.289 [info] > git rev-parse --show-toplevel [1ms]
2024-10-20 19:01:00.289 [info] fatal: not a git repository (or any parent up to mount point /)
Stopping at filesystem boundary (GIT_DISCOVERY_ACROSS_FILESYSTEM not set).
2024-10-20 19:01:00.293 [info] > git rev-parse --show-toplevel [1ms]
2024-10-20 19:01:00.293 [info] fatal: not a git repository (or any parent up to mount point /)
Stopping at filesystem boundary (GIT_DISCOVERY_ACROSS_FILESYSTEM not set).
2024-10-20 19:01:00.299 [info] > git rev-parse --show-toplevel [0ms]
2024-10-20 19:01:00.299 [info] fatal: not a git repository (or any parent up to mount point /)
Stopping at filesystem boundary (GIT_DISCOVERY_ACROSS_FILESYSTEM not set).
2024-10-20 19:01:00.304 [info] > git rev-parse --show-toplevel [1ms]
2024-10-20 19:01:00.304 [info] fatal: not a git repository (or any parent up to mount point /)
Stopping at filesystem boundary (GIT_DISCOVERY_ACROSS_FILESYSTEM not set).
2024-10-20 19:01:00.308 [info] > git rev-parse --show-toplevel [1ms]
2024-10-20 19:01:00.308 [info] fatal: not a git repository (or any parent up to mount point /)
Stopping at filesystem boundary (GIT_DISCOVERY_ACROSS_FILESYSTEM not set).
2024-10-20 19:01:00.313 [info] > git rev-parse --show-toplevel [1ms]
2024-10-20 19:01:00.314 [info] fatal: not a git repository (or any parent up to mount point /)
Stopping at filesystem boundary (GIT_DISCOVERY_ACROSS_FILESYSTEM not set).
2024-10-20 19:01:00.319 [info] > git rev-parse --show-toplevel [1ms]
2024-10-20 19:01:00.319 [info] fatal: not a git repository (or any parent up to mount point /)
Stopping at filesystem boundary (GIT_DISCOVERY_ACROSS_FILESYSTEM not set).
2024-10-20 19:01:00.324 [info] > git rev-parse --show-toplevel [1ms]
2024-10-20 19:01:00.324 [info] fatal: not a git repository (or any parent up to mount point /)
Stopping at filesystem boundary (GIT_DISCOVERY_ACROSS_FILESYSTEM not set).
2024-10-20 19:01:00.328 [info] > git rev-parse --show-toplevel [1ms]
2024-10-20 19:01:00.328 [info] fatal: not a git repository (or any parent up to mount point /)
Stopping at filesystem boundary (GIT_DISCOVERY_ACROSS_FILESYSTEM not set).
2024-10-20 19:01:00.334 [info] > git rev-parse --show-toplevel [1ms]
2024-10-20 19:01:00.334 [info] fatal: not a git repository (or any parent up to mount point /)
Stopping at filesystem boundary (GIT_DISCOVERY_ACROSS_FILESYSTEM not set).
2024-10-20 19:01:00.339 [info] > git rev-parse --show-toplevel [1ms]
2024-10-20 19:01:00.339 [info] fatal: not a git repository (or any parent up to mount point /)
Stopping at filesystem boundary (GIT_DISCOVERY_ACROSS_FILESYSTEM not set).
2024-10-20 19:01:00.343 [info] > git rev-parse --show-toplevel [0ms]
2024-10-20 19:01:00.343 [info] fatal: not a git repository (or any parent up to mount point /)
Stopping at filesystem boundary (GIT_DISCOVERY_ACROSS_FILESYSTEM not set).
2024-10-20 19:01:00.349 [info] > git rev-parse --show-toplevel [1ms]
2024-10-20 19:01:00.349 [info] fatal: not a git repository (or any parent up to mount point /)
Stopping at filesystem boundary (GIT_DISCOVERY_ACROSS_FILESYSTEM not set).
2024-10-20 19:01:00.354 [info] > git rev-parse --show-toplevel [1ms]
2024-10-20 19:01:00.354 [info] fatal: not a git repository (or any parent up to mount point /)
Stopping at filesystem boundary (GIT_DISCOVERY_ACROSS_FILESYSTEM not set).
2024-10-20 19:01:00.358 [info] > git rev-parse --show-toplevel [0ms]
2024-10-20 19:01:00.359 [info] fatal: not a git repository (or any parent up to mount point /)
Stopping at filesystem boundary (GIT_DISCOVERY_ACROSS_FILESYSTEM not set).
2024-10-20 19:01:00.363 [info] > git rev-parse --show-toplevel [1ms]
2024-10-20 19:01:00.363 [info] fatal: not a git repository (or any parent up to mount point /)
Stopping at filesystem boundary (GIT_DISCOVERY_ACROSS_FILESYSTEM not set).
2024-10-20 19:01:00.368 [info] > git rev-parse --show-toplevel [1ms]
2024-10-20 19:01:00.368 [info] fatal: not a git repository (or any parent up to mount point /)
Stopping at filesystem boundary (GIT_DISCOVERY_ACROSS_FILESYSTEM not set).
2024-10-20 19:01:00.372 [info] > git rev-parse --show-toplevel [1ms]
2024-10-20 19:01:00.372 [info] fatal: not a git repository (or any parent up to mount point /)
Stopping at filesystem boundary (GIT_DISCOVERY_ACROSS_FILESYSTEM not set).
2024-10-20 19:01:00.376 [info] > git rev-parse --show-toplevel [1ms]
2024-10-20 19:01:00.376 [info] fatal: not a git repository (or any parent up to mount point /)
Stopping at filesystem boundary (GIT_DISCOVERY_ACROSS_FILESYSTEM not set).
2024-10-20 19:01:00.381 [info] > git rev-parse --show-toplevel [1ms]
2024-10-20 19:01:00.381 [info] fatal: not a git repository (or any parent up to mount point /)
Stopping at filesystem boundary (GIT_DISCOVERY_ACROSS_FILESYSTEM not set).
2024-10-20 19:01:00.385 [info] > git rev-parse --show-toplevel [1ms]
2024-10-20 19:01:00.385 [info] fatal: not a git repository (or any parent up to mount point /)
Stopping at filesystem boundary (GIT_DISCOVERY_ACROSS_FILESYSTEM not set).
2024-10-20 19:01:00.390 [info] > git rev-parse --show-toplevel [1ms]
2024-10-20 19:01:00.390 [info] fatal: not a git repository (or any parent up to mount point /)
Stopping at filesystem boundary (GIT_DISCOVERY_ACROSS_FILESYSTEM not set).
2024-10-20 19:01:00.394 [info] > git rev-parse --show-toplevel [1ms]
2024-10-20 19:01:00.394 [info] fatal: not a git repository (or any parent up to mount point /)
Stopping at filesystem boundary (GIT_DISCOVERY_ACROSS_FILESYSTEM not set).
2024-10-20 19:01:00.399 [info] > git rev-parse --show-toplevel [1ms]
2024-10-20 19:01:00.399 [info] fatal: not a git repository (or any parent up to mount point /)
Stopping at filesystem boundary (GIT_DISCOVERY_ACROSS_FILESYSTEM not set).
2024-10-20 19:01:00.404 [info] > git rev-parse --show-toplevel [1ms]
2024-10-20 19:01:00.404 [info] fatal: not a git repository (or any parent up to mount point /)
Stopping at filesystem boundary (GIT_DISCOVERY_ACROSS_FILESYSTEM not set).
2024-10-20 19:01:00.408 [info] > git rev-parse --show-toplevel [1ms]
2024-10-20 19:01:00.408 [info] fatal: not a git repository (or any parent up to mount point /)
Stopping at filesystem boundary (GIT_DISCOVERY_ACROSS_FILESYSTEM not set).
2024-10-20 19:01:00.412 [info] > git rev-parse --show-toplevel [1ms]
2024-10-20 19:01:00.412 [info] fatal: not a git repository (or any parent up to mount point /)
Stopping at filesystem boundary (GIT_DISCOVERY_ACROSS_FILESYSTEM not set).
2024-10-20 19:01:00.417 [info] > git rev-parse --show-toplevel [1ms]
2024-10-20 19:01:00.417 [info] fatal: not a git repository (or any parent up to mount point /)
Stopping at filesystem boundary (GIT_DISCOVERY_ACROSS_FILESYSTEM not set).
2024-10-20 19:01:00.421 [info] > git rev-parse --show-toplevel [1ms]
2024-10-20 19:01:00.421 [info] fatal: not a git repository (or any parent up to mount point /)
Stopping at filesystem boundary (GIT_DISCOVERY_ACROSS_FILESYSTEM not set).
2024-10-20 19:01:00.425 [info] > git rev-parse --show-toplevel [1ms]
2024-10-20 19:01:00.426 [info] fatal: not a git repository (or any parent up to mount point /)
Stopping at filesystem boundary (GIT_DISCOVERY_ACROSS_FILESYSTEM not set).
2024-10-20 19:01:00.430 [info] > git rev-parse --show-toplevel [1ms]
2024-10-20 19:01:00.430 [info] fatal: not a git repository (or any parent up to mount point /)
Stopping at filesystem boundary (GIT_DISCOVERY_ACROSS_FILESYSTEM not set).
2024-10-20 19:01:00.434 [info] > git rev-parse --show-toplevel [0ms]
2024-10-20 19:01:00.434 [info] fatal: not a git repository (or any parent up to mount point /)
Stopping at filesystem boundary (GIT_DISCOVERY_ACROSS_FILESYSTEM not set).
2024-10-20 19:01:00.439 [info] > git rev-parse --show-toplevel [1ms]
2024-10-20 19:01:00.439 [info] fatal: not a git repository (or any parent up to mount point /)
Stopping at filesystem boundary (GIT_DISCOVERY_ACROSS_FILESYSTEM not set).
2024-10-20 19:01:00.443 [info] > git rev-parse --show-toplevel [1ms]
2024-10-20 19:01:00.443 [info] fatal: not a git repository (or any parent up to mount point /)
Stopping at filesystem boundary (GIT_DISCOVERY_ACROSS_FILESYSTEM not set).
2024-10-20 19:01:00.448 [info] > git rev-parse --show-toplevel [1ms]
2024-10-20 19:01:00.448 [info] fatal: not a git repository (or any parent up to mount point /)
Stopping at filesystem boundary (GIT_DISCOVERY_ACROSS_FILESYSTEM not set).
2024-10-20 19:01:00.452 [info] > git rev-parse --show-toplevel [0ms]
2024-10-20 19:01:00.452 [info] fatal: not a git repository (or any parent up to mount point /)
Stopping at filesystem boundary (GIT_DISCOVERY_ACROSS_FILESYSTEM not set).
2024-10-20 19:01:00.457 [info] > git rev-parse --show-toplevel [1ms]
2024-10-20 19:01:00.457 [info] fatal: not a git repository (or any parent up to mount point /)
Stopping at filesystem boundary (GIT_DISCOVERY_ACROSS_FILESYSTEM not set).
2024-10-20 19:01:00.462 [info] > git rev-parse --show-toplevel [0ms]
2024-10-20 19:01:00.462 [info] fatal: not a git repository (or any parent up to mount point /)
Stopping at filesystem boundary (GIT_DISCOVERY_ACROSS_FILESYSTEM not set).
2024-10-20 19:01:00.466 [info] > git rev-parse --show-toplevel [1ms]
2024-10-20 19:01:00.466 [info] fatal: not a git repository (or any parent up to mount point /)
Stopping at filesystem boundary (GIT_DISCOVERY_ACROSS_FILESYSTEM not set).
2024-10-20 19:01:00.470 [info] > git rev-parse --show-toplevel [0ms]
2024-10-20 19:01:00.470 [info] fatal: not a git repository (or any parent up to mount point /)
Stopping at filesystem boundary (GIT_DISCOVERY_ACROSS_FILESYSTEM not set).
2024-10-20 19:01:00.475 [info] > git rev-parse --show-toplevel [0ms]
2024-10-20 19:01:00.475 [info] fatal: not a git repository (or any parent up to mount point /)
Stopping at filesystem boundary (GIT_DISCOVERY_ACROSS_FILESYSTEM not set).
2024-10-20 19:01:00.475 [info] [Model][doInitialScan] Initial repository scan completed - repositories (0), closed repositories (0), parent repositories (0), unsafe repositories (0)
2024-10-20 19:01:00.856 [info] > git rev-parse --show-toplevel [1ms]
2024-10-20 19:01:00.856 [info] fatal: not a git repository (or any parent up to mount point /)
Stopping at filesystem boundary (GIT_DISCOVERY_ACROSS_FILESYSTEM not set).
2024-10-20 19:01:00.862 [info] > git rev-parse --show-toplevel [2ms]
2024-10-20 19:01:00.862 [info] fatal: not a git repository (or any parent up to mount point /)
Stopping at filesystem boundary (GIT_DISCOVERY_ACROSS_FILESYSTEM not set).
2024-10-20 19:01:00.868 [info] > git rev-parse --show-toplevel [1ms]
2024-10-20 19:01:00.868 [info] fatal: not a git repository (or any parent up to mount point /)
Stopping at filesystem boundary (GIT_DISCOVERY_ACROSS_FILESYSTEM not set).
2024-10-20 19:01:00.874 [info] > git rev-parse --show-toplevel [1ms]
2024-10-20 19:01:00.874 [info] fatal: not a git repository (or any parent up to mount point /)
Stopping at filesystem boundary (GIT_DISCOVERY_ACROSS_FILESYSTEM not set).
2024-10-20 19:01:21.606 [info] > git rev-parse --show-toplevel [1ms]
2024-10-20 19:01:21.606 [info] fatal: not a git repository (or any parent up to mount point /)
Stopping at filesystem boundary (GIT_DISCOVERY_ACROSS_FILESYSTEM not set).
