2024-10-23 21:23:02.354 [info] [main] Log level: Info
2024-10-23 21:23:02.354 [info] [main] Validating found git in: "git"
2024-10-23 21:23:02.354 [info] [main] Using git "2.47.0" from "git"
2024-10-23 21:23:02.354 [info] [Model][doInitialScan] Initial repository scan started
2024-10-23 21:23:02.354 [info] > git rev-parse --show-toplevel [9ms]
2024-10-23 21:23:02.354 [info] fatal: not a git repository (or any parent up to mount point /)
Stopping at filesystem boundary (GIT_DISCOVERY_ACROSS_FILESYSTEM not set).
2024-10-23 21:23:02.354 [info] > git rev-parse --show-toplevel [201ms]
2024-10-23 21:23:02.354 [info] fatal: not a git repository (or any parent up to mount point /)
Stopping at filesystem boundary (GIT_DISCOVERY_ACROSS_FILESYSTEM not set).
2024-10-23 21:23:02.355 [info] > git rev-parse --show-toplevel [4ms]
2024-10-23 21:23:02.355 [info] fatal: not a git repository (or any parent up to mount point /)
Stopping at filesystem boundary (GIT_DISCOVERY_ACROSS_FILESYSTEM not set).
2024-10-23 21:23:02.361 [info] > git rev-parse --show-toplevel [2ms]
2024-10-23 21:23:02.361 [info] fatal: not a git repository (or any parent up to mount point /)
Stopping at filesystem boundary (GIT_DISCOVERY_ACROSS_FILESYSTEM not set).
2024-10-23 21:23:02.367 [info] > git rev-parse --show-toplevel [2ms]
2024-10-23 21:23:02.367 [info] fatal: not a git repository (or any parent up to mount point /)
Stopping at filesystem boundary (GIT_DISCOVERY_ACROSS_FILESYSTEM not set).
2024-10-23 21:23:02.489 [info] > git rev-parse --show-toplevel [117ms]
2024-10-23 21:23:02.489 [info] fatal: not a git repository (or any parent up to mount point /)
Stopping at filesystem boundary (GIT_DISCOVERY_ACROSS_FILESYSTEM not set).
2024-10-23 21:23:02.503 [info] > git rev-parse --show-toplevel [2ms]
2024-10-23 21:23:02.503 [info] fatal: not a git repository (or any parent up to mount point /)
Stopping at filesystem boundary (GIT_DISCOVERY_ACROSS_FILESYSTEM not set).
2024-10-23 21:23:02.523 [info] > git rev-parse --show-toplevel [15ms]
2024-10-23 21:23:02.523 [info] fatal: not a git repository (or any parent up to mount point /)
Stopping at filesystem boundary (GIT_DISCOVERY_ACROSS_FILESYSTEM not set).
2024-10-23 21:23:02.542 [info] > git rev-parse --show-toplevel [1ms]
2024-10-23 21:23:02.542 [info] fatal: not a git repository (or any parent up to mount point /)
Stopping at filesystem boundary (GIT_DISCOVERY_ACROSS_FILESYSTEM not set).
2024-10-23 21:23:02.552 [info] > git rev-parse --show-toplevel [6ms]
2024-10-23 21:23:02.552 [info] fatal: not a git repository (or any parent up to mount point /)
Stopping at filesystem boundary (GIT_DISCOVERY_ACROSS_FILESYSTEM not set).
2024-10-23 21:23:02.558 [info] > git rev-parse --show-toplevel [1ms]
2024-10-23 21:23:02.558 [info] fatal: not a git repository (or any parent up to mount point /)
Stopping at filesystem boundary (GIT_DISCOVERY_ACROSS_FILESYSTEM not set).
2024-10-23 21:23:02.563 [info] > git rev-parse --show-toplevel [1ms]
2024-10-23 21:23:02.563 [info] fatal: not a git repository (or any parent up to mount point /)
Stopping at filesystem boundary (GIT_DISCOVERY_ACROSS_FILESYSTEM not set).
2024-10-23 21:23:02.569 [info] > git rev-parse --show-toplevel [1ms]
2024-10-23 21:23:02.569 [info] fatal: not a git repository (or any parent up to mount point /)
Stopping at filesystem boundary (GIT_DISCOVERY_ACROSS_FILESYSTEM not set).
2024-10-23 21:23:02.573 [info] > git rev-parse --show-toplevel [1ms]
2024-10-23 21:23:02.573 [info] fatal: not a git repository (or any parent up to mount point /)
Stopping at filesystem boundary (GIT_DISCOVERY_ACROSS_FILESYSTEM not set).
2024-10-23 21:23:02.578 [info] > git rev-parse --show-toplevel [1ms]
2024-10-23 21:23:02.578 [info] fatal: not a git repository (or any parent up to mount point /)
Stopping at filesystem boundary (GIT_DISCOVERY_ACROSS_FILESYSTEM not set).
2024-10-23 21:23:02.583 [info] > git rev-parse --show-toplevel [1ms]
2024-10-23 21:23:02.583 [info] fatal: not a git repository (or any parent up to mount point /)
Stopping at filesystem boundary (GIT_DISCOVERY_ACROSS_FILESYSTEM not set).
2024-10-23 21:23:02.588 [info] > git rev-parse --show-toplevel [1ms]
2024-10-23 21:23:02.588 [info] fatal: not a git repository (or any parent up to mount point /)
Stopping at filesystem boundary (GIT_DISCOVERY_ACROSS_FILESYSTEM not set).
2024-10-23 21:23:02.592 [info] > git rev-parse --show-toplevel [1ms]
2024-10-23 21:23:02.592 [info] fatal: not a git repository (or any parent up to mount point /)
Stopping at filesystem boundary (GIT_DISCOVERY_ACROSS_FILESYSTEM not set).
2024-10-23 21:23:02.597 [info] > git rev-parse --show-toplevel [1ms]
2024-10-23 21:23:02.597 [info] fatal: not a git repository (or any parent up to mount point /)
Stopping at filesystem boundary (GIT_DISCOVERY_ACROSS_FILESYSTEM not set).
2024-10-23 21:23:02.602 [info] > git rev-parse --show-toplevel [1ms]
2024-10-23 21:23:02.602 [info] fatal: not a git repository (or any parent up to mount point /)
Stopping at filesystem boundary (GIT_DISCOVERY_ACROSS_FILESYSTEM not set).
2024-10-23 21:23:02.607 [info] > git rev-parse --show-toplevel [2ms]
2024-10-23 21:23:02.607 [info] fatal: not a git repository (or any parent up to mount point /)
Stopping at filesystem boundary (GIT_DISCOVERY_ACROSS_FILESYSTEM not set).
2024-10-23 21:23:02.612 [info] > git rev-parse --show-toplevel [1ms]
2024-10-23 21:23:02.612 [info] fatal: not a git repository (or any parent up to mount point /)
Stopping at filesystem boundary (GIT_DISCOVERY_ACROSS_FILESYSTEM not set).
2024-10-23 21:23:02.617 [info] > git rev-parse --show-toplevel [1ms]
2024-10-23 21:23:02.617 [info] fatal: not a git repository (or any parent up to mount point /)
Stopping at filesystem boundary (GIT_DISCOVERY_ACROSS_FILESYSTEM not set).
2024-10-23 21:23:02.622 [info] > git rev-parse --show-toplevel [1ms]
2024-10-23 21:23:02.622 [info] fatal: not a git repository (or any parent up to mount point /)
Stopping at filesystem boundary (GIT_DISCOVERY_ACROSS_FILESYSTEM not set).
2024-10-23 21:23:02.627 [info] > git rev-parse --show-toplevel [1ms]
2024-10-23 21:23:02.627 [info] fatal: not a git repository (or any parent up to mount point /)
Stopping at filesystem boundary (GIT_DISCOVERY_ACROSS_FILESYSTEM not set).
2024-10-23 21:23:02.633 [info] > git rev-parse --show-toplevel [1ms]
2024-10-23 21:23:02.633 [info] fatal: not a git repository (or any parent up to mount point /)
Stopping at filesystem boundary (GIT_DISCOVERY_ACROSS_FILESYSTEM not set).
2024-10-23 21:23:02.638 [info] > git rev-parse --show-toplevel [1ms]
2024-10-23 21:23:02.638 [info] fatal: not a git repository (or any parent up to mount point /)
Stopping at filesystem boundary (GIT_DISCOVERY_ACROSS_FILESYSTEM not set).
2024-10-23 21:23:02.644 [info] > git rev-parse --show-toplevel [1ms]
2024-10-23 21:23:02.644 [info] fatal: not a git repository (or any parent up to mount point /)
Stopping at filesystem boundary (GIT_DISCOVERY_ACROSS_FILESYSTEM not set).
2024-10-23 21:23:02.650 [info] > git rev-parse --show-toplevel [1ms]
2024-10-23 21:23:02.650 [info] fatal: not a git repository (or any parent up to mount point /)
Stopping at filesystem boundary (GIT_DISCOVERY_ACROSS_FILESYSTEM not set).
2024-10-23 21:23:02.654 [info] > git rev-parse --show-toplevel [1ms]
2024-10-23 21:23:02.654 [info] fatal: not a git repository (or any parent up to mount point /)
Stopping at filesystem boundary (GIT_DISCOVERY_ACROSS_FILESYSTEM not set).
2024-10-23 21:23:02.658 [info] > git rev-parse --show-toplevel [0ms]
2024-10-23 21:23:02.658 [info] fatal: not a git repository (or any parent up to mount point /)
Stopping at filesystem boundary (GIT_DISCOVERY_ACROSS_FILESYSTEM not set).
2024-10-23 21:23:02.663 [info] > git rev-parse --show-toplevel [1ms]
2024-10-23 21:23:02.663 [info] fatal: not a git repository (or any parent up to mount point /)
Stopping at filesystem boundary (GIT_DISCOVERY_ACROSS_FILESYSTEM not set).
2024-10-23 21:23:02.668 [info] > git rev-parse --show-toplevel [1ms]
2024-10-23 21:23:02.668 [info] fatal: not a git repository (or any parent up to mount point /)
Stopping at filesystem boundary (GIT_DISCOVERY_ACROSS_FILESYSTEM not set).
2024-10-23 21:23:02.672 [info] > git rev-parse --show-toplevel [1ms]
2024-10-23 21:23:02.672 [info] fatal: not a git repository (or any parent up to mount point /)
Stopping at filesystem boundary (GIT_DISCOVERY_ACROSS_FILESYSTEM not set).
2024-10-23 21:23:02.676 [info] > git rev-parse --show-toplevel [1ms]
2024-10-23 21:23:02.676 [info] fatal: not a git repository (or any parent up to mount point /)
Stopping at filesystem boundary (GIT_DISCOVERY_ACROSS_FILESYSTEM not set).
2024-10-23 21:23:02.681 [info] > git rev-parse --show-toplevel [1ms]
2024-10-23 21:23:02.681 [info] fatal: not a git repository (or any parent up to mount point /)
Stopping at filesystem boundary (GIT_DISCOVERY_ACROSS_FILESYSTEM not set).
2024-10-23 21:23:02.686 [info] > git rev-parse --show-toplevel [1ms]
2024-10-23 21:23:02.686 [info] fatal: not a git repository (or any parent up to mount point /)
Stopping at filesystem boundary (GIT_DISCOVERY_ACROSS_FILESYSTEM not set).
2024-10-23 21:23:02.690 [info] > git rev-parse --show-toplevel [1ms]
2024-10-23 21:23:02.690 [info] fatal: not a git repository (or any parent up to mount point /)
Stopping at filesystem boundary (GIT_DISCOVERY_ACROSS_FILESYSTEM not set).
2024-10-23 21:23:02.694 [info] > git rev-parse --show-toplevel [0ms]
2024-10-23 21:23:02.694 [info] fatal: not a git repository (or any parent up to mount point /)
Stopping at filesystem boundary (GIT_DISCOVERY_ACROSS_FILESYSTEM not set).
2024-10-23 21:23:02.699 [info] > git rev-parse --show-toplevel [2ms]
2024-10-23 21:23:02.699 [info] fatal: not a git repository (or any parent up to mount point /)
Stopping at filesystem boundary (GIT_DISCOVERY_ACROSS_FILESYSTEM not set).
2024-10-23 21:23:02.703 [info] > git rev-parse --show-toplevel [0ms]
2024-10-23 21:23:02.704 [info] fatal: not a git repository (or any parent up to mount point /)
Stopping at filesystem boundary (GIT_DISCOVERY_ACROSS_FILESYSTEM not set).
2024-10-23 21:23:02.708 [info] > git rev-parse --show-toplevel [1ms]
2024-10-23 21:23:02.708 [info] fatal: not a git repository (or any parent up to mount point /)
Stopping at filesystem boundary (GIT_DISCOVERY_ACROSS_FILESYSTEM not set).
2024-10-23 21:23:02.712 [info] > git rev-parse --show-toplevel [1ms]
2024-10-23 21:23:02.712 [info] fatal: not a git repository (or any parent up to mount point /)
Stopping at filesystem boundary (GIT_DISCOVERY_ACROSS_FILESYSTEM not set).
2024-10-23 21:23:02.716 [info] > git rev-parse --show-toplevel [1ms]
2024-10-23 21:23:02.716 [info] fatal: not a git repository (or any parent up to mount point /)
Stopping at filesystem boundary (GIT_DISCOVERY_ACROSS_FILESYSTEM not set).
2024-10-23 21:23:02.721 [info] > git rev-parse --show-toplevel [1ms]
2024-10-23 21:23:02.721 [info] fatal: not a git repository (or any parent up to mount point /)
Stopping at filesystem boundary (GIT_DISCOVERY_ACROSS_FILESYSTEM not set).
2024-10-23 21:23:02.725 [info] > git rev-parse --show-toplevel [1ms]
2024-10-23 21:23:02.725 [info] fatal: not a git repository (or any parent up to mount point /)
Stopping at filesystem boundary (GIT_DISCOVERY_ACROSS_FILESYSTEM not set).
2024-10-23 21:23:02.729 [info] > git rev-parse --show-toplevel [1ms]
2024-10-23 21:23:02.729 [info] fatal: not a git repository (or any parent up to mount point /)
Stopping at filesystem boundary (GIT_DISCOVERY_ACROSS_FILESYSTEM not set).
2024-10-23 21:23:02.734 [info] > git rev-parse --show-toplevel [1ms]
2024-10-23 21:23:02.734 [info] fatal: not a git repository (or any parent up to mount point /)
Stopping at filesystem boundary (GIT_DISCOVERY_ACROSS_FILESYSTEM not set).
2024-10-23 21:23:02.739 [info] > git rev-parse --show-toplevel [1ms]
2024-10-23 21:23:02.739 [info] fatal: not a git repository (or any parent up to mount point /)
Stopping at filesystem boundary (GIT_DISCOVERY_ACROSS_FILESYSTEM not set).
2024-10-23 21:23:02.744 [info] > git rev-parse --show-toplevel [1ms]
2024-10-23 21:23:02.744 [info] fatal: not a git repository (or any parent up to mount point /)
Stopping at filesystem boundary (GIT_DISCOVERY_ACROSS_FILESYSTEM not set).
2024-10-23 21:23:02.749 [info] > git rev-parse --show-toplevel [1ms]
2024-10-23 21:23:02.749 [info] fatal: not a git repository (or any parent up to mount point /)
Stopping at filesystem boundary (GIT_DISCOVERY_ACROSS_FILESYSTEM not set).
2024-10-23 21:23:02.754 [info] > git rev-parse --show-toplevel [1ms]
2024-10-23 21:23:02.754 [info] fatal: not a git repository (or any parent up to mount point /)
Stopping at filesystem boundary (GIT_DISCOVERY_ACROSS_FILESYSTEM not set).
2024-10-23 21:23:02.759 [info] > git rev-parse --show-toplevel [1ms]
2024-10-23 21:23:02.759 [info] fatal: not a git repository (or any parent up to mount point /)
Stopping at filesystem boundary (GIT_DISCOVERY_ACROSS_FILESYSTEM not set).
2024-10-23 21:23:02.774 [info] > git rev-parse --show-toplevel [12ms]
2024-10-23 21:23:02.774 [info] fatal: not a git repository (or any parent up to mount point /)
Stopping at filesystem boundary (GIT_DISCOVERY_ACROSS_FILESYSTEM not set).
2024-10-23 21:23:02.779 [info] > git rev-parse --show-toplevel [2ms]
2024-10-23 21:23:02.779 [info] fatal: not a git repository (or any parent up to mount point /)
Stopping at filesystem boundary (GIT_DISCOVERY_ACROSS_FILESYSTEM not set).
2024-10-23 21:23:02.783 [info] > git rev-parse --show-toplevel [1ms]
2024-10-23 21:23:02.783 [info] fatal: not a git repository (or any parent up to mount point /)
Stopping at filesystem boundary (GIT_DISCOVERY_ACROSS_FILESYSTEM not set).
2024-10-23 21:23:02.787 [info] > git rev-parse --show-toplevel [1ms]
2024-10-23 21:23:02.787 [info] fatal: not a git repository (or any parent up to mount point /)
Stopping at filesystem boundary (GIT_DISCOVERY_ACROSS_FILESYSTEM not set).
2024-10-23 21:23:02.792 [info] > git rev-parse --show-toplevel [1ms]
2024-10-23 21:23:02.792 [info] fatal: not a git repository (or any parent up to mount point /)
Stopping at filesystem boundary (GIT_DISCOVERY_ACROSS_FILESYSTEM not set).
2024-10-23 21:23:02.796 [info] > git rev-parse --show-toplevel [1ms]
2024-10-23 21:23:02.796 [info] fatal: not a git repository (or any parent up to mount point /)
Stopping at filesystem boundary (GIT_DISCOVERY_ACROSS_FILESYSTEM not set).
2024-10-23 21:23:02.800 [info] > git rev-parse --show-toplevel [1ms]
2024-10-23 21:23:02.800 [info] fatal: not a git repository (or any parent up to mount point /)
Stopping at filesystem boundary (GIT_DISCOVERY_ACROSS_FILESYSTEM not set).
2024-10-23 21:23:02.805 [info] > git rev-parse --show-toplevel [1ms]
2024-10-23 21:23:02.805 [info] fatal: not a git repository (or any parent up to mount point /)
Stopping at filesystem boundary (GIT_DISCOVERY_ACROSS_FILESYSTEM not set).
2024-10-23 21:23:02.810 [info] > git rev-parse --show-toplevel [1ms]
2024-10-23 21:23:02.810 [info] fatal: not a git repository (or any parent up to mount point /)
Stopping at filesystem boundary (GIT_DISCOVERY_ACROSS_FILESYSTEM not set).
2024-10-23 21:23:02.810 [info] [Model][doInitialScan] Initial repository scan completed - repositories (0), closed repositories (0), parent repositories (0), unsafe repositories (0)
2024-10-23 21:23:03.373 [info] > git rev-parse --show-toplevel [1ms]
2024-10-23 21:23:03.373 [info] fatal: not a git repository (or any parent up to mount point /)
Stopping at filesystem boundary (GIT_DISCOVERY_ACROSS_FILESYSTEM not set).
2024-10-23 21:23:03.379 [info] > git rev-parse --show-toplevel [2ms]
2024-10-23 21:23:03.379 [info] fatal: not a git repository (or any parent up to mount point /)
Stopping at filesystem boundary (GIT_DISCOVERY_ACROSS_FILESYSTEM not set).
2024-10-23 21:23:03.384 [info] > git rev-parse --show-toplevel [1ms]
2024-10-23 21:23:03.384 [info] fatal: not a git repository (or any parent up to mount point /)
Stopping at filesystem boundary (GIT_DISCOVERY_ACROSS_FILESYSTEM not set).
2024-10-23 21:23:03.389 [info] > git rev-parse --show-toplevel [1ms]
2024-10-23 21:23:03.389 [info] fatal: not a git repository (or any parent up to mount point /)
Stopping at filesystem boundary (GIT_DISCOVERY_ACROSS_FILESYSTEM not set).
