2024-10-22 19:47:19.771 [info] [main] Log level: Info
2024-10-22 19:47:19.771 [info] [main] Validating found git in: "git"
2024-10-22 19:47:19.771 [info] [main] Using git "2.47.0" from "git"
2024-10-22 19:47:19.771 [info] [Model][doInitialScan] Initial repository scan started
2024-10-22 19:47:19.771 [info] > git rev-parse --show-toplevel [2ms]
2024-10-22 19:47:19.771 [info] fatal: not a git repository (or any parent up to mount point /)
Stopping at filesystem boundary (GIT_DISCOVERY_ACROSS_FILESYSTEM not set).
2024-10-22 19:47:19.771 [info] > git rev-parse --show-toplevel [2ms]
2024-10-22 19:47:19.771 [info] fatal: not a git repository (or any parent up to mount point /)
Stopping at filesystem boundary (GIT_DISCOVERY_ACROSS_FILESYSTEM not set).
2024-10-22 19:47:19.771 [info] > git rev-parse --show-toplevel [2ms]
2024-10-22 19:47:19.771 [info] fatal: not a git repository (or any parent up to mount point /)
Stopping at filesystem boundary (GIT_DISCOVERY_ACROSS_FILESYSTEM not set).
2024-10-22 19:47:19.771 [info] > git rev-parse --show-toplevel [1ms]
2024-10-22 19:47:19.771 [info] fatal: not a git repository (or any parent up to mount point /)
Stopping at filesystem boundary (GIT_DISCOVERY_ACROSS_FILESYSTEM not set).
2024-10-22 19:47:19.771 [info] > git rev-parse --show-toplevel [2ms]
2024-10-22 19:47:19.771 [info] fatal: not a git repository (or any parent up to mount point /)
Stopping at filesystem boundary (GIT_DISCOVERY_ACROSS_FILESYSTEM not set).
2024-10-22 19:47:19.771 [info] > git rev-parse --show-toplevel [4ms]
2024-10-22 19:47:19.771 [info] fatal: not a git repository (or any parent up to mount point /)
Stopping at filesystem boundary (GIT_DISCOVERY_ACROSS_FILESYSTEM not set).
2024-10-22 19:47:19.771 [info] > git rev-parse --show-toplevel [3ms]
2024-10-22 19:47:19.771 [info] fatal: not a git repository (or any parent up to mount point /)
Stopping at filesystem boundary (GIT_DISCOVERY_ACROSS_FILESYSTEM not set).
2024-10-22 19:47:19.772 [info] > git rev-parse --show-toplevel [6ms]
2024-10-22 19:47:19.772 [info] fatal: not a git repository (or any parent up to mount point /)
Stopping at filesystem boundary (GIT_DISCOVERY_ACROSS_FILESYSTEM not set).
2024-10-22 19:47:20.086 [info] > git rev-parse --show-toplevel [51ms]
2024-10-22 19:47:20.086 [info] fatal: not a git repository (or any parent up to mount point /)
Stopping at filesystem boundary (GIT_DISCOVERY_ACROSS_FILESYSTEM not set).
2024-10-22 19:47:20.095 [info] > git rev-parse --show-toplevel [3ms]
2024-10-22 19:47:20.095 [info] fatal: not a git repository (or any parent up to mount point /)
Stopping at filesystem boundary (GIT_DISCOVERY_ACROSS_FILESYSTEM not set).
2024-10-22 19:47:20.103 [info] > git rev-parse --show-toplevel [4ms]
2024-10-22 19:47:20.108 [info] > git rev-parse --git-dir --git-common-dir [1ms]
2024-10-22 19:47:20.127 [info] [Model][openRepository] Opened repository: /home/hubert/Dokumenty/dwm
2024-10-22 19:47:20.142 [info] > git rev-parse --show-toplevel [3ms]
2024-10-22 19:47:20.142 [info] fatal: not a git repository (or any parent up to mount point /)
Stopping at filesystem boundary (GIT_DISCOVERY_ACROSS_FILESYSTEM not set).
2024-10-22 19:47:20.142 [info] > git config --get commit.template [8ms]
2024-10-22 19:47:20.154 [info] > git rev-parse --show-toplevel [7ms]
2024-10-22 19:47:20.154 [info] fatal: not a git repository (or any parent up to mount point /)
Stopping at filesystem boundary (GIT_DISCOVERY_ACROSS_FILESYSTEM not set).
2024-10-22 19:47:20.159 [info] > git for-each-ref --format=%(refname)%00%(upstream:short)%00%(objectname)%00%(upstream:track)%00%(upstream:remotename)%00%(upstream:remoteref) refs/heads/main refs/remotes/main [7ms]
2024-10-22 19:47:20.160 [info] > git rev-parse --show-toplevel [2ms]
2024-10-22 19:47:20.160 [info] fatal: not a git repository (or any parent up to mount point /)
Stopping at filesystem boundary (GIT_DISCOVERY_ACROSS_FILESYSTEM not set).
2024-10-22 19:47:20.163 [warning] [Git][revParse] Unable to read file: ENOENT: no such file or directory, open '/home/hubert/Dokumenty/dwm/.git/refs/remotes/origin/main'
2024-10-22 19:47:20.169 [info] > git rev-parse refs/remotes/origin/main [6ms]
2024-10-22 19:47:20.182 [info] > git rev-parse --show-toplevel [14ms]
2024-10-22 19:47:20.182 [info] fatal: not a git repository (or any parent up to mount point /)
Stopping at filesystem boundary (GIT_DISCOVERY_ACROSS_FILESYSTEM not set).
2024-10-22 19:47:20.364 [info] > git for-each-ref --sort -committerdate --format %(refname) %(objectname) %(*objectname) [183ms]
2024-10-22 19:47:20.389 [info] > git rev-parse --show-toplevel [29ms]
2024-10-22 19:47:20.389 [info] fatal: not a git repository (or any parent up to mount point /)
Stopping at filesystem boundary (GIT_DISCOVERY_ACROSS_FILESYSTEM not set).
2024-10-22 19:47:20.395 [info] > git rev-parse --show-toplevel [1ms]
2024-10-22 19:47:20.396 [info] fatal: not a git repository (or any parent up to mount point /)
Stopping at filesystem boundary (GIT_DISCOVERY_ACROSS_FILESYSTEM not set).
2024-10-22 19:47:20.431 [info] > git status -z -uall [257ms]
2024-10-22 19:47:20.432 [info] > git rev-parse --show-toplevel [19ms]
2024-10-22 19:47:20.432 [info] fatal: not a git repository (or any parent up to mount point /)
Stopping at filesystem boundary (GIT_DISCOVERY_ACROSS_FILESYSTEM not set).
2024-10-22 19:47:20.471 [info] > git for-each-ref --format=%(refname)%00%(upstream:short)%00%(objectname)%00%(upstream:track)%00%(upstream:remotename)%00%(upstream:remoteref) refs/heads/main refs/remotes/main [8ms]
2024-10-22 19:47:20.476 [info] > git rev-parse --show-toplevel [39ms]
2024-10-22 19:47:20.476 [info] fatal: not a git repository (or any parent up to mount point /)
Stopping at filesystem boundary (GIT_DISCOVERY_ACROSS_FILESYSTEM not set).
2024-10-22 19:47:20.484 [info] > git config --local branch.main.vscode-merge-base [8ms]
2024-10-22 19:47:20.489 [info] > git config --get commit.template [19ms]
2024-10-22 19:47:20.491 [info] > git for-each-ref --format=%(refname)%00%(upstream:short)%00%(objectname)%00%(upstream:track)%00%(upstream:remotename)%00%(upstream:remoteref) refs/heads/origin/main refs/remotes/origin/main [2ms]
2024-10-22 19:47:20.498 [info] > git rev-parse --show-toplevel [15ms]
2024-10-22 19:47:20.498 [info] fatal: not a git repository (or any parent up to mount point /)
Stopping at filesystem boundary (GIT_DISCOVERY_ACROSS_FILESYSTEM not set).
2024-10-22 19:47:20.538 [info] > git merge-base refs/heads/main refs/remotes/origin/main [42ms]
2024-10-22 19:47:20.547 [info] > git diff --name-status -z --diff-filter=ADMR 15d4981197493f71a99ace8b6497aaa3df734ca2...refs/remotes/origin/main [5ms]
2024-10-22 19:47:20.547 [info] > git rev-parse --show-toplevel [9ms]
2024-10-22 19:47:20.547 [info] fatal: not a git repository (or any parent up to mount point /)
Stopping at filesystem boundary (GIT_DISCOVERY_ACROSS_FILESYSTEM not set).
2024-10-22 19:47:20.548 [info] > git for-each-ref --format=%(refname)%00%(upstream:short)%00%(objectname)%00%(upstream:track)%00%(upstream:remotename)%00%(upstream:remoteref) refs/heads/main refs/remotes/main [14ms]
2024-10-22 19:47:20.671 [warning] [Git][revParse] Unable to read file: ENOENT: no such file or directory, open '/home/hubert/Dokumenty/dwm/.git/refs/remotes/origin/main'
2024-10-22 19:47:20.686 [info] > git rev-parse refs/remotes/origin/main [14ms]
2024-10-22 19:47:20.694 [info] > git rev-parse --show-toplevel [27ms]
2024-10-22 19:47:20.694 [info] fatal: not a git repository (or any parent up to mount point /)
Stopping at filesystem boundary (GIT_DISCOVERY_ACROSS_FILESYSTEM not set).
2024-10-22 19:47:20.700 [info] > git for-each-ref --sort -committerdate --format %(refname) %(objectname) %(*objectname) [6ms]
2024-10-22 19:47:20.702 [info] > git rev-parse --show-toplevel [3ms]
2024-10-22 19:47:20.702 [info] fatal: not a git repository (or any parent up to mount point /)
Stopping at filesystem boundary (GIT_DISCOVERY_ACROSS_FILESYSTEM not set).
2024-10-22 19:47:20.708 [info] > git rev-parse --show-toplevel [2ms]
2024-10-22 19:47:20.708 [info] fatal: not a git repository (or any parent up to mount point /)
Stopping at filesystem boundary (GIT_DISCOVERY_ACROSS_FILESYSTEM not set).
2024-10-22 19:47:20.712 [info] > git rev-parse --show-toplevel [0ms]
2024-10-22 19:47:20.712 [info] fatal: not a git repository (or any parent up to mount point /)
Stopping at filesystem boundary (GIT_DISCOVERY_ACROSS_FILESYSTEM not set).
2024-10-22 19:47:20.718 [info] > git rev-parse --show-toplevel [1ms]
2024-10-22 19:47:20.718 [info] fatal: not a git repository (or any parent up to mount point /)
Stopping at filesystem boundary (GIT_DISCOVERY_ACROSS_FILESYSTEM not set).
2024-10-22 19:47:20.723 [info] > git rev-parse --show-toplevel [1ms]
2024-10-22 19:47:20.723 [info] fatal: not a git repository (or any parent up to mount point /)
Stopping at filesystem boundary (GIT_DISCOVERY_ACROSS_FILESYSTEM not set).
2024-10-22 19:47:20.728 [info] > git rev-parse --show-toplevel [1ms]
2024-10-22 19:47:20.728 [info] fatal: not a git repository (or any parent up to mount point /)
Stopping at filesystem boundary (GIT_DISCOVERY_ACROSS_FILESYSTEM not set).
2024-10-22 19:47:20.733 [info] > git rev-parse --show-toplevel [1ms]
2024-10-22 19:47:20.733 [info] fatal: not a git repository (or any parent up to mount point /)
Stopping at filesystem boundary (GIT_DISCOVERY_ACROSS_FILESYSTEM not set).
2024-10-22 19:47:20.738 [info] > git rev-parse --show-toplevel [1ms]
2024-10-22 19:47:20.738 [info] fatal: not a git repository (or any parent up to mount point /)
Stopping at filesystem boundary (GIT_DISCOVERY_ACROSS_FILESYSTEM not set).
2024-10-22 19:47:20.743 [info] > git rev-parse --show-toplevel [1ms]
2024-10-22 19:47:20.743 [info] fatal: not a git repository (or any parent up to mount point /)
Stopping at filesystem boundary (GIT_DISCOVERY_ACROSS_FILESYSTEM not set).
2024-10-22 19:47:20.748 [info] > git rev-parse --show-toplevel [1ms]
2024-10-22 19:47:20.748 [info] fatal: not a git repository (or any parent up to mount point /)
Stopping at filesystem boundary (GIT_DISCOVERY_ACROSS_FILESYSTEM not set).
2024-10-22 19:47:20.754 [info] > git rev-parse --show-toplevel [2ms]
2024-10-22 19:47:20.754 [info] fatal: not a git repository (or any parent up to mount point /)
Stopping at filesystem boundary (GIT_DISCOVERY_ACROSS_FILESYSTEM not set).
2024-10-22 19:47:20.758 [info] > git rev-parse --show-toplevel [1ms]
2024-10-22 19:47:20.758 [info] fatal: not a git repository (or any parent up to mount point /)
Stopping at filesystem boundary (GIT_DISCOVERY_ACROSS_FILESYSTEM not set).
2024-10-22 19:47:20.762 [info] > git rev-parse --show-toplevel [1ms]
2024-10-22 19:47:20.762 [info] fatal: not a git repository (or any parent up to mount point /)
Stopping at filesystem boundary (GIT_DISCOVERY_ACROSS_FILESYSTEM not set).
2024-10-22 19:47:20.767 [info] > git status -z -uall [78ms]
2024-10-22 19:47:20.767 [info] > git rev-parse --show-toplevel [1ms]
2024-10-22 19:47:20.767 [info] fatal: not a git repository (or any parent up to mount point /)
Stopping at filesystem boundary (GIT_DISCOVERY_ACROSS_FILESYSTEM not set).
2024-10-22 19:47:20.788 [info] > git rev-parse --show-toplevel [1ms]
2024-10-22 19:47:20.788 [info] fatal: not a git repository (or any parent up to mount point /)
Stopping at filesystem boundary (GIT_DISCOVERY_ACROSS_FILESYSTEM not set).
2024-10-22 19:47:20.794 [info] > git rev-parse --show-toplevel [0ms]
2024-10-22 19:47:20.795 [info] fatal: not a git repository (or any parent up to mount point /)
Stopping at filesystem boundary (GIT_DISCOVERY_ACROSS_FILESYSTEM not set).
2024-10-22 19:47:20.799 [info] > git rev-parse --show-toplevel [0ms]
2024-10-22 19:47:20.799 [info] fatal: not a git repository (or any parent up to mount point /)
Stopping at filesystem boundary (GIT_DISCOVERY_ACROSS_FILESYSTEM not set).
2024-10-22 19:47:20.803 [info] > git rev-parse --show-toplevel [1ms]
2024-10-22 19:47:20.803 [info] fatal: not a git repository (or any parent up to mount point /)
Stopping at filesystem boundary (GIT_DISCOVERY_ACROSS_FILESYSTEM not set).
2024-10-22 19:47:20.807 [info] > git rev-parse --show-toplevel [1ms]
2024-10-22 19:47:20.807 [info] fatal: not a git repository (or any parent up to mount point /)
Stopping at filesystem boundary (GIT_DISCOVERY_ACROSS_FILESYSTEM not set).
2024-10-22 19:47:20.812 [info] > git rev-parse --show-toplevel [1ms]
2024-10-22 19:47:20.812 [info] fatal: not a git repository (or any parent up to mount point /)
Stopping at filesystem boundary (GIT_DISCOVERY_ACROSS_FILESYSTEM not set).
2024-10-22 19:47:20.816 [info] > git rev-parse --show-toplevel [1ms]
2024-10-22 19:47:20.816 [info] fatal: not a git repository (or any parent up to mount point /)
Stopping at filesystem boundary (GIT_DISCOVERY_ACROSS_FILESYSTEM not set).
2024-10-22 19:47:20.820 [info] > git rev-parse --show-toplevel [1ms]
2024-10-22 19:47:20.820 [info] fatal: not a git repository (or any parent up to mount point /)
Stopping at filesystem boundary (GIT_DISCOVERY_ACROSS_FILESYSTEM not set).
2024-10-22 19:47:20.824 [info] > git rev-parse --show-toplevel [1ms]
2024-10-22 19:47:20.824 [info] fatal: not a git repository (or any parent up to mount point /)
Stopping at filesystem boundary (GIT_DISCOVERY_ACROSS_FILESYSTEM not set).
2024-10-22 19:47:20.828 [info] > git rev-parse --show-toplevel [1ms]
2024-10-22 19:47:20.828 [info] fatal: not a git repository (or any parent up to mount point /)
Stopping at filesystem boundary (GIT_DISCOVERY_ACROSS_FILESYSTEM not set).
2024-10-22 19:47:20.832 [info] > git rev-parse --show-toplevel [1ms]
2024-10-22 19:47:20.832 [info] fatal: not a git repository (or any parent up to mount point /)
Stopping at filesystem boundary (GIT_DISCOVERY_ACROSS_FILESYSTEM not set).
2024-10-22 19:47:20.836 [info] > git rev-parse --show-toplevel [1ms]
2024-10-22 19:47:20.836 [info] fatal: not a git repository (or any parent up to mount point /)
Stopping at filesystem boundary (GIT_DISCOVERY_ACROSS_FILESYSTEM not set).
2024-10-22 19:47:20.841 [info] > git rev-parse --show-toplevel [1ms]
2024-10-22 19:47:20.841 [info] fatal: not a git repository (or any parent up to mount point /)
Stopping at filesystem boundary (GIT_DISCOVERY_ACROSS_FILESYSTEM not set).
2024-10-22 19:47:20.845 [info] > git rev-parse --show-toplevel [1ms]
2024-10-22 19:47:20.845 [info] fatal: not a git repository (or any parent up to mount point /)
Stopping at filesystem boundary (GIT_DISCOVERY_ACROSS_FILESYSTEM not set).
2024-10-22 19:47:20.845 [info] [Model][doInitialScan] Initial repository scan completed - repositories (1), closed repositories (0), parent repositories (0), unsafe repositories (0)
2024-10-22 19:47:20.850 [info] > git rev-parse --show-toplevel [1ms]
2024-10-22 19:47:20.850 [info] fatal: not a git repository (or any parent up to mount point /)
Stopping at filesystem boundary (GIT_DISCOVERY_ACROSS_FILESYSTEM not set).
2024-10-22 19:47:20.854 [info] > git rev-parse --show-toplevel [1ms]
2024-10-22 19:47:20.854 [info] fatal: not a git repository (or any parent up to mount point /)
Stopping at filesystem boundary (GIT_DISCOVERY_ACROSS_FILESYSTEM not set).
2024-10-22 19:47:20.858 [info] > git rev-parse --show-toplevel [0ms]
2024-10-22 19:47:20.858 [info] fatal: not a git repository (or any parent up to mount point /)
Stopping at filesystem boundary (GIT_DISCOVERY_ACROSS_FILESYSTEM not set).
2024-10-22 19:47:20.862 [info] > git rev-parse --show-toplevel [0ms]
2024-10-22 19:47:20.862 [info] fatal: not a git repository (or any parent up to mount point /)
Stopping at filesystem boundary (GIT_DISCOVERY_ACROSS_FILESYSTEM not set).
2024-10-22 19:47:21.258 [info] > git rev-parse --show-toplevel [1ms]
2024-10-22 19:47:21.258 [info] fatal: not a git repository (or any parent up to mount point /)
Stopping at filesystem boundary (GIT_DISCOVERY_ACROSS_FILESYSTEM not set).
2024-10-22 19:47:21.264 [info] > git rev-parse --show-toplevel [1ms]
2024-10-22 19:47:21.264 [info] fatal: not a git repository (or any parent up to mount point /)
Stopping at filesystem boundary (GIT_DISCOVERY_ACROSS_FILESYSTEM not set).
2024-10-22 19:47:21.270 [info] > git rev-parse --show-toplevel [1ms]
2024-10-22 19:47:21.270 [info] fatal: not a git repository (or any parent up to mount point /)
Stopping at filesystem boundary (GIT_DISCOVERY_ACROSS_FILESYSTEM not set).
2024-10-22 19:47:21.276 [info] > git rev-parse --show-toplevel [1ms]
2024-10-22 19:47:21.276 [info] fatal: not a git repository (or any parent up to mount point /)
Stopping at filesystem boundary (GIT_DISCOVERY_ACROSS_FILESYSTEM not set).
2024-10-22 19:47:29.910 [info] > git rev-parse --show-toplevel [2ms]
2024-10-22 19:47:29.916 [info] > git rev-parse --path-format=relative --show-toplevel [1ms]
2024-10-22 19:47:29.921 [info] > git rev-parse --git-dir --git-common-dir [1ms]
2024-10-22 19:47:29.921 [info] fatal: not a git repository (or any parent up to mount point /)
Stopping at filesystem boundary (GIT_DISCOVERY_ACROSS_FILESYSTEM not set).
2024-10-22 19:47:42.401 [info] > git rev-parse --show-toplevel [1ms]
2024-10-22 19:47:42.406 [info] > git rev-parse --path-format=relative --show-toplevel [1ms]
2024-10-22 19:47:42.412 [info] > git rev-parse --git-dir --git-common-dir [1ms]
2024-10-22 19:47:42.412 [info] fatal: not a git repository (or any parent up to mount point /)
Stopping at filesystem boundary (GIT_DISCOVERY_ACROSS_FILESYSTEM not set).
2024-10-22 19:47:46.836 [info] > git rev-parse --show-toplevel [1ms]
2024-10-22 19:47:46.843 [info] > git rev-parse --path-format=relative --show-toplevel [2ms]
2024-10-22 19:47:46.850 [info] > git rev-parse --git-dir --git-common-dir [1ms]
2024-10-22 19:47:46.850 [info] fatal: not a git repository (or any parent up to mount point /)
Stopping at filesystem boundary (GIT_DISCOVERY_ACROSS_FILESYSTEM not set).
2024-10-22 19:48:01.661 [info] > git rev-parse --show-toplevel [2ms]
2024-10-22 19:48:01.666 [info] > git rev-parse --path-format=relative --show-toplevel [1ms]
2024-10-22 19:48:01.671 [info] > git rev-parse --git-dir --git-common-dir [1ms]
2024-10-22 19:48:01.671 [info] fatal: not a git repository (or any parent up to mount point /)
Stopping at filesystem boundary (GIT_DISCOVERY_ACROSS_FILESYSTEM not set).
2024-10-22 19:48:16.000 [info] > git rev-parse --show-toplevel [2ms]
2024-10-22 19:48:16.006 [info] > git rev-parse --path-format=relative --show-toplevel [2ms]
2024-10-22 19:48:16.011 [info] > git rev-parse --git-dir --git-common-dir [1ms]
2024-10-22 19:48:16.011 [info] fatal: not a git repository (or any parent up to mount point /)
Stopping at filesystem boundary (GIT_DISCOVERY_ACROSS_FILESYSTEM not set).
2024-10-22 19:48:18.276 [info] > git rev-parse --show-toplevel [2ms]
2024-10-22 19:48:18.282 [info] > git rev-parse --path-format=relative --show-toplevel [1ms]
2024-10-22 19:48:18.288 [info] > git rev-parse --git-dir --git-common-dir [2ms]
2024-10-22 19:48:18.288 [info] fatal: not a git repository (or any parent up to mount point /)
Stopping at filesystem boundary (GIT_DISCOVERY_ACROSS_FILESYSTEM not set).
2024-10-22 19:48:19.874 [info] > git rev-parse --show-toplevel [3ms]
2024-10-22 19:48:19.880 [info] > git rev-parse --path-format=relative --show-toplevel [1ms]
2024-10-22 19:48:19.887 [info] > git rev-parse --git-dir --git-common-dir [2ms]
2024-10-22 19:48:19.887 [info] fatal: not a git repository (or any parent up to mount point /)
Stopping at filesystem boundary (GIT_DISCOVERY_ACROSS_FILESYSTEM not set).
2024-10-22 19:48:27.243 [info] > git fetch [67117ms]
2024-10-22 19:48:27.243 [info] error: RPC failed; curl 92 HTTP/2 stream 11 was not closed cleanly: CANCEL (err 8)
error: 4592 bytes of body are still expected
fetch-pack: unexpected disconnect while reading sideband packet
fatal: early EOF
fatal: fetch-pack: invalid index-pack output
2024-10-22 19:48:27.258 [info] > git config --get commit.template [7ms]
2024-10-22 19:48:27.260 [info] > git for-each-ref --format=%(refname)%00%(upstream:short)%00%(objectname)%00%(upstream:track)%00%(upstream:remotename)%00%(upstream:remoteref) refs/heads/main refs/remotes/main [3ms]
2024-10-22 19:48:27.267 [warning] [Git][revParse] Unable to read file: ENOENT: no such file or directory, open '/home/hubert/Dokumenty/dwm/.git/refs/remotes/origin/main'
2024-10-22 19:48:27.269 [info] > git rev-parse refs/remotes/origin/main [2ms]
2024-10-22 19:48:27.284 [info] > git for-each-ref --sort -committerdate --format %(refname) %(objectname) %(*objectname) [2ms]
2024-10-22 19:48:27.363 [info] > git status -z -uall [88ms]
2024-10-22 19:48:38.938 [info] > git rev-parse --show-toplevel [2ms]
2024-10-22 19:48:38.943 [info] > git rev-parse --path-format=relative --show-toplevel [1ms]
2024-10-22 19:48:38.948 [info] > git rev-parse --git-dir --git-common-dir [1ms]
2024-10-22 19:48:38.948 [info] fatal: not a git repository (or any parent up to mount point /)
Stopping at filesystem boundary (GIT_DISCOVERY_ACROSS_FILESYSTEM not set).
2024-10-22 19:48:41.569 [info] > git rev-parse --show-toplevel [2ms]
2024-10-22 19:48:41.576 [info] > git rev-parse --path-format=relative --show-toplevel [2ms]
2024-10-22 19:48:41.581 [info] > git rev-parse --git-dir --git-common-dir [1ms]
2024-10-22 19:48:41.581 [info] fatal: not a git repository (or any parent up to mount point /)
Stopping at filesystem boundary (GIT_DISCOVERY_ACROSS_FILESYSTEM not set).
2024-10-22 19:48:55.256 [info] > git rev-parse --show-toplevel [1ms]
2024-10-22 19:48:55.260 [info] > git rev-parse --path-format=relative --show-toplevel [1ms]
2024-10-22 19:48:55.267 [info] > git rev-parse --git-dir --git-common-dir [1ms]
2024-10-22 19:48:55.267 [info] fatal: not a git repository (or any parent up to mount point /)
Stopping at filesystem boundary (GIT_DISCOVERY_ACROSS_FILESYSTEM not set).
2024-10-22 19:50:19.498 [info] > git rev-parse --show-toplevel [2ms]
2024-10-22 19:50:19.503 [info] > git rev-parse --path-format=relative --show-toplevel [1ms]
2024-10-22 19:50:19.508 [info] > git rev-parse --git-dir --git-common-dir [0ms]
2024-10-22 19:50:19.508 [info] fatal: not a git repository (or any parent up to mount point /)
Stopping at filesystem boundary (GIT_DISCOVERY_ACROSS_FILESYSTEM not set).
2024-10-22 19:50:41.398 [info] > git rev-parse --show-toplevel [2ms]
2024-10-22 19:50:41.403 [info] > git rev-parse --path-format=relative --show-toplevel [1ms]
2024-10-22 19:50:41.409 [info] > git rev-parse --git-dir --git-common-dir [1ms]
2024-10-22 19:50:41.409 [info] fatal: not a git repository (or any parent up to mount point /)
Stopping at filesystem boundary (GIT_DISCOVERY_ACROSS_FILESYSTEM not set).
2024-10-22 19:50:49.410 [info] > git rev-parse --show-toplevel [1ms]
2024-10-22 19:50:49.416 [info] > git rev-parse --path-format=relative --show-toplevel [1ms]
2024-10-22 19:50:49.421 [info] > git rev-parse --git-dir --git-common-dir [1ms]
2024-10-22 19:50:49.421 [info] fatal: not a git repository (or any parent up to mount point /)
Stopping at filesystem boundary (GIT_DISCOVERY_ACROSS_FILESYSTEM not set).
2024-10-22 19:50:51.766 [info] > git rev-parse --show-toplevel [2ms]
2024-10-22 19:50:51.771 [info] > git rev-parse --path-format=relative --show-toplevel [1ms]
2024-10-22 19:50:51.776 [info] > git rev-parse --git-dir --git-common-dir [1ms]
2024-10-22 19:50:51.776 [info] fatal: not a git repository (or any parent up to mount point /)
Stopping at filesystem boundary (GIT_DISCOVERY_ACROSS_FILESYSTEM not set).
2024-10-22 19:52:03.669 [info] > git rev-parse --show-toplevel [3ms]
2024-10-22 19:52:03.674 [info] > git rev-parse --path-format=relative --show-toplevel [2ms]
2024-10-22 19:52:03.679 [info] > git rev-parse --git-dir --git-common-dir [1ms]
2024-10-22 19:52:03.679 [info] fatal: not a git repository (or any parent up to mount point /)
Stopping at filesystem boundary (GIT_DISCOVERY_ACROSS_FILESYSTEM not set).
2024-10-22 19:52:08.217 [info] > git rev-parse --show-toplevel [1ms]
2024-10-22 19:52:08.224 [info] > git rev-parse --path-format=relative --show-toplevel [2ms]
2024-10-22 19:52:08.230 [info] > git rev-parse --git-dir --git-common-dir [1ms]
2024-10-22 19:52:08.230 [info] fatal: not a git repository (or any parent up to mount point /)
Stopping at filesystem boundary (GIT_DISCOVERY_ACROSS_FILESYSTEM not set).
2024-10-22 19:52:11.009 [info] > git rev-parse --show-toplevel [1ms]
2024-10-22 19:52:11.015 [info] > git rev-parse --path-format=relative --show-toplevel [1ms]
2024-10-22 19:52:11.021 [info] > git rev-parse --git-dir --git-common-dir [1ms]
2024-10-22 19:52:11.021 [info] fatal: not a git repository (or any parent up to mount point /)
Stopping at filesystem boundary (GIT_DISCOVERY_ACROSS_FILESYSTEM not set).
2024-10-22 19:52:51.728 [info] > git fetch [81696ms]
2024-10-22 19:52:51.728 [info] error: RPC failed; curl 92 HTTP/2 stream 11 was not closed cleanly: CANCEL (err 8)
error: 5553 bytes of body are still expected
fetch-pack: unexpected disconnect while reading sideband packet
fatal: early EOF
fatal: fetch-pack: invalid index-pack output
2024-10-22 19:52:51.761 [info] > git config --get commit.template [17ms]
2024-10-22 19:52:51.763 [info] > git for-each-ref --format=%(refname)%00%(upstream:short)%00%(objectname)%00%(upstream:track)%00%(upstream:remotename)%00%(upstream:remoteref) refs/heads/main refs/remotes/main [5ms]
2024-10-22 19:52:51.772 [warning] [Git][revParse] Unable to read file: ENOENT: no such file or directory, open '/home/hubert/Dokumenty/dwm/.git/refs/remotes/origin/main'
2024-10-22 19:52:51.774 [info] > git rev-parse refs/remotes/origin/main [2ms]
2024-10-22 19:52:51.787 [info] > git for-each-ref --sort -committerdate --format %(refname) %(objectname) %(*objectname) [1ms]
2024-10-22 19:52:51.859 [info] > git status -z -uall [80ms]
2024-10-22 19:52:59.616 [info] > git rev-parse --show-toplevel [1ms]
2024-10-22 19:52:59.622 [info] > git rev-parse --path-format=relative --show-toplevel [1ms]
2024-10-22 19:52:59.627 [info] > git rev-parse --git-dir --git-common-dir [0ms]
2024-10-22 19:52:59.627 [info] fatal: not a git repository (or any parent up to mount point /)
Stopping at filesystem boundary (GIT_DISCOVERY_ACROSS_FILESYSTEM not set).
2024-10-22 19:53:49.693 [info] > git rev-parse --show-toplevel [2ms]
2024-10-22 19:53:49.698 [info] > git rev-parse --path-format=relative --show-toplevel [1ms]
2024-10-22 19:53:49.703 [info] > git rev-parse --git-dir --git-common-dir [1ms]
2024-10-22 19:53:49.703 [info] fatal: not a git repository (or any parent up to mount point /)
Stopping at filesystem boundary (GIT_DISCOVERY_ACROSS_FILESYSTEM not set).
2024-10-22 19:53:51.230 [info] > git rev-parse --show-toplevel [2ms]
2024-10-22 19:53:51.236 [info] > git rev-parse --path-format=relative --show-toplevel [1ms]
2024-10-22 19:53:51.241 [info] > git rev-parse --git-dir --git-common-dir [1ms]
2024-10-22 19:53:51.241 [info] fatal: not a git repository (or any parent up to mount point /)
Stopping at filesystem boundary (GIT_DISCOVERY_ACROSS_FILESYSTEM not set).
2024-10-22 19:54:14.244 [info] > git rev-parse --show-toplevel [2ms]
2024-10-22 19:54:14.249 [info] > git rev-parse --path-format=relative --show-toplevel [1ms]
2024-10-22 19:54:14.254 [info] > git rev-parse --git-dir --git-common-dir [1ms]
2024-10-22 19:54:14.254 [info] fatal: not a git repository (or any parent up to mount point /)
Stopping at filesystem boundary (GIT_DISCOVERY_ACROSS_FILESYSTEM not set).
2024-10-22 19:54:32.154 [info] > git rev-parse --show-toplevel [2ms]
2024-10-22 19:54:32.160 [info] > git rev-parse --path-format=relative --show-toplevel [1ms]
2024-10-22 19:54:32.166 [info] > git rev-parse --git-dir --git-common-dir [1ms]
2024-10-22 19:54:32.166 [info] fatal: not a git repository (or any parent up to mount point /)
Stopping at filesystem boundary (GIT_DISCOVERY_ACROSS_FILESYSTEM not set).
2024-10-22 19:54:41.358 [info] > git rev-parse --show-toplevel [1ms]
2024-10-22 19:54:41.364 [info] > git rev-parse --path-format=relative --show-toplevel [2ms]
2024-10-22 19:54:41.370 [info] > git rev-parse --git-dir --git-common-dir [1ms]
2024-10-22 19:54:41.370 [info] fatal: not a git repository (or any parent up to mount point /)
Stopping at filesystem boundary (GIT_DISCOVERY_ACROSS_FILESYSTEM not set).
2024-10-22 19:54:52.326 [info] > git rev-parse --show-toplevel [2ms]
2024-10-22 19:54:52.331 [info] > git rev-parse --path-format=relative --show-toplevel [1ms]
2024-10-22 19:54:52.337 [info] > git rev-parse --git-dir --git-common-dir [1ms]
2024-10-22 19:54:52.337 [info] fatal: not a git repository (or any parent up to mount point /)
Stopping at filesystem boundary (GIT_DISCOVERY_ACROSS_FILESYSTEM not set).
2024-10-22 19:54:53.993 [info] > git rev-parse --show-toplevel [2ms]
2024-10-22 19:54:53.999 [info] > git rev-parse --path-format=relative --show-toplevel [2ms]
2024-10-22 19:54:54.004 [info] > git rev-parse --git-dir --git-common-dir [1ms]
2024-10-22 19:54:54.004 [info] fatal: not a git repository (or any parent up to mount point /)
Stopping at filesystem boundary (GIT_DISCOVERY_ACROSS_FILESYSTEM not set).
2024-10-22 19:54:57.926 [info] > git rev-parse --show-toplevel [2ms]
2024-10-22 19:54:57.931 [info] > git rev-parse --path-format=relative --show-toplevel [1ms]
2024-10-22 19:54:57.936 [info] > git rev-parse --git-dir --git-common-dir [1ms]
2024-10-22 19:54:57.936 [info] fatal: not a git repository (or any parent up to mount point /)
Stopping at filesystem boundary (GIT_DISCOVERY_ACROSS_FILESYSTEM not set).
2024-10-22 19:55:11.302 [info] > git rev-parse --show-toplevel [2ms]
2024-10-22 19:55:11.309 [info] > git rev-parse --path-format=relative --show-toplevel [2ms]
2024-10-22 19:55:11.315 [info] > git rev-parse --git-dir --git-common-dir [1ms]
2024-10-22 19:55:11.316 [info] fatal: not a git repository (or any parent up to mount point /)
Stopping at filesystem boundary (GIT_DISCOVERY_ACROSS_FILESYSTEM not set).
2024-10-22 19:55:31.072 [info] > git rev-parse --show-toplevel [1ms]
2024-10-22 19:55:31.078 [info] > git rev-parse --path-format=relative --show-toplevel [1ms]
2024-10-22 19:55:31.083 [info] > git rev-parse --git-dir --git-common-dir [1ms]
2024-10-22 19:55:31.083 [info] fatal: not a git repository (or any parent up to mount point /)
Stopping at filesystem boundary (GIT_DISCOVERY_ACROSS_FILESYSTEM not set).
2024-10-22 19:55:56.388 [info] > git rev-parse --show-toplevel [2ms]
2024-10-22 19:55:56.394 [info] > git rev-parse --path-format=relative --show-toplevel [2ms]
2024-10-22 19:55:56.400 [info] > git rev-parse --git-dir --git-common-dir [1ms]
2024-10-22 19:55:56.400 [info] fatal: not a git repository (or any parent up to mount point /)
Stopping at filesystem boundary (GIT_DISCOVERY_ACROSS_FILESYSTEM not set).
2024-10-22 19:55:59.082 [info] > git rev-parse --show-toplevel [1ms]
2024-10-22 19:55:59.089 [info] > git rev-parse --path-format=relative --show-toplevel [2ms]
2024-10-22 19:55:59.096 [info] > git rev-parse --git-dir --git-common-dir [1ms]
2024-10-22 19:55:59.096 [info] fatal: not a git repository (or any parent up to mount point /)
Stopping at filesystem boundary (GIT_DISCOVERY_ACROSS_FILESYSTEM not set).
2024-10-22 19:56:06.142 [info] > git rev-parse --show-toplevel [1ms]
2024-10-22 19:56:06.148 [info] > git rev-parse --path-format=relative --show-toplevel [1ms]
2024-10-22 19:56:06.153 [info] > git rev-parse --git-dir --git-common-dir [1ms]
2024-10-22 19:56:06.153 [info] fatal: not a git repository (or any parent up to mount point /)
Stopping at filesystem boundary (GIT_DISCOVERY_ACROSS_FILESYSTEM not set).
2024-10-22 19:56:54.437 [info] > git fetch [62561ms]
2024-10-22 19:56:54.437 [info] error: RPC failed; curl 92 HTTP/2 stream 11 was not closed cleanly: CANCEL (err 8)
error: 2940 bytes of body are still expected
fetch-pack: unexpected disconnect while reading sideband packet
fatal: early EOF
fatal: fetch-pack: invalid index-pack output
2024-10-22 19:56:54.468 [info] > git config --get commit.template [15ms]
2024-10-22 19:56:54.470 [info] > git for-each-ref --format=%(refname)%00%(upstream:short)%00%(objectname)%00%(upstream:track)%00%(upstream:remotename)%00%(upstream:remoteref) refs/heads/main refs/remotes/main [4ms]
2024-10-22 19:56:54.484 [warning] [Git][revParse] Unable to read file: ENOENT: no such file or directory, open '/home/hubert/Dokumenty/dwm/.git/refs/remotes/origin/main'
2024-10-22 19:56:54.488 [info] > git rev-parse refs/remotes/origin/main [4ms]
2024-10-22 19:56:54.518 [info] > git for-each-ref --sort -committerdate --format %(refname) %(objectname) %(*objectname) [4ms]
2024-10-22 19:56:54.596 [info] > git status -z -uall [95ms]
2024-10-22 19:57:11.236 [info] > git rev-parse --show-toplevel [2ms]
2024-10-22 19:57:11.241 [info] > git rev-parse --path-format=relative --show-toplevel [1ms]
2024-10-22 19:57:11.247 [info] > git rev-parse --git-dir --git-common-dir [1ms]
2024-10-22 19:57:11.247 [info] fatal: not a git repository (or any parent up to mount point /)
Stopping at filesystem boundary (GIT_DISCOVERY_ACROSS_FILESYSTEM not set).
2024-10-22 19:57:14.445 [info] > git rev-parse --show-toplevel [2ms]
2024-10-22 19:57:14.452 [info] > git rev-parse --path-format=relative --show-toplevel [2ms]
2024-10-22 19:57:14.457 [info] > git rev-parse --git-dir --git-common-dir [1ms]
2024-10-22 19:57:14.457 [info] fatal: not a git repository (or any parent up to mount point /)
Stopping at filesystem boundary (GIT_DISCOVERY_ACROSS_FILESYSTEM not set).
2024-10-22 19:57:15.338 [info] > git rev-parse --show-toplevel [2ms]
2024-10-22 19:57:15.344 [info] > git rev-parse --path-format=relative --show-toplevel [1ms]
2024-10-22 19:57:15.349 [info] > git rev-parse --git-dir --git-common-dir [1ms]
2024-10-22 19:57:15.349 [info] fatal: not a git repository (or any parent up to mount point /)
Stopping at filesystem boundary (GIT_DISCOVERY_ACROSS_FILESYSTEM not set).
2024-10-22 19:57:16.302 [info] > git rev-parse --show-toplevel [1ms]
2024-10-22 19:57:16.308 [info] > git rev-parse --path-format=relative --show-toplevel [1ms]
2024-10-22 19:57:16.314 [info] > git rev-parse --git-dir --git-common-dir [2ms]
2024-10-22 19:57:16.314 [info] fatal: not a git repository (or any parent up to mount point /)
Stopping at filesystem boundary (GIT_DISCOVERY_ACROSS_FILESYSTEM not set).
2024-10-22 19:57:16.972 [info] > git rev-parse --show-toplevel [2ms]
2024-10-22 19:57:16.979 [info] > git rev-parse --path-format=relative --show-toplevel [1ms]
2024-10-22 19:57:16.984 [info] > git rev-parse --git-dir --git-common-dir [1ms]
2024-10-22 19:57:16.984 [info] fatal: not a git repository (or any parent up to mount point /)
Stopping at filesystem boundary (GIT_DISCOVERY_ACROSS_FILESYSTEM not set).
2024-10-22 19:57:19.657 [info] > git rev-parse --show-toplevel [1ms]
2024-10-22 19:57:19.664 [info] > git rev-parse --path-format=relative --show-toplevel [2ms]
2024-10-22 19:57:19.670 [info] > git rev-parse --git-dir --git-common-dir [1ms]
2024-10-22 19:57:19.670 [info] fatal: not a git repository (or any parent up to mount point /)
Stopping at filesystem boundary (GIT_DISCOVERY_ACROSS_FILESYSTEM not set).
2024-10-22 19:57:42.262 [info] > git rev-parse --show-toplevel [2ms]
2024-10-22 19:57:42.268 [info] > git rev-parse --path-format=relative --show-toplevel [1ms]
2024-10-22 19:57:42.275 [info] > git rev-parse --git-dir --git-common-dir [1ms]
2024-10-22 19:57:42.275 [info] fatal: not a git repository (or any parent up to mount point /)
Stopping at filesystem boundary (GIT_DISCOVERY_ACROSS_FILESYSTEM not set).
