2024-10-20 21:36:09.921 [info] [main] Log level: Info
2024-10-20 21:36:09.921 [info] [main] Validating found git in: "git"
2024-10-20 21:36:09.921 [info] [main] Using git "2.47.0" from "git"
2024-10-20 21:36:09.921 [info] [Model][doInitialScan] Initial repository scan started
2024-10-20 21:36:09.921 [info] > git rev-parse --show-toplevel [217ms]
2024-10-20 21:36:09.921 [info] fatal: not a git repository (or any parent up to mount point /)
Stopping at filesystem boundary (GIT_DISCOVERY_ACROSS_FILESYSTEM not set).
2024-10-20 21:36:09.921 [info] > git rev-parse --show-toplevel [5ms]
2024-10-20 21:36:09.921 [info] fatal: not a git repository (or any parent up to mount point /)
Stopping at filesystem boundary (GIT_DISCOVERY_ACROSS_FILESYSTEM not set).
2024-10-20 21:36:09.921 [info] > git rev-parse --show-toplevel [2ms]
2024-10-20 21:36:09.921 [info] fatal: not a git repository (or any parent up to mount point /)
Stopping at filesystem boundary (GIT_DISCOVERY_ACROSS_FILESYSTEM not set).
2024-10-20 21:36:09.921 [info] > git rev-parse --show-toplevel [1ms]
2024-10-20 21:36:09.921 [info] fatal: not a git repository (or any parent up to mount point /)
Stopping at filesystem boundary (GIT_DISCOVERY_ACROSS_FILESYSTEM not set).
2024-10-20 21:36:09.921 [info] > git rev-parse --show-toplevel [10ms]
2024-10-20 21:36:09.921 [info] fatal: not a git repository (or any parent up to mount point /)
Stopping at filesystem boundary (GIT_DISCOVERY_ACROSS_FILESYSTEM not set).
2024-10-20 21:36:09.937 [info] > git rev-parse --show-toplevel [1ms]
2024-10-20 21:36:09.937 [info] fatal: not a git repository (or any parent up to mount point /)
Stopping at filesystem boundary (GIT_DISCOVERY_ACROSS_FILESYSTEM not set).
2024-10-20 21:36:09.944 [info] > git rev-parse --show-toplevel [2ms]
2024-10-20 21:36:09.944 [info] fatal: not a git repository (or any parent up to mount point /)
Stopping at filesystem boundary (GIT_DISCOVERY_ACROSS_FILESYSTEM not set).
2024-10-20 21:36:09.949 [info] > git rev-parse --show-toplevel [1ms]
2024-10-20 21:36:09.949 [info] fatal: not a git repository (or any parent up to mount point /)
Stopping at filesystem boundary (GIT_DISCOVERY_ACROSS_FILESYSTEM not set).
2024-10-20 21:36:09.953 [info] > git rev-parse --show-toplevel [1ms]
2024-10-20 21:36:09.953 [info] fatal: not a git repository (or any parent up to mount point /)
Stopping at filesystem boundary (GIT_DISCOVERY_ACROSS_FILESYSTEM not set).
2024-10-20 21:36:09.961 [info] > git rev-parse --show-toplevel [5ms]
2024-10-20 21:36:09.961 [info] fatal: not a git repository (or any parent up to mount point /)
Stopping at filesystem boundary (GIT_DISCOVERY_ACROSS_FILESYSTEM not set).
2024-10-20 21:36:09.966 [info] > git rev-parse --show-toplevel [1ms]
2024-10-20 21:36:09.966 [info] fatal: not a git repository (or any parent up to mount point /)
Stopping at filesystem boundary (GIT_DISCOVERY_ACROSS_FILESYSTEM not set).
2024-10-20 21:36:10.045 [info] > git rev-parse --show-toplevel [75ms]
2024-10-20 21:36:10.045 [info] fatal: not a git repository (or any parent up to mount point /)
Stopping at filesystem boundary (GIT_DISCOVERY_ACROSS_FILESYSTEM not set).
2024-10-20 21:36:10.123 [info] > git rev-parse --show-toplevel [10ms]
2024-10-20 21:36:10.123 [info] fatal: not a git repository (or any parent up to mount point /)
Stopping at filesystem boundary (GIT_DISCOVERY_ACROSS_FILESYSTEM not set).
2024-10-20 21:36:10.138 [info] > git rev-parse --show-toplevel [11ms]
2024-10-20 21:36:10.138 [info] fatal: not a git repository (or any parent up to mount point /)
Stopping at filesystem boundary (GIT_DISCOVERY_ACROSS_FILESYSTEM not set).
2024-10-20 21:36:10.152 [info] > git rev-parse --show-toplevel [1ms]
2024-10-20 21:36:10.152 [info] fatal: not a git repository (or any parent up to mount point /)
Stopping at filesystem boundary (GIT_DISCOVERY_ACROSS_FILESYSTEM not set).
2024-10-20 21:36:10.157 [info] > git rev-parse --show-toplevel [1ms]
2024-10-20 21:36:10.157 [info] fatal: not a git repository (or any parent up to mount point /)
Stopping at filesystem boundary (GIT_DISCOVERY_ACROSS_FILESYSTEM not set).
2024-10-20 21:36:10.162 [info] > git rev-parse --show-toplevel [1ms]
2024-10-20 21:36:10.162 [info] fatal: not a git repository (or any parent up to mount point /)
Stopping at filesystem boundary (GIT_DISCOVERY_ACROSS_FILESYSTEM not set).
2024-10-20 21:36:10.167 [info] > git rev-parse --show-toplevel [1ms]
2024-10-20 21:36:10.167 [info] fatal: not a git repository (or any parent up to mount point /)
Stopping at filesystem boundary (GIT_DISCOVERY_ACROSS_FILESYSTEM not set).
2024-10-20 21:36:10.171 [info] > git rev-parse --show-toplevel [1ms]
2024-10-20 21:36:10.172 [info] fatal: not a git repository (or any parent up to mount point /)
Stopping at filesystem boundary (GIT_DISCOVERY_ACROSS_FILESYSTEM not set).
2024-10-20 21:36:10.176 [info] > git rev-parse --show-toplevel [1ms]
2024-10-20 21:36:10.176 [info] fatal: not a git repository (or any parent up to mount point /)
Stopping at filesystem boundary (GIT_DISCOVERY_ACROSS_FILESYSTEM not set).
2024-10-20 21:36:10.181 [info] > git rev-parse --show-toplevel [1ms]
2024-10-20 21:36:10.181 [info] fatal: not a git repository (or any parent up to mount point /)
Stopping at filesystem boundary (GIT_DISCOVERY_ACROSS_FILESYSTEM not set).
2024-10-20 21:36:10.185 [info] > git rev-parse --show-toplevel [1ms]
2024-10-20 21:36:10.185 [info] fatal: not a git repository (or any parent up to mount point /)
Stopping at filesystem boundary (GIT_DISCOVERY_ACROSS_FILESYSTEM not set).
2024-10-20 21:36:10.192 [info] > git rev-parse --show-toplevel [4ms]
2024-10-20 21:36:10.193 [info] fatal: not a git repository (or any parent up to mount point /)
Stopping at filesystem boundary (GIT_DISCOVERY_ACROSS_FILESYSTEM not set).
2024-10-20 21:36:10.199 [info] > git rev-parse --show-toplevel [1ms]
2024-10-20 21:36:10.199 [info] fatal: not a git repository (or any parent up to mount point /)
Stopping at filesystem boundary (GIT_DISCOVERY_ACROSS_FILESYSTEM not set).
2024-10-20 21:36:10.204 [info] > git rev-parse --show-toplevel [1ms]
2024-10-20 21:36:10.204 [info] fatal: not a git repository (or any parent up to mount point /)
Stopping at filesystem boundary (GIT_DISCOVERY_ACROSS_FILESYSTEM not set).
2024-10-20 21:36:10.210 [info] > git rev-parse --show-toplevel [2ms]
2024-10-20 21:36:10.210 [info] fatal: not a git repository (or any parent up to mount point /)
Stopping at filesystem boundary (GIT_DISCOVERY_ACROSS_FILESYSTEM not set).
2024-10-20 21:36:10.216 [info] > git rev-parse --show-toplevel [1ms]
2024-10-20 21:36:10.216 [info] fatal: not a git repository (or any parent up to mount point /)
Stopping at filesystem boundary (GIT_DISCOVERY_ACROSS_FILESYSTEM not set).
2024-10-20 21:36:10.226 [info] > git rev-parse --show-toplevel [5ms]
2024-10-20 21:36:10.226 [info] fatal: not a git repository (or any parent up to mount point /)
Stopping at filesystem boundary (GIT_DISCOVERY_ACROSS_FILESYSTEM not set).
2024-10-20 21:36:10.232 [info] > git rev-parse --show-toplevel [1ms]
2024-10-20 21:36:10.232 [info] fatal: not a git repository (or any parent up to mount point /)
Stopping at filesystem boundary (GIT_DISCOVERY_ACROSS_FILESYSTEM not set).
2024-10-20 21:36:10.237 [info] > git rev-parse --show-toplevel [1ms]
2024-10-20 21:36:10.237 [info] fatal: not a git repository (or any parent up to mount point /)
Stopping at filesystem boundary (GIT_DISCOVERY_ACROSS_FILESYSTEM not set).
2024-10-20 21:36:10.241 [info] > git rev-parse --show-toplevel [1ms]
2024-10-20 21:36:10.241 [info] fatal: not a git repository (or any parent up to mount point /)
Stopping at filesystem boundary (GIT_DISCOVERY_ACROSS_FILESYSTEM not set).
2024-10-20 21:36:10.247 [info] > git rev-parse --show-toplevel [2ms]
2024-10-20 21:36:10.247 [info] fatal: not a git repository (or any parent up to mount point /)
Stopping at filesystem boundary (GIT_DISCOVERY_ACROSS_FILESYSTEM not set).
2024-10-20 21:36:10.251 [info] > git rev-parse --show-toplevel [1ms]
2024-10-20 21:36:10.251 [info] fatal: not a git repository (or any parent up to mount point /)
Stopping at filesystem boundary (GIT_DISCOVERY_ACROSS_FILESYSTEM not set).
2024-10-20 21:36:10.255 [info] > git rev-parse --show-toplevel [1ms]
2024-10-20 21:36:10.255 [info] fatal: not a git repository (or any parent up to mount point /)
Stopping at filesystem boundary (GIT_DISCOVERY_ACROSS_FILESYSTEM not set).
2024-10-20 21:36:10.260 [info] > git rev-parse --show-toplevel [1ms]
2024-10-20 21:36:10.260 [info] fatal: not a git repository (or any parent up to mount point /)
Stopping at filesystem boundary (GIT_DISCOVERY_ACROSS_FILESYSTEM not set).
2024-10-20 21:36:10.266 [info] > git rev-parse --show-toplevel [1ms]
2024-10-20 21:36:10.266 [info] fatal: not a git repository (or any parent up to mount point /)
Stopping at filesystem boundary (GIT_DISCOVERY_ACROSS_FILESYSTEM not set).
2024-10-20 21:36:10.271 [info] > git rev-parse --show-toplevel [1ms]
2024-10-20 21:36:10.271 [info] fatal: not a git repository (or any parent up to mount point /)
Stopping at filesystem boundary (GIT_DISCOVERY_ACROSS_FILESYSTEM not set).
2024-10-20 21:36:10.277 [info] > git rev-parse --show-toplevel [1ms]
2024-10-20 21:36:10.277 [info] fatal: not a git repository (or any parent up to mount point /)
Stopping at filesystem boundary (GIT_DISCOVERY_ACROSS_FILESYSTEM not set).
2024-10-20 21:36:10.282 [info] > git rev-parse --show-toplevel [1ms]
2024-10-20 21:36:10.282 [info] fatal: not a git repository (or any parent up to mount point /)
Stopping at filesystem boundary (GIT_DISCOVERY_ACROSS_FILESYSTEM not set).
2024-10-20 21:36:10.286 [info] > git rev-parse --show-toplevel [1ms]
2024-10-20 21:36:10.286 [info] fatal: not a git repository (or any parent up to mount point /)
Stopping at filesystem boundary (GIT_DISCOVERY_ACROSS_FILESYSTEM not set).
2024-10-20 21:36:10.291 [info] > git rev-parse --show-toplevel [0ms]
2024-10-20 21:36:10.291 [info] fatal: not a git repository (or any parent up to mount point /)
Stopping at filesystem boundary (GIT_DISCOVERY_ACROSS_FILESYSTEM not set).
2024-10-20 21:36:10.296 [info] > git rev-parse --show-toplevel [0ms]
2024-10-20 21:36:10.296 [info] fatal: not a git repository (or any parent up to mount point /)
Stopping at filesystem boundary (GIT_DISCOVERY_ACROSS_FILESYSTEM not set).
2024-10-20 21:36:10.300 [info] > git rev-parse --show-toplevel [1ms]
2024-10-20 21:36:10.300 [info] fatal: not a git repository (or any parent up to mount point /)
Stopping at filesystem boundary (GIT_DISCOVERY_ACROSS_FILESYSTEM not set).
2024-10-20 21:36:10.304 [info] > git rev-parse --show-toplevel [0ms]
2024-10-20 21:36:10.304 [info] fatal: not a git repository (or any parent up to mount point /)
Stopping at filesystem boundary (GIT_DISCOVERY_ACROSS_FILESYSTEM not set).
2024-10-20 21:36:10.309 [info] > git rev-parse --show-toplevel [0ms]
2024-10-20 21:36:10.309 [info] fatal: not a git repository (or any parent up to mount point /)
Stopping at filesystem boundary (GIT_DISCOVERY_ACROSS_FILESYSTEM not set).
2024-10-20 21:36:10.314 [info] > git rev-parse --show-toplevel [2ms]
2024-10-20 21:36:10.314 [info] fatal: not a git repository (or any parent up to mount point /)
Stopping at filesystem boundary (GIT_DISCOVERY_ACROSS_FILESYSTEM not set).
2024-10-20 21:36:10.318 [info] > git rev-parse --show-toplevel [1ms]
2024-10-20 21:36:10.318 [info] fatal: not a git repository (or any parent up to mount point /)
Stopping at filesystem boundary (GIT_DISCOVERY_ACROSS_FILESYSTEM not set).
2024-10-20 21:36:10.322 [info] > git rev-parse --show-toplevel [1ms]
2024-10-20 21:36:10.322 [info] fatal: not a git repository (or any parent up to mount point /)
Stopping at filesystem boundary (GIT_DISCOVERY_ACROSS_FILESYSTEM not set).
2024-10-20 21:36:10.327 [info] > git rev-parse --show-toplevel [1ms]
2024-10-20 21:36:10.327 [info] fatal: not a git repository (or any parent up to mount point /)
Stopping at filesystem boundary (GIT_DISCOVERY_ACROSS_FILESYSTEM not set).
2024-10-20 21:36:10.327 [info] [Model][doInitialScan] Initial repository scan completed - repositories (0), closed repositories (0), parent repositories (0), unsafe repositories (0)
2024-10-20 21:36:11.102 [info] > git rev-parse --show-toplevel [1ms]
2024-10-20 21:36:11.102 [info] fatal: not a git repository (or any parent up to mount point /)
Stopping at filesystem boundary (GIT_DISCOVERY_ACROSS_FILESYSTEM not set).
2024-10-20 21:36:11.106 [info] > git rev-parse --show-toplevel [0ms]
2024-10-20 21:36:11.106 [info] fatal: not a git repository (or any parent up to mount point /)
Stopping at filesystem boundary (GIT_DISCOVERY_ACROSS_FILESYSTEM not set).
2024-10-20 21:36:11.111 [info] > git rev-parse --show-toplevel [1ms]
2024-10-20 21:36:11.111 [info] fatal: not a git repository (or any parent up to mount point /)
Stopping at filesystem boundary (GIT_DISCOVERY_ACROSS_FILESYSTEM not set).
2024-10-20 21:36:11.116 [info] > git rev-parse --show-toplevel [1ms]
2024-10-20 21:36:11.116 [info] fatal: not a git repository (or any parent up to mount point /)
Stopping at filesystem boundary (GIT_DISCOVERY_ACROSS_FILESYSTEM not set).
