2024-10-22 22:10:36.388 [info] Extension host with pid 1567 started
2024-10-22 22:10:36.388 [info] Skipping acquiring lock for /home/hubert/.config/Code - OSS/User/workspaceStorage/726d9de4e5eb9c12ad1a4bd77b853069.
2024-10-22 22:10:36.596 [info] ExtensionService#_doActivateExtension vscode.emmet, startup: false, activationEvent: 'onLanguage'
2024-10-22 22:10:36.790 [info] ExtensionService#_doActivateExtension vscode.git-base, startup: true, activationEvent: '*', root cause: vscode.git
2024-10-22 22:10:36.802 [info] ExtensionService#_doActivateExtension vscode.git, startup: true, activationEvent: '*'
2024-10-22 22:10:36.895 [info] ExtensionService#_doActivateExtension vscode.github, startup: true, activationEvent: '*'
2024-10-22 22:10:36.988 [info] Eager extensions activated
2024-10-22 22:10:37.019 [info] ExtensionService#_doActivateExtension vscode.debug-auto-launch, startup: false, activationEvent: 'onStartupFinished'
2024-10-22 22:10:37.021 [info] ExtensionService#_doActivateExtension vscode.merge-conflict, startup: false, activationEvent: 'onStartupFinished'
2024-10-22 22:10:37.041 [info] ExtensionService#_doActivateExtension Catppuccin.catppuccin-vsc, startup: false, activationEvent: 'onStartupFinished'
2024-10-22 22:10:37.047 [info] ExtensionService#_doActivateExtension Catppuccin.catppuccin-vsc-icons, startup: false, activationEvent: 'onStartupFinished'
2024-10-22 22:10:37.153 [info] ExtensionService#_doActivateExtension esbenp.prettier-vscode, startup: false, activationEvent: 'onStartupFinished'
2024-10-22 22:10:37.239 [info] ExtensionService#_doActivateExtension naumovs.color-highlight, startup: false, activationEvent: 'onStartupFinished'
2024-10-22 22:10:37.359 [info] ExtensionService#_doActivateExtension vscode.configuration-editing, startup: false, activationEvent: 'onLanguage:jsonc'
2024-10-22 22:10:37.369 [info] ExtensionService#_doActivateExtension vscode.json-language-features, startup: false, activationEvent: 'onLanguage:jsonc'
2024-10-22 22:10:37.423 [info] ExtensionService#_doActivateExtension vscode.typescript-language-features, startup: false, activationEvent: 'onLanguage:jsonc'
2024-10-22 22:10:37.856 [warning] [Decorations] CAPPING events from decorations provider vscode.git 1074
2024-10-22 22:10:37.883 [info] ExtensionService#_doActivateExtension vscode.github-authentication, startup: false, activationEvent: 'onAuthenticationRequest:github'
2024-10-22 22:10:38.086 [warning] [Decorations] CAPPING events from decorations provider vscode.git 1074
2024-10-22 22:11:22.406 [warning] [Decorations] CAPPING events from decorations provider vscode.git 1074
2024-10-22 22:11:44.893 [warning] [Decorations] CAPPING events from decorations provider vscode.git 1074
2024-10-22 22:12:37.730 [warning] [Decorations] CAPPING events from decorations provider vscode.git 1074
