2024-10-20 15:24:36.616 [info] [main] Log level: Info
2024-10-20 15:24:36.616 [info] [main] Validating found git in: "git"
2024-10-20 15:24:36.616 [info] [main] Using git "2.47.0" from "git"
2024-10-20 15:24:36.616 [info] [Model][doInitialScan] Initial repository scan started
2024-10-20 15:24:36.616 [info] > git rev-parse --show-toplevel [13ms]
2024-10-20 15:24:36.616 [info] fatal: not a git repository (or any parent up to mount point /)
Stopping at filesystem boundary (GIT_DISCOVERY_ACROSS_FILESYSTEM not set).
2024-10-20 15:24:36.616 [info] > git rev-parse --show-toplevel [5ms]
2024-10-20 15:24:36.616 [info] fatal: not a git repository (or any parent up to mount point /)
Stopping at filesystem boundary (GIT_DISCOVERY_ACROSS_FILESYSTEM not set).
2024-10-20 15:24:36.616 [info] > git rev-parse --show-toplevel [61ms]
2024-10-20 15:24:36.616 [info] fatal: not a git repository (or any parent up to mount point /)
Stopping at filesystem boundary (GIT_DISCOVERY_ACROSS_FILESYSTEM not set).
2024-10-20 15:24:36.617 [info] > git rev-parse --show-toplevel [3ms]
2024-10-20 15:24:36.617 [info] fatal: not a git repository (or any parent up to mount point /)
Stopping at filesystem boundary (GIT_DISCOVERY_ACROSS_FILESYSTEM not set).
2024-10-20 15:24:36.624 [info] > git rev-parse --show-toplevel [2ms]
2024-10-20 15:24:36.624 [info] fatal: not a git repository (or any parent up to mount point /)
Stopping at filesystem boundary (GIT_DISCOVERY_ACROSS_FILESYSTEM not set).
2024-10-20 15:24:36.635 [info] > git rev-parse --show-toplevel [6ms]
2024-10-20 15:24:36.635 [info] fatal: not a git repository (or any parent up to mount point /)
Stopping at filesystem boundary (GIT_DISCOVERY_ACROSS_FILESYSTEM not set).
2024-10-20 15:24:36.755 [info] > git rev-parse --show-toplevel [116ms]
2024-10-20 15:24:36.755 [info] fatal: not a git repository (or any parent up to mount point /)
Stopping at filesystem boundary (GIT_DISCOVERY_ACROSS_FILESYSTEM not set).
2024-10-20 15:24:36.771 [info] > git rev-parse --show-toplevel [1ms]
2024-10-20 15:24:36.771 [info] fatal: not a git repository (or any parent up to mount point /)
Stopping at filesystem boundary (GIT_DISCOVERY_ACROSS_FILESYSTEM not set).
2024-10-20 15:24:36.798 [info] > git rev-parse --show-toplevel [21ms]
2024-10-20 15:24:36.798 [info] fatal: not a git repository (or any parent up to mount point /)
Stopping at filesystem boundary (GIT_DISCOVERY_ACROSS_FILESYSTEM not set).
2024-10-20 15:24:36.805 [info] > git rev-parse --show-toplevel [1ms]
2024-10-20 15:24:36.805 [info] fatal: not a git repository (or any parent up to mount point /)
Stopping at filesystem boundary (GIT_DISCOVERY_ACROSS_FILESYSTEM not set).
2024-10-20 15:24:36.810 [info] > git rev-parse --show-toplevel [1ms]
2024-10-20 15:24:36.810 [info] fatal: not a git repository (or any parent up to mount point /)
Stopping at filesystem boundary (GIT_DISCOVERY_ACROSS_FILESYSTEM not set).
2024-10-20 15:24:36.817 [info] > git rev-parse --show-toplevel [2ms]
2024-10-20 15:24:36.817 [info] fatal: not a git repository (or any parent up to mount point /)
Stopping at filesystem boundary (GIT_DISCOVERY_ACROSS_FILESYSTEM not set).
2024-10-20 15:24:36.823 [info] > git rev-parse --show-toplevel [1ms]
2024-10-20 15:24:36.823 [info] fatal: not a git repository (or any parent up to mount point /)
Stopping at filesystem boundary (GIT_DISCOVERY_ACROSS_FILESYSTEM not set).
2024-10-20 15:24:36.828 [info] > git rev-parse --show-toplevel [1ms]
2024-10-20 15:24:36.828 [info] fatal: not a git repository (or any parent up to mount point /)
Stopping at filesystem boundary (GIT_DISCOVERY_ACROSS_FILESYSTEM not set).
2024-10-20 15:24:36.835 [info] > git rev-parse --show-toplevel [1ms]
2024-10-20 15:24:36.835 [info] fatal: not a git repository (or any parent up to mount point /)
Stopping at filesystem boundary (GIT_DISCOVERY_ACROSS_FILESYSTEM not set).
2024-10-20 15:24:36.840 [info] > git rev-parse --show-toplevel [1ms]
2024-10-20 15:24:36.840 [info] fatal: not a git repository (or any parent up to mount point /)
Stopping at filesystem boundary (GIT_DISCOVERY_ACROSS_FILESYSTEM not set).
2024-10-20 15:24:36.845 [info] > git rev-parse --show-toplevel [0ms]
2024-10-20 15:24:36.845 [info] fatal: not a git repository (or any parent up to mount point /)
Stopping at filesystem boundary (GIT_DISCOVERY_ACROSS_FILESYSTEM not set).
2024-10-20 15:24:36.851 [info] > git rev-parse --show-toplevel [1ms]
2024-10-20 15:24:36.851 [info] fatal: not a git repository (or any parent up to mount point /)
Stopping at filesystem boundary (GIT_DISCOVERY_ACROSS_FILESYSTEM not set).
2024-10-20 15:24:36.858 [info] > git rev-parse --show-toplevel [1ms]
2024-10-20 15:24:36.858 [info] fatal: not a git repository (or any parent up to mount point /)
Stopping at filesystem boundary (GIT_DISCOVERY_ACROSS_FILESYSTEM not set).
2024-10-20 15:24:36.863 [info] > git rev-parse --show-toplevel [1ms]
2024-10-20 15:24:36.864 [info] fatal: not a git repository (or any parent up to mount point /)
Stopping at filesystem boundary (GIT_DISCOVERY_ACROSS_FILESYSTEM not set).
2024-10-20 15:24:36.870 [info] > git rev-parse --show-toplevel [1ms]
2024-10-20 15:24:36.870 [info] fatal: not a git repository (or any parent up to mount point /)
Stopping at filesystem boundary (GIT_DISCOVERY_ACROSS_FILESYSTEM not set).
2024-10-20 15:24:36.877 [info] > git rev-parse --show-toplevel [2ms]
2024-10-20 15:24:36.877 [info] fatal: not a git repository (or any parent up to mount point /)
Stopping at filesystem boundary (GIT_DISCOVERY_ACROSS_FILESYSTEM not set).
2024-10-20 15:24:36.884 [info] > git rev-parse --show-toplevel [2ms]
2024-10-20 15:24:36.884 [info] fatal: not a git repository (or any parent up to mount point /)
Stopping at filesystem boundary (GIT_DISCOVERY_ACROSS_FILESYSTEM not set).
2024-10-20 15:24:36.890 [info] > git rev-parse --show-toplevel [1ms]
2024-10-20 15:24:36.890 [info] fatal: not a git repository (or any parent up to mount point /)
Stopping at filesystem boundary (GIT_DISCOVERY_ACROSS_FILESYSTEM not set).
2024-10-20 15:24:36.895 [info] > git rev-parse --show-toplevel [1ms]
2024-10-20 15:24:36.895 [info] fatal: not a git repository (or any parent up to mount point /)
Stopping at filesystem boundary (GIT_DISCOVERY_ACROSS_FILESYSTEM not set).
2024-10-20 15:24:36.907 [info] > git rev-parse --show-toplevel [4ms]
2024-10-20 15:24:36.907 [info] fatal: not a git repository (or any parent up to mount point /)
Stopping at filesystem boundary (GIT_DISCOVERY_ACROSS_FILESYSTEM not set).
2024-10-20 15:24:36.913 [info] > git rev-parse --show-toplevel [2ms]
2024-10-20 15:24:36.913 [info] fatal: not a git repository (or any parent up to mount point /)
Stopping at filesystem boundary (GIT_DISCOVERY_ACROSS_FILESYSTEM not set).
2024-10-20 15:24:36.919 [info] > git rev-parse --show-toplevel [1ms]
2024-10-20 15:24:36.919 [info] fatal: not a git repository (or any parent up to mount point /)
Stopping at filesystem boundary (GIT_DISCOVERY_ACROSS_FILESYSTEM not set).
2024-10-20 15:24:36.924 [info] > git rev-parse --show-toplevel [1ms]
2024-10-20 15:24:36.924 [info] fatal: not a git repository (or any parent up to mount point /)
Stopping at filesystem boundary (GIT_DISCOVERY_ACROSS_FILESYSTEM not set).
2024-10-20 15:24:36.928 [info] > git rev-parse --show-toplevel [1ms]
2024-10-20 15:24:36.928 [info] fatal: not a git repository (or any parent up to mount point /)
Stopping at filesystem boundary (GIT_DISCOVERY_ACROSS_FILESYSTEM not set).
2024-10-20 15:24:36.934 [info] > git rev-parse --show-toplevel [1ms]
2024-10-20 15:24:36.934 [info] fatal: not a git repository (or any parent up to mount point /)
Stopping at filesystem boundary (GIT_DISCOVERY_ACROSS_FILESYSTEM not set).
2024-10-20 15:24:36.939 [info] > git rev-parse --show-toplevel [1ms]
2024-10-20 15:24:36.939 [info] fatal: not a git repository (or any parent up to mount point /)
Stopping at filesystem boundary (GIT_DISCOVERY_ACROSS_FILESYSTEM not set).
2024-10-20 15:24:36.944 [info] > git rev-parse --show-toplevel [1ms]
2024-10-20 15:24:36.944 [info] fatal: not a git repository (or any parent up to mount point /)
Stopping at filesystem boundary (GIT_DISCOVERY_ACROSS_FILESYSTEM not set).
2024-10-20 15:24:36.949 [info] > git rev-parse --show-toplevel [1ms]
2024-10-20 15:24:36.949 [info] fatal: not a git repository (or any parent up to mount point /)
Stopping at filesystem boundary (GIT_DISCOVERY_ACROSS_FILESYSTEM not set).
2024-10-20 15:24:36.954 [info] > git rev-parse --show-toplevel [0ms]
2024-10-20 15:24:36.954 [info] fatal: not a git repository (or any parent up to mount point /)
Stopping at filesystem boundary (GIT_DISCOVERY_ACROSS_FILESYSTEM not set).
2024-10-20 15:24:36.958 [info] > git rev-parse --show-toplevel [1ms]
2024-10-20 15:24:36.958 [info] fatal: not a git repository (or any parent up to mount point /)
Stopping at filesystem boundary (GIT_DISCOVERY_ACROSS_FILESYSTEM not set).
2024-10-20 15:24:36.962 [info] > git rev-parse --show-toplevel [0ms]
2024-10-20 15:24:36.963 [info] fatal: not a git repository (or any parent up to mount point /)
Stopping at filesystem boundary (GIT_DISCOVERY_ACROSS_FILESYSTEM not set).
2024-10-20 15:24:36.968 [info] > git rev-parse --show-toplevel [1ms]
2024-10-20 15:24:36.968 [info] fatal: not a git repository (or any parent up to mount point /)
Stopping at filesystem boundary (GIT_DISCOVERY_ACROSS_FILESYSTEM not set).
2024-10-20 15:24:36.974 [info] > git rev-parse --show-toplevel [1ms]
2024-10-20 15:24:36.974 [info] fatal: not a git repository (or any parent up to mount point /)
Stopping at filesystem boundary (GIT_DISCOVERY_ACROSS_FILESYSTEM not set).
2024-10-20 15:24:36.978 [info] > git rev-parse --show-toplevel [1ms]
2024-10-20 15:24:36.978 [info] fatal: not a git repository (or any parent up to mount point /)
Stopping at filesystem boundary (GIT_DISCOVERY_ACROSS_FILESYSTEM not set).
2024-10-20 15:24:36.984 [info] > git rev-parse --show-toplevel [1ms]
2024-10-20 15:24:36.984 [info] fatal: not a git repository (or any parent up to mount point /)
Stopping at filesystem boundary (GIT_DISCOVERY_ACROSS_FILESYSTEM not set).
2024-10-20 15:24:36.989 [info] > git rev-parse --show-toplevel [1ms]
2024-10-20 15:24:36.989 [info] fatal: not a git repository (or any parent up to mount point /)
Stopping at filesystem boundary (GIT_DISCOVERY_ACROSS_FILESYSTEM not set).
2024-10-20 15:24:36.994 [info] > git rev-parse --show-toplevel [1ms]
2024-10-20 15:24:36.994 [info] fatal: not a git repository (or any parent up to mount point /)
Stopping at filesystem boundary (GIT_DISCOVERY_ACROSS_FILESYSTEM not set).
2024-10-20 15:24:37.002 [info] > git rev-parse --show-toplevel [2ms]
2024-10-20 15:24:37.002 [info] fatal: not a git repository (or any parent up to mount point /)
Stopping at filesystem boundary (GIT_DISCOVERY_ACROSS_FILESYSTEM not set).
2024-10-20 15:24:37.010 [info] > git rev-parse --show-toplevel [1ms]
2024-10-20 15:24:37.010 [info] fatal: not a git repository (or any parent up to mount point /)
Stopping at filesystem boundary (GIT_DISCOVERY_ACROSS_FILESYSTEM not set).
2024-10-20 15:24:37.019 [info] > git rev-parse --show-toplevel [2ms]
2024-10-20 15:24:37.019 [info] fatal: not a git repository (or any parent up to mount point /)
Stopping at filesystem boundary (GIT_DISCOVERY_ACROSS_FILESYSTEM not set).
2024-10-20 15:24:37.026 [info] > git rev-parse --show-toplevel [1ms]
2024-10-20 15:24:37.026 [info] fatal: not a git repository (or any parent up to mount point /)
Stopping at filesystem boundary (GIT_DISCOVERY_ACROSS_FILESYSTEM not set).
2024-10-20 15:24:37.032 [info] > git rev-parse --show-toplevel [1ms]
2024-10-20 15:24:37.032 [info] fatal: not a git repository (or any parent up to mount point /)
Stopping at filesystem boundary (GIT_DISCOVERY_ACROSS_FILESYSTEM not set).
2024-10-20 15:24:37.038 [info] > git rev-parse --show-toplevel [1ms]
2024-10-20 15:24:37.038 [info] fatal: not a git repository (or any parent up to mount point /)
Stopping at filesystem boundary (GIT_DISCOVERY_ACROSS_FILESYSTEM not set).
2024-10-20 15:24:37.042 [info] > git rev-parse --show-toplevel [1ms]
2024-10-20 15:24:37.042 [info] fatal: not a git repository (or any parent up to mount point /)
Stopping at filesystem boundary (GIT_DISCOVERY_ACROSS_FILESYSTEM not set).
2024-10-20 15:24:37.048 [info] > git rev-parse --show-toplevel [1ms]
2024-10-20 15:24:37.048 [info] fatal: not a git repository (or any parent up to mount point /)
Stopping at filesystem boundary (GIT_DISCOVERY_ACROSS_FILESYSTEM not set).
2024-10-20 15:24:37.068 [info] > git rev-parse --show-toplevel [16ms]
2024-10-20 15:24:37.068 [info] fatal: not a git repository (or any parent up to mount point /)
Stopping at filesystem boundary (GIT_DISCOVERY_ACROSS_FILESYSTEM not set).
2024-10-20 15:24:37.076 [info] > git rev-parse --show-toplevel [1ms]
2024-10-20 15:24:37.076 [info] fatal: not a git repository (or any parent up to mount point /)
Stopping at filesystem boundary (GIT_DISCOVERY_ACROSS_FILESYSTEM not set).
2024-10-20 15:24:37.081 [info] > git rev-parse --show-toplevel [1ms]
2024-10-20 15:24:37.081 [info] fatal: not a git repository (or any parent up to mount point /)
Stopping at filesystem boundary (GIT_DISCOVERY_ACROSS_FILESYSTEM not set).
2024-10-20 15:24:37.087 [info] > git rev-parse --show-toplevel [1ms]
2024-10-20 15:24:37.087 [info] fatal: not a git repository (or any parent up to mount point /)
Stopping at filesystem boundary (GIT_DISCOVERY_ACROSS_FILESYSTEM not set).
2024-10-20 15:24:37.093 [info] > git rev-parse --show-toplevel [1ms]
2024-10-20 15:24:37.093 [info] fatal: not a git repository (or any parent up to mount point /)
Stopping at filesystem boundary (GIT_DISCOVERY_ACROSS_FILESYSTEM not set).
2024-10-20 15:24:37.098 [info] > git rev-parse --show-toplevel [1ms]
2024-10-20 15:24:37.098 [info] fatal: not a git repository (or any parent up to mount point /)
Stopping at filesystem boundary (GIT_DISCOVERY_ACROSS_FILESYSTEM not set).
2024-10-20 15:24:37.102 [info] > git rev-parse --show-toplevel [1ms]
2024-10-20 15:24:37.102 [info] fatal: not a git repository (or any parent up to mount point /)
Stopping at filesystem boundary (GIT_DISCOVERY_ACROSS_FILESYSTEM not set).
2024-10-20 15:24:37.107 [info] > git rev-parse --show-toplevel [1ms]
2024-10-20 15:24:37.107 [info] fatal: not a git repository (or any parent up to mount point /)
Stopping at filesystem boundary (GIT_DISCOVERY_ACROSS_FILESYSTEM not set).
2024-10-20 15:24:37.111 [info] > git rev-parse --show-toplevel [0ms]
2024-10-20 15:24:37.111 [info] fatal: not a git repository (or any parent up to mount point /)
Stopping at filesystem boundary (GIT_DISCOVERY_ACROSS_FILESYSTEM not set).
2024-10-20 15:24:37.116 [info] > git rev-parse --show-toplevel [1ms]
2024-10-20 15:24:37.116 [info] fatal: not a git repository (or any parent up to mount point /)
Stopping at filesystem boundary (GIT_DISCOVERY_ACROSS_FILESYSTEM not set).
2024-10-20 15:24:37.121 [info] > git rev-parse --show-toplevel [1ms]
2024-10-20 15:24:37.121 [info] fatal: not a git repository (or any parent up to mount point /)
Stopping at filesystem boundary (GIT_DISCOVERY_ACROSS_FILESYSTEM not set).
2024-10-20 15:24:37.125 [info] > git rev-parse --show-toplevel [0ms]
2024-10-20 15:24:37.125 [info] fatal: not a git repository (or any parent up to mount point /)
Stopping at filesystem boundary (GIT_DISCOVERY_ACROSS_FILESYSTEM not set).
2024-10-20 15:24:37.130 [info] > git rev-parse --show-toplevel [1ms]
2024-10-20 15:24:37.130 [info] fatal: not a git repository (or any parent up to mount point /)
Stopping at filesystem boundary (GIT_DISCOVERY_ACROSS_FILESYSTEM not set).
2024-10-20 15:24:37.135 [info] > git rev-parse --show-toplevel [0ms]
2024-10-20 15:24:37.136 [info] fatal: not a git repository (or any parent up to mount point /)
Stopping at filesystem boundary (GIT_DISCOVERY_ACROSS_FILESYSTEM not set).
2024-10-20 15:24:37.140 [info] > git rev-parse --show-toplevel [1ms]
2024-10-20 15:24:37.140 [info] fatal: not a git repository (or any parent up to mount point /)
Stopping at filesystem boundary (GIT_DISCOVERY_ACROSS_FILESYSTEM not set).
2024-10-20 15:24:37.145 [info] > git rev-parse --show-toplevel [1ms]
2024-10-20 15:24:37.145 [info] fatal: not a git repository (or any parent up to mount point /)
Stopping at filesystem boundary (GIT_DISCOVERY_ACROSS_FILESYSTEM not set).
2024-10-20 15:24:37.151 [info] > git rev-parse --show-toplevel [1ms]
2024-10-20 15:24:37.151 [info] fatal: not a git repository (or any parent up to mount point /)
Stopping at filesystem boundary (GIT_DISCOVERY_ACROSS_FILESYSTEM not set).
2024-10-20 15:24:37.156 [info] > git rev-parse --show-toplevel [1ms]
2024-10-20 15:24:37.156 [info] fatal: not a git repository (or any parent up to mount point /)
Stopping at filesystem boundary (GIT_DISCOVERY_ACROSS_FILESYSTEM not set).
2024-10-20 15:24:37.161 [info] > git rev-parse --show-toplevel [1ms]
2024-10-20 15:24:37.161 [info] fatal: not a git repository (or any parent up to mount point /)
Stopping at filesystem boundary (GIT_DISCOVERY_ACROSS_FILESYSTEM not set).
2024-10-20 15:24:37.167 [info] > git rev-parse --show-toplevel [0ms]
2024-10-20 15:24:37.167 [info] fatal: not a git repository (or any parent up to mount point /)
Stopping at filesystem boundary (GIT_DISCOVERY_ACROSS_FILESYSTEM not set).
2024-10-20 15:24:37.171 [info] > git rev-parse --show-toplevel [0ms]
2024-10-20 15:24:37.171 [info] fatal: not a git repository (or any parent up to mount point /)
Stopping at filesystem boundary (GIT_DISCOVERY_ACROSS_FILESYSTEM not set).
2024-10-20 15:24:37.176 [info] > git rev-parse --show-toplevel [1ms]
2024-10-20 15:24:37.176 [info] fatal: not a git repository (or any parent up to mount point /)
Stopping at filesystem boundary (GIT_DISCOVERY_ACROSS_FILESYSTEM not set).
2024-10-20 15:24:37.182 [info] > git rev-parse --show-toplevel [1ms]
2024-10-20 15:24:37.182 [info] fatal: not a git repository (or any parent up to mount point /)
Stopping at filesystem boundary (GIT_DISCOVERY_ACROSS_FILESYSTEM not set).
2024-10-20 15:24:37.187 [info] > git rev-parse --show-toplevel [1ms]
2024-10-20 15:24:37.187 [info] fatal: not a git repository (or any parent up to mount point /)
Stopping at filesystem boundary (GIT_DISCOVERY_ACROSS_FILESYSTEM not set).
2024-10-20 15:24:37.187 [info] [Model][doInitialScan] Initial repository scan completed - repositories (0), closed repositories (0), parent repositories (0), unsafe repositories (0)
2024-10-20 15:24:37.504 [info] > git rev-parse --show-toplevel [1ms]
2024-10-20 15:24:37.504 [info] fatal: not a git repository (or any parent up to mount point /)
Stopping at filesystem boundary (GIT_DISCOVERY_ACROSS_FILESYSTEM not set).
2024-10-20 15:24:37.509 [info] > git rev-parse --show-toplevel [1ms]
2024-10-20 15:24:37.509 [info] fatal: not a git repository (or any parent up to mount point /)
Stopping at filesystem boundary (GIT_DISCOVERY_ACROSS_FILESYSTEM not set).
2024-10-20 15:24:37.514 [info] > git rev-parse --show-toplevel [1ms]
2024-10-20 15:24:37.514 [info] fatal: not a git repository (or any parent up to mount point /)
Stopping at filesystem boundary (GIT_DISCOVERY_ACROSS_FILESYSTEM not set).
2024-10-20 15:24:38.437 [info] > git rev-parse --show-toplevel [1ms]
2024-10-20 15:24:38.437 [info] fatal: not a git repository (or any parent up to mount point /)
Stopping at filesystem boundary (GIT_DISCOVERY_ACROSS_FILESYSTEM not set).
2024-10-20 15:24:40.095 [info] > git rev-parse --show-toplevel [3ms]
2024-10-20 15:24:40.095 [info] fatal: not a git repository (or any parent up to mount point /)
Stopping at filesystem boundary (GIT_DISCOVERY_ACROSS_FILESYSTEM not set).
2024-10-20 15:31:37.974 [info] > git rev-parse --show-toplevel [2ms]
2024-10-20 15:31:37.974 [info] fatal: not a git repository (or any parent up to mount point /)
Stopping at filesystem boundary (GIT_DISCOVERY_ACROSS_FILESYSTEM not set).
2024-10-20 15:31:37.982 [info] > git rev-parse --show-toplevel [3ms]
2024-10-20 15:31:37.982 [info] fatal: not a git repository (or any parent up to mount point /)
Stopping at filesystem boundary (GIT_DISCOVERY_ACROSS_FILESYSTEM not set).
2024-10-20 15:32:12.441 [info] > git rev-parse --show-toplevel [2ms]
2024-10-20 15:32:12.441 [info] fatal: not a git repository (or any parent up to mount point /)
Stopping at filesystem boundary (GIT_DISCOVERY_ACROSS_FILESYSTEM not set).
2024-10-20 15:32:12.494 [info] > git rev-parse --show-toplevel [1ms]
2024-10-20 15:32:12.494 [info] fatal: not a git repository (or any parent up to mount point /)
Stopping at filesystem boundary (GIT_DISCOVERY_ACROSS_FILESYSTEM not set).
2024-10-20 15:32:12.499 [info] > git rev-parse --show-toplevel [1ms]
2024-10-20 15:32:12.499 [info] fatal: not a git repository (or any parent up to mount point /)
Stopping at filesystem boundary (GIT_DISCOVERY_ACROSS_FILESYSTEM not set).
2024-10-20 15:32:42.633 [info] > git rev-parse --show-toplevel [1ms]
2024-10-20 15:32:42.633 [info] fatal: not a git repository (or any parent up to mount point /)
Stopping at filesystem boundary (GIT_DISCOVERY_ACROSS_FILESYSTEM not set).
2024-10-20 15:32:42.673 [info] > git rev-parse --show-toplevel [1ms]
2024-10-20 15:32:42.673 [info] fatal: not a git repository (or any parent up to mount point /)
Stopping at filesystem boundary (GIT_DISCOVERY_ACROSS_FILESYSTEM not set).
2024-10-20 15:32:42.678 [info] > git rev-parse --show-toplevel [1ms]
2024-10-20 15:32:42.678 [info] fatal: not a git repository (or any parent up to mount point /)
Stopping at filesystem boundary (GIT_DISCOVERY_ACROSS_FILESYSTEM not set).
2024-10-20 15:33:28.057 [info] > git rev-parse --show-toplevel [1ms]
2024-10-20 15:33:28.057 [info] fatal: not a git repository (or any parent up to mount point /)
Stopping at filesystem boundary (GIT_DISCOVERY_ACROSS_FILESYSTEM not set).
2024-10-20 15:33:28.097 [info] > git rev-parse --show-toplevel [1ms]
2024-10-20 15:33:28.097 [info] fatal: not a git repository (or any parent up to mount point /)
Stopping at filesystem boundary (GIT_DISCOVERY_ACROSS_FILESYSTEM not set).
2024-10-20 15:33:28.103 [info] > git rev-parse --show-toplevel [0ms]
2024-10-20 15:33:28.103 [info] fatal: not a git repository (or any parent up to mount point /)
Stopping at filesystem boundary (GIT_DISCOVERY_ACROSS_FILESYSTEM not set).
2024-10-20 15:33:32.377 [info] > git rev-parse --show-toplevel [1ms]
2024-10-20 15:33:32.377 [info] fatal: not a git repository (or any parent up to mount point /)
Stopping at filesystem boundary (GIT_DISCOVERY_ACROSS_FILESYSTEM not set).
2024-10-20 15:33:32.404 [info] > git rev-parse --show-toplevel [2ms]
2024-10-20 15:33:32.404 [info] fatal: not a git repository (or any parent up to mount point /)
Stopping at filesystem boundary (GIT_DISCOVERY_ACROSS_FILESYSTEM not set).
2024-10-20 15:33:32.412 [info] > git rev-parse --show-toplevel [2ms]
2024-10-20 15:33:32.412 [info] fatal: not a git repository (or any parent up to mount point /)
Stopping at filesystem boundary (GIT_DISCOVERY_ACROSS_FILESYSTEM not set).
2024-10-20 15:33:34.666 [info] > git rev-parse --show-toplevel [2ms]
2024-10-20 15:33:34.666 [info] fatal: not a git repository (or any parent up to mount point /)
Stopping at filesystem boundary (GIT_DISCOVERY_ACROSS_FILESYSTEM not set).
2024-10-20 15:33:34.729 [info] > git rev-parse --show-toplevel [2ms]
2024-10-20 15:33:34.729 [info] fatal: not a git repository (or any parent up to mount point /)
Stopping at filesystem boundary (GIT_DISCOVERY_ACROSS_FILESYSTEM not set).
2024-10-20 15:33:34.737 [info] > git rev-parse --show-toplevel [1ms]
2024-10-20 15:33:34.737 [info] fatal: not a git repository (or any parent up to mount point /)
Stopping at filesystem boundary (GIT_DISCOVERY_ACROSS_FILESYSTEM not set).
2024-10-20 15:33:54.030 [info] > git rev-parse --show-toplevel [2ms]
2024-10-20 15:33:54.030 [info] fatal: not a git repository (or any parent up to mount point /)
Stopping at filesystem boundary (GIT_DISCOVERY_ACROSS_FILESYSTEM not set).
2024-10-20 15:33:54.064 [info] > git rev-parse --show-toplevel [3ms]
2024-10-20 15:33:54.064 [info] fatal: not a git repository (or any parent up to mount point /)
Stopping at filesystem boundary (GIT_DISCOVERY_ACROSS_FILESYSTEM not set).
2024-10-20 15:33:54.072 [info] > git rev-parse --show-toplevel [2ms]
2024-10-20 15:33:54.072 [info] fatal: not a git repository (or any parent up to mount point /)
Stopping at filesystem boundary (GIT_DISCOVERY_ACROSS_FILESYSTEM not set).
2024-10-20 15:37:05.625 [info] > git rev-parse --show-toplevel [1ms]
2024-10-20 15:37:05.625 [info] fatal: not a git repository (or any parent up to mount point /)
Stopping at filesystem boundary (GIT_DISCOVERY_ACROSS_FILESYSTEM not set).
2024-10-20 15:37:05.687 [info] > git rev-parse --show-toplevel [2ms]
2024-10-20 15:37:05.687 [info] fatal: not a git repository (or any parent up to mount point /)
Stopping at filesystem boundary (GIT_DISCOVERY_ACROSS_FILESYSTEM not set).
2024-10-20 15:37:05.693 [info] > git rev-parse --show-toplevel [1ms]
2024-10-20 15:37:05.693 [info] fatal: not a git repository (or any parent up to mount point /)
Stopping at filesystem boundary (GIT_DISCOVERY_ACROSS_FILESYSTEM not set).
2024-10-20 15:37:43.464 [info] > git rev-parse --show-toplevel [2ms]
2024-10-20 15:37:43.464 [info] fatal: not a git repository (or any parent up to mount point /)
Stopping at filesystem boundary (GIT_DISCOVERY_ACROSS_FILESYSTEM not set).
2024-10-20 15:37:43.491 [info] > git rev-parse --show-toplevel [2ms]
2024-10-20 15:37:43.491 [info] fatal: not a git repository (or any parent up to mount point /)
Stopping at filesystem boundary (GIT_DISCOVERY_ACROSS_FILESYSTEM not set).
2024-10-20 15:37:43.500 [info] > git rev-parse --show-toplevel [3ms]
2024-10-20 15:37:43.500 [info] fatal: not a git repository (or any parent up to mount point /)
Stopping at filesystem boundary (GIT_DISCOVERY_ACROSS_FILESYSTEM not set).
2024-10-20 15:48:13.870 [info] > git rev-parse --show-toplevel [1ms]
2024-10-20 15:48:13.870 [info] fatal: not a git repository (or any parent up to mount point /)
Stopping at filesystem boundary (GIT_DISCOVERY_ACROSS_FILESYSTEM not set).
2024-10-20 15:48:13.924 [info] > git rev-parse --show-toplevel [1ms]
2024-10-20 15:48:13.924 [info] fatal: not a git repository (or any parent up to mount point /)
Stopping at filesystem boundary (GIT_DISCOVERY_ACROSS_FILESYSTEM not set).
2024-10-20 15:48:13.930 [info] > git rev-parse --show-toplevel [1ms]
2024-10-20 15:48:13.930 [info] fatal: not a git repository (or any parent up to mount point /)
Stopping at filesystem boundary (GIT_DISCOVERY_ACROSS_FILESYSTEM not set).
2024-10-20 15:48:45.689 [info] > git rev-parse --show-toplevel [1ms]
2024-10-20 15:48:45.689 [info] fatal: not a git repository (or any parent up to mount point /)
Stopping at filesystem boundary (GIT_DISCOVERY_ACROSS_FILESYSTEM not set).
2024-10-20 15:48:45.720 [info] > git rev-parse --show-toplevel [2ms]
2024-10-20 15:48:45.720 [info] fatal: not a git repository (or any parent up to mount point /)
Stopping at filesystem boundary (GIT_DISCOVERY_ACROSS_FILESYSTEM not set).
2024-10-20 15:48:45.726 [info] > git rev-parse --show-toplevel [1ms]
2024-10-20 15:48:45.726 [info] fatal: not a git repository (or any parent up to mount point /)
Stopping at filesystem boundary (GIT_DISCOVERY_ACROSS_FILESYSTEM not set).
2024-10-20 15:55:19.352 [info] > git rev-parse --show-toplevel [1ms]
2024-10-20 15:55:19.352 [info] fatal: not a git repository (or any parent up to mount point /)
Stopping at filesystem boundary (GIT_DISCOVERY_ACROSS_FILESYSTEM not set).
2024-10-20 15:55:19.363 [info] > git rev-parse --show-toplevel [2ms]
2024-10-20 15:55:19.363 [info] fatal: not a git repository (or any parent up to mount point /)
Stopping at filesystem boundary (GIT_DISCOVERY_ACROSS_FILESYSTEM not set).
2024-10-20 15:55:19.371 [info] > git rev-parse --show-toplevel [2ms]
2024-10-20 15:55:19.371 [info] fatal: not a git repository (or any parent up to mount point /)
Stopping at filesystem boundary (GIT_DISCOVERY_ACROSS_FILESYSTEM not set).
2024-10-20 15:55:26.645 [info] > git rev-parse --show-toplevel [1ms]
2024-10-20 15:55:26.645 [info] fatal: not a git repository (or any parent up to mount point /)
Stopping at filesystem boundary (GIT_DISCOVERY_ACROSS_FILESYSTEM not set).
2024-10-20 15:55:26.687 [info] > git rev-parse --show-toplevel [2ms]
2024-10-20 15:55:26.687 [info] fatal: not a git repository (or any parent up to mount point /)
Stopping at filesystem boundary (GIT_DISCOVERY_ACROSS_FILESYSTEM not set).
2024-10-20 15:55:26.693 [info] > git rev-parse --show-toplevel [1ms]
2024-10-20 15:55:26.694 [info] fatal: not a git repository (or any parent up to mount point /)
Stopping at filesystem boundary (GIT_DISCOVERY_ACROSS_FILESYSTEM not set).
2024-10-20 16:01:58.426 [info] > git rev-parse --show-toplevel [1ms]
2024-10-20 16:01:58.426 [info] fatal: not a git repository (or any parent up to mount point /)
Stopping at filesystem boundary (GIT_DISCOVERY_ACROSS_FILESYSTEM not set).
2024-10-20 16:01:58.447 [info] > git rev-parse --show-toplevel [1ms]
2024-10-20 16:01:58.447 [info] fatal: not a git repository (or any parent up to mount point /)
Stopping at filesystem boundary (GIT_DISCOVERY_ACROSS_FILESYSTEM not set).
2024-10-20 16:01:58.454 [info] > git rev-parse --show-toplevel [1ms]
2024-10-20 16:01:58.454 [info] fatal: not a git repository (or any parent up to mount point /)
Stopping at filesystem boundary (GIT_DISCOVERY_ACROSS_FILESYSTEM not set).
2024-10-20 16:01:59.588 [info] > git rev-parse --show-toplevel [1ms]
2024-10-20 16:01:59.588 [info] fatal: not a git repository (or any parent up to mount point /)
Stopping at filesystem boundary (GIT_DISCOVERY_ACROSS_FILESYSTEM not set).
