2024-10-20 17:52:46.462 [info] [main] Log level: Info
2024-10-20 17:52:46.462 [info] [main] Validating found git in: "git"
2024-10-20 17:52:46.462 [info] [main] Using git "2.47.0" from "git"
2024-10-20 17:52:46.462 [info] [Model][doInitialScan] Initial repository scan started
2024-10-20 17:52:46.462 [info] > git rev-parse --show-toplevel [2ms]
2024-10-20 17:52:46.462 [info] fatal: not a git repository (or any parent up to mount point /)
Stopping at filesystem boundary (GIT_DISCOVERY_ACROSS_FILESYSTEM not set).
2024-10-20 17:52:46.462 [info] > git rev-parse --show-toplevel [3ms]
2024-10-20 17:52:46.462 [info] fatal: not a git repository (or any parent up to mount point /)
Stopping at filesystem boundary (GIT_DISCOVERY_ACROSS_FILESYSTEM not set).
2024-10-20 17:52:46.462 [info] > git rev-parse --show-toplevel [1ms]
2024-10-20 17:52:46.462 [info] fatal: not a git repository (or any parent up to mount point /)
Stopping at filesystem boundary (GIT_DISCOVERY_ACROSS_FILESYSTEM not set).
2024-10-20 17:52:46.462 [info] > git rev-parse --show-toplevel [9ms]
2024-10-20 17:52:46.462 [info] fatal: not a git repository (or any parent up to mount point /)
Stopping at filesystem boundary (GIT_DISCOVERY_ACROSS_FILESYSTEM not set).
2024-10-20 17:52:46.462 [info] > git rev-parse --show-toplevel [1ms]
2024-10-20 17:52:46.462 [info] fatal: not a git repository (or any parent up to mount point /)
Stopping at filesystem boundary (GIT_DISCOVERY_ACROSS_FILESYSTEM not set).
2024-10-20 17:52:46.462 [info] > git rev-parse --show-toplevel [2ms]
2024-10-20 17:52:46.462 [info] fatal: not a git repository (or any parent up to mount point /)
Stopping at filesystem boundary (GIT_DISCOVERY_ACROSS_FILESYSTEM not set).
2024-10-20 17:52:46.462 [info] > git rev-parse --show-toplevel [1ms]
2024-10-20 17:52:46.462 [info] fatal: not a git repository (or any parent up to mount point /)
Stopping at filesystem boundary (GIT_DISCOVERY_ACROSS_FILESYSTEM not set).
2024-10-20 17:52:46.462 [info] > git rev-parse --show-toplevel [2ms]
2024-10-20 17:52:46.462 [info] fatal: not a git repository (or any parent up to mount point /)
Stopping at filesystem boundary (GIT_DISCOVERY_ACROSS_FILESYSTEM not set).
2024-10-20 17:52:46.464 [info] > git rev-parse --show-toplevel [2ms]
2024-10-20 17:52:46.464 [info] fatal: not a git repository (or any parent up to mount point /)
Stopping at filesystem boundary (GIT_DISCOVERY_ACROSS_FILESYSTEM not set).
2024-10-20 17:52:46.709 [info] > git rev-parse --show-toplevel [215ms]
2024-10-20 17:52:46.709 [info] fatal: not a git repository (or any parent up to mount point /)
Stopping at filesystem boundary (GIT_DISCOVERY_ACROSS_FILESYSTEM not set).
2024-10-20 17:52:46.768 [info] > git rev-parse --show-toplevel [7ms]
2024-10-20 17:52:46.768 [info] fatal: not a git repository (or any parent up to mount point /)
Stopping at filesystem boundary (GIT_DISCOVERY_ACROSS_FILESYSTEM not set).
2024-10-20 17:52:46.774 [info] > git rev-parse --show-toplevel [2ms]
2024-10-20 17:52:46.774 [info] fatal: not a git repository (or any parent up to mount point /)
Stopping at filesystem boundary (GIT_DISCOVERY_ACROSS_FILESYSTEM not set).
2024-10-20 17:52:46.779 [info] > git rev-parse --show-toplevel [1ms]
2024-10-20 17:52:46.779 [info] fatal: not a git repository (or any parent up to mount point /)
Stopping at filesystem boundary (GIT_DISCOVERY_ACROSS_FILESYSTEM not set).
2024-10-20 17:52:46.784 [info] > git rev-parse --show-toplevel [1ms]
2024-10-20 17:52:46.784 [info] fatal: not a git repository (or any parent up to mount point /)
Stopping at filesystem boundary (GIT_DISCOVERY_ACROSS_FILESYSTEM not set).
2024-10-20 17:52:46.789 [info] > git rev-parse --show-toplevel [1ms]
2024-10-20 17:52:46.789 [info] fatal: not a git repository (or any parent up to mount point /)
Stopping at filesystem boundary (GIT_DISCOVERY_ACROSS_FILESYSTEM not set).
2024-10-20 17:52:46.794 [info] > git rev-parse --show-toplevel [2ms]
2024-10-20 17:52:46.794 [info] fatal: not a git repository (or any parent up to mount point /)
Stopping at filesystem boundary (GIT_DISCOVERY_ACROSS_FILESYSTEM not set).
2024-10-20 17:52:46.799 [info] > git rev-parse --show-toplevel [0ms]
2024-10-20 17:52:46.799 [info] fatal: not a git repository (or any parent up to mount point /)
Stopping at filesystem boundary (GIT_DISCOVERY_ACROSS_FILESYSTEM not set).
2024-10-20 17:52:46.804 [info] > git rev-parse --show-toplevel [1ms]
2024-10-20 17:52:46.804 [info] fatal: not a git repository (or any parent up to mount point /)
Stopping at filesystem boundary (GIT_DISCOVERY_ACROSS_FILESYSTEM not set).
2024-10-20 17:52:46.809 [info] > git rev-parse --show-toplevel [1ms]
2024-10-20 17:52:46.809 [info] fatal: not a git repository (or any parent up to mount point /)
Stopping at filesystem boundary (GIT_DISCOVERY_ACROSS_FILESYSTEM not set).
2024-10-20 17:52:46.951 [info] > git rev-parse --show-toplevel [139ms]
2024-10-20 17:52:46.951 [info] fatal: not a git repository (or any parent up to mount point /)
Stopping at filesystem boundary (GIT_DISCOVERY_ACROSS_FILESYSTEM not set).
2024-10-20 17:52:46.979 [info] > git rev-parse --show-toplevel [3ms]
2024-10-20 17:52:46.979 [info] fatal: not a git repository (or any parent up to mount point /)
Stopping at filesystem boundary (GIT_DISCOVERY_ACROSS_FILESYSTEM not set).
2024-10-20 17:52:47.012 [info] > git rev-parse --show-toplevel [27ms]
2024-10-20 17:52:47.012 [info] fatal: not a git repository (or any parent up to mount point /)
Stopping at filesystem boundary (GIT_DISCOVERY_ACROSS_FILESYSTEM not set).
2024-10-20 17:52:47.018 [info] > git rev-parse --show-toplevel [1ms]
2024-10-20 17:52:47.018 [info] fatal: not a git repository (or any parent up to mount point /)
Stopping at filesystem boundary (GIT_DISCOVERY_ACROSS_FILESYSTEM not set).
2024-10-20 17:52:47.023 [info] > git rev-parse --show-toplevel [1ms]
2024-10-20 17:52:47.023 [info] fatal: not a git repository (or any parent up to mount point /)
Stopping at filesystem boundary (GIT_DISCOVERY_ACROSS_FILESYSTEM not set).
2024-10-20 17:52:47.028 [info] > git rev-parse --show-toplevel [1ms]
2024-10-20 17:52:47.028 [info] fatal: not a git repository (or any parent up to mount point /)
Stopping at filesystem boundary (GIT_DISCOVERY_ACROSS_FILESYSTEM not set).
2024-10-20 17:52:47.033 [info] > git rev-parse --show-toplevel [0ms]
2024-10-20 17:52:47.033 [info] fatal: not a git repository (or any parent up to mount point /)
Stopping at filesystem boundary (GIT_DISCOVERY_ACROSS_FILESYSTEM not set).
2024-10-20 17:52:47.039 [info] > git rev-parse --show-toplevel [1ms]
2024-10-20 17:52:47.039 [info] fatal: not a git repository (or any parent up to mount point /)
Stopping at filesystem boundary (GIT_DISCOVERY_ACROSS_FILESYSTEM not set).
2024-10-20 17:52:47.044 [info] > git rev-parse --show-toplevel [1ms]
2024-10-20 17:52:47.044 [info] fatal: not a git repository (or any parent up to mount point /)
Stopping at filesystem boundary (GIT_DISCOVERY_ACROSS_FILESYSTEM not set).
2024-10-20 17:52:47.049 [info] > git rev-parse --show-toplevel [1ms]
2024-10-20 17:52:47.049 [info] fatal: not a git repository (or any parent up to mount point /)
Stopping at filesystem boundary (GIT_DISCOVERY_ACROSS_FILESYSTEM not set).
2024-10-20 17:52:47.054 [info] > git rev-parse --show-toplevel [1ms]
2024-10-20 17:52:47.054 [info] fatal: not a git repository (or any parent up to mount point /)
Stopping at filesystem boundary (GIT_DISCOVERY_ACROSS_FILESYSTEM not set).
2024-10-20 17:52:47.060 [info] > git rev-parse --show-toplevel [1ms]
2024-10-20 17:52:47.060 [info] fatal: not a git repository (or any parent up to mount point /)
Stopping at filesystem boundary (GIT_DISCOVERY_ACROSS_FILESYSTEM not set).
2024-10-20 17:52:47.065 [info] > git rev-parse --show-toplevel [1ms]
2024-10-20 17:52:47.065 [info] fatal: not a git repository (or any parent up to mount point /)
Stopping at filesystem boundary (GIT_DISCOVERY_ACROSS_FILESYSTEM not set).
2024-10-20 17:52:47.070 [info] > git rev-parse --show-toplevel [1ms]
2024-10-20 17:52:47.070 [info] fatal: not a git repository (or any parent up to mount point /)
Stopping at filesystem boundary (GIT_DISCOVERY_ACROSS_FILESYSTEM not set).
2024-10-20 17:52:47.075 [info] > git rev-parse --show-toplevel [1ms]
2024-10-20 17:52:47.075 [info] fatal: not a git repository (or any parent up to mount point /)
Stopping at filesystem boundary (GIT_DISCOVERY_ACROSS_FILESYSTEM not set).
2024-10-20 17:52:47.081 [info] > git rev-parse --show-toplevel [1ms]
2024-10-20 17:52:47.081 [info] fatal: not a git repository (or any parent up to mount point /)
Stopping at filesystem boundary (GIT_DISCOVERY_ACROSS_FILESYSTEM not set).
2024-10-20 17:52:47.086 [info] > git rev-parse --show-toplevel [1ms]
2024-10-20 17:52:47.086 [info] fatal: not a git repository (or any parent up to mount point /)
Stopping at filesystem boundary (GIT_DISCOVERY_ACROSS_FILESYSTEM not set).
2024-10-20 17:52:47.091 [info] > git rev-parse --show-toplevel [1ms]
2024-10-20 17:52:47.091 [info] fatal: not a git repository (or any parent up to mount point /)
Stopping at filesystem boundary (GIT_DISCOVERY_ACROSS_FILESYSTEM not set).
2024-10-20 17:52:47.097 [info] > git rev-parse --show-toplevel [1ms]
2024-10-20 17:52:47.097 [info] fatal: not a git repository (or any parent up to mount point /)
Stopping at filesystem boundary (GIT_DISCOVERY_ACROSS_FILESYSTEM not set).
2024-10-20 17:52:47.102 [info] > git rev-parse --show-toplevel [1ms]
2024-10-20 17:52:47.102 [info] fatal: not a git repository (or any parent up to mount point /)
Stopping at filesystem boundary (GIT_DISCOVERY_ACROSS_FILESYSTEM not set).
2024-10-20 17:52:47.107 [info] > git rev-parse --show-toplevel [1ms]
2024-10-20 17:52:47.107 [info] fatal: not a git repository (or any parent up to mount point /)
Stopping at filesystem boundary (GIT_DISCOVERY_ACROSS_FILESYSTEM not set).
2024-10-20 17:52:47.113 [info] > git rev-parse --show-toplevel [1ms]
2024-10-20 17:52:47.113 [info] fatal: not a git repository (or any parent up to mount point /)
Stopping at filesystem boundary (GIT_DISCOVERY_ACROSS_FILESYSTEM not set).
2024-10-20 17:52:47.118 [info] > git rev-parse --show-toplevel [1ms]
2024-10-20 17:52:47.118 [info] fatal: not a git repository (or any parent up to mount point /)
Stopping at filesystem boundary (GIT_DISCOVERY_ACROSS_FILESYSTEM not set).
2024-10-20 17:52:47.123 [info] > git rev-parse --show-toplevel [1ms]
2024-10-20 17:52:47.123 [info] fatal: not a git repository (or any parent up to mount point /)
Stopping at filesystem boundary (GIT_DISCOVERY_ACROSS_FILESYSTEM not set).
2024-10-20 17:52:47.130 [info] > git rev-parse --show-toplevel [1ms]
2024-10-20 17:52:47.130 [info] fatal: not a git repository (or any parent up to mount point /)
Stopping at filesystem boundary (GIT_DISCOVERY_ACROSS_FILESYSTEM not set).
2024-10-20 17:52:47.135 [info] > git rev-parse --show-toplevel [0ms]
2024-10-20 17:52:47.135 [info] fatal: not a git repository (or any parent up to mount point /)
Stopping at filesystem boundary (GIT_DISCOVERY_ACROSS_FILESYSTEM not set).
2024-10-20 17:52:47.140 [info] > git rev-parse --show-toplevel [0ms]
2024-10-20 17:52:47.140 [info] fatal: not a git repository (or any parent up to mount point /)
Stopping at filesystem boundary (GIT_DISCOVERY_ACROSS_FILESYSTEM not set).
2024-10-20 17:52:47.146 [info] > git rev-parse --show-toplevel [1ms]
2024-10-20 17:52:47.146 [info] fatal: not a git repository (or any parent up to mount point /)
Stopping at filesystem boundary (GIT_DISCOVERY_ACROSS_FILESYSTEM not set).
2024-10-20 17:52:47.151 [info] > git rev-parse --show-toplevel [1ms]
2024-10-20 17:52:47.151 [info] fatal: not a git repository (or any parent up to mount point /)
Stopping at filesystem boundary (GIT_DISCOVERY_ACROSS_FILESYSTEM not set).
2024-10-20 17:52:47.156 [info] > git rev-parse --show-toplevel [1ms]
2024-10-20 17:52:47.156 [info] fatal: not a git repository (or any parent up to mount point /)
Stopping at filesystem boundary (GIT_DISCOVERY_ACROSS_FILESYSTEM not set).
2024-10-20 17:52:47.162 [info] > git rev-parse --show-toplevel [1ms]
2024-10-20 17:52:47.162 [info] fatal: not a git repository (or any parent up to mount point /)
Stopping at filesystem boundary (GIT_DISCOVERY_ACROSS_FILESYSTEM not set).
2024-10-20 17:52:47.168 [info] > git rev-parse --show-toplevel [1ms]
2024-10-20 17:52:47.168 [info] fatal: not a git repository (or any parent up to mount point /)
Stopping at filesystem boundary (GIT_DISCOVERY_ACROSS_FILESYSTEM not set).
2024-10-20 17:52:47.172 [info] > git rev-parse --show-toplevel [1ms]
2024-10-20 17:52:47.172 [info] fatal: not a git repository (or any parent up to mount point /)
Stopping at filesystem boundary (GIT_DISCOVERY_ACROSS_FILESYSTEM not set).
2024-10-20 17:52:47.177 [info] > git rev-parse --show-toplevel [1ms]
2024-10-20 17:52:47.177 [info] fatal: not a git repository (or any parent up to mount point /)
Stopping at filesystem boundary (GIT_DISCOVERY_ACROSS_FILESYSTEM not set).
2024-10-20 17:52:47.182 [info] > git rev-parse --show-toplevel [1ms]
2024-10-20 17:52:47.182 [info] fatal: not a git repository (or any parent up to mount point /)
Stopping at filesystem boundary (GIT_DISCOVERY_ACROSS_FILESYSTEM not set).
2024-10-20 17:52:47.187 [info] > git rev-parse --show-toplevel [1ms]
2024-10-20 17:52:47.187 [info] fatal: not a git repository (or any parent up to mount point /)
Stopping at filesystem boundary (GIT_DISCOVERY_ACROSS_FILESYSTEM not set).
2024-10-20 17:52:47.192 [info] > git rev-parse --show-toplevel [2ms]
2024-10-20 17:52:47.192 [info] fatal: not a git repository (or any parent up to mount point /)
Stopping at filesystem boundary (GIT_DISCOVERY_ACROSS_FILESYSTEM not set).
2024-10-20 17:52:47.197 [info] > git rev-parse --show-toplevel [1ms]
2024-10-20 17:52:47.197 [info] fatal: not a git repository (or any parent up to mount point /)
Stopping at filesystem boundary (GIT_DISCOVERY_ACROSS_FILESYSTEM not set).
2024-10-20 17:52:47.201 [info] > git rev-parse --show-toplevel [1ms]
2024-10-20 17:52:47.201 [info] fatal: not a git repository (or any parent up to mount point /)
Stopping at filesystem boundary (GIT_DISCOVERY_ACROSS_FILESYSTEM not set).
2024-10-20 17:52:47.217 [info] > git rev-parse --show-toplevel [12ms]
2024-10-20 17:52:47.217 [info] fatal: not a git repository (or any parent up to mount point /)
Stopping at filesystem boundary (GIT_DISCOVERY_ACROSS_FILESYSTEM not set).
2024-10-20 17:52:47.221 [info] > git rev-parse --show-toplevel [1ms]
2024-10-20 17:52:47.221 [info] fatal: not a git repository (or any parent up to mount point /)
Stopping at filesystem boundary (GIT_DISCOVERY_ACROSS_FILESYSTEM not set).
2024-10-20 17:52:47.226 [info] > git rev-parse --show-toplevel [1ms]
2024-10-20 17:52:47.226 [info] fatal: not a git repository (or any parent up to mount point /)
Stopping at filesystem boundary (GIT_DISCOVERY_ACROSS_FILESYSTEM not set).
2024-10-20 17:52:47.231 [info] > git rev-parse --show-toplevel [1ms]
2024-10-20 17:52:47.231 [info] fatal: not a git repository (or any parent up to mount point /)
Stopping at filesystem boundary (GIT_DISCOVERY_ACROSS_FILESYSTEM not set).
2024-10-20 17:52:47.235 [info] > git rev-parse --show-toplevel [1ms]
2024-10-20 17:52:47.235 [info] fatal: not a git repository (or any parent up to mount point /)
Stopping at filesystem boundary (GIT_DISCOVERY_ACROSS_FILESYSTEM not set).
2024-10-20 17:52:47.239 [info] > git rev-parse --show-toplevel [1ms]
2024-10-20 17:52:47.239 [info] fatal: not a git repository (or any parent up to mount point /)
Stopping at filesystem boundary (GIT_DISCOVERY_ACROSS_FILESYSTEM not set).
2024-10-20 17:52:47.244 [info] > git rev-parse --show-toplevel [1ms]
2024-10-20 17:52:47.244 [info] fatal: not a git repository (or any parent up to mount point /)
Stopping at filesystem boundary (GIT_DISCOVERY_ACROSS_FILESYSTEM not set).
2024-10-20 17:52:47.249 [info] > git rev-parse --show-toplevel [1ms]
2024-10-20 17:52:47.249 [info] fatal: not a git repository (or any parent up to mount point /)
Stopping at filesystem boundary (GIT_DISCOVERY_ACROSS_FILESYSTEM not set).
2024-10-20 17:52:47.253 [info] > git rev-parse --show-toplevel [1ms]
2024-10-20 17:52:47.253 [info] fatal: not a git repository (or any parent up to mount point /)
Stopping at filesystem boundary (GIT_DISCOVERY_ACROSS_FILESYSTEM not set).
2024-10-20 17:52:47.257 [info] > git rev-parse --show-toplevel [1ms]
2024-10-20 17:52:47.257 [info] fatal: not a git repository (or any parent up to mount point /)
Stopping at filesystem boundary (GIT_DISCOVERY_ACROSS_FILESYSTEM not set).
2024-10-20 17:52:47.262 [info] > git rev-parse --show-toplevel [1ms]
2024-10-20 17:52:47.262 [info] fatal: not a git repository (or any parent up to mount point /)
Stopping at filesystem boundary (GIT_DISCOVERY_ACROSS_FILESYSTEM not set).
2024-10-20 17:52:47.267 [info] > git rev-parse --show-toplevel [1ms]
2024-10-20 17:52:47.267 [info] fatal: not a git repository (or any parent up to mount point /)
Stopping at filesystem boundary (GIT_DISCOVERY_ACROSS_FILESYSTEM not set).
2024-10-20 17:52:47.271 [info] > git rev-parse --show-toplevel [1ms]
2024-10-20 17:52:47.271 [info] fatal: not a git repository (or any parent up to mount point /)
Stopping at filesystem boundary (GIT_DISCOVERY_ACROSS_FILESYSTEM not set).
2024-10-20 17:52:47.276 [info] > git rev-parse --show-toplevel [1ms]
2024-10-20 17:52:47.276 [info] fatal: not a git repository (or any parent up to mount point /)
Stopping at filesystem boundary (GIT_DISCOVERY_ACROSS_FILESYSTEM not set).
2024-10-20 17:52:47.281 [info] > git rev-parse --show-toplevel [1ms]
2024-10-20 17:52:47.281 [info] fatal: not a git repository (or any parent up to mount point /)
Stopping at filesystem boundary (GIT_DISCOVERY_ACROSS_FILESYSTEM not set).
2024-10-20 17:52:47.285 [info] > git rev-parse --show-toplevel [1ms]
2024-10-20 17:52:47.285 [info] fatal: not a git repository (or any parent up to mount point /)
Stopping at filesystem boundary (GIT_DISCOVERY_ACROSS_FILESYSTEM not set).
2024-10-20 17:52:47.289 [info] > git rev-parse --show-toplevel [1ms]
2024-10-20 17:52:47.289 [info] fatal: not a git repository (or any parent up to mount point /)
Stopping at filesystem boundary (GIT_DISCOVERY_ACROSS_FILESYSTEM not set).
2024-10-20 17:52:47.294 [info] > git rev-parse --show-toplevel [1ms]
2024-10-20 17:52:47.294 [info] fatal: not a git repository (or any parent up to mount point /)
Stopping at filesystem boundary (GIT_DISCOVERY_ACROSS_FILESYSTEM not set).
2024-10-20 17:52:47.295 [info] [Model][doInitialScan] Initial repository scan completed - repositories (0), closed repositories (0), parent repositories (0), unsafe repositories (0)
2024-10-20 17:52:47.984 [info] > git rev-parse --show-toplevel [1ms]
2024-10-20 17:52:47.984 [info] fatal: not a git repository (or any parent up to mount point /)
Stopping at filesystem boundary (GIT_DISCOVERY_ACROSS_FILESYSTEM not set).
2024-10-20 17:52:47.990 [info] > git rev-parse --show-toplevel [1ms]
2024-10-20 17:52:47.990 [info] fatal: not a git repository (or any parent up to mount point /)
Stopping at filesystem boundary (GIT_DISCOVERY_ACROSS_FILESYSTEM not set).
2024-10-20 17:52:47.995 [info] > git rev-parse --show-toplevel [1ms]
2024-10-20 17:52:47.995 [info] fatal: not a git repository (or any parent up to mount point /)
Stopping at filesystem boundary (GIT_DISCOVERY_ACROSS_FILESYSTEM not set).
2024-10-20 17:52:53.962 [info] > git rev-parse --show-toplevel [2ms]
2024-10-20 17:52:53.962 [info] fatal: not a git repository (or any parent up to mount point /)
Stopping at filesystem boundary (GIT_DISCOVERY_ACROSS_FILESYSTEM not set).
2024-10-20 17:56:55.125 [info] > git rev-parse --show-toplevel [2ms]
2024-10-20 17:56:55.125 [info] fatal: not a git repository (or any parent up to mount point /)
Stopping at filesystem boundary (GIT_DISCOVERY_ACROSS_FILESYSTEM not set).
