2024-10-20 16:04:58.924 [info] [main] Log level: Info
2024-10-20 16:04:58.924 [info] [main] Validating found git in: "git"
2024-10-20 16:04:58.924 [info] [main] Using git "2.47.0" from "git"
2024-10-20 16:04:58.924 [info] [Model][doInitialScan] Initial repository scan started
2024-10-20 16:04:58.924 [info] > git rev-parse --show-toplevel [15ms]
2024-10-20 16:04:58.924 [info] fatal: not a git repository (or any parent up to mount point /)
Stopping at filesystem boundary (GIT_DISCOVERY_ACROSS_FILESYSTEM not set).
2024-10-20 16:04:58.924 [info] > git rev-parse --show-toplevel [5ms]
2024-10-20 16:04:58.924 [info] fatal: not a git repository (or any parent up to mount point /)
Stopping at filesystem boundary (GIT_DISCOVERY_ACROSS_FILESYSTEM not set).
2024-10-20 16:04:58.924 [info] > git rev-parse --show-toplevel [3ms]
2024-10-20 16:04:58.924 [info] fatal: not a git repository (or any parent up to mount point /)
Stopping at filesystem boundary (GIT_DISCOVERY_ACROSS_FILESYSTEM not set).
2024-10-20 16:04:59.173 [info] > git rev-parse --show-toplevel [244ms]
2024-10-20 16:04:59.173 [info] fatal: not a git repository (or any parent up to mount point /)
Stopping at filesystem boundary (GIT_DISCOVERY_ACROSS_FILESYSTEM not set).
2024-10-20 16:04:59.259 [info] > git rev-parse --show-toplevel [8ms]
2024-10-20 16:04:59.259 [info] fatal: not a git repository (or any parent up to mount point /)
Stopping at filesystem boundary (GIT_DISCOVERY_ACROSS_FILESYSTEM not set).
2024-10-20 16:04:59.267 [info] > git rev-parse --show-toplevel [2ms]
2024-10-20 16:04:59.267 [info] fatal: not a git repository (or any parent up to mount point /)
Stopping at filesystem boundary (GIT_DISCOVERY_ACROSS_FILESYSTEM not set).
2024-10-20 16:04:59.272 [info] > git rev-parse --show-toplevel [2ms]
2024-10-20 16:04:59.272 [info] fatal: not a git repository (or any parent up to mount point /)
Stopping at filesystem boundary (GIT_DISCOVERY_ACROSS_FILESYSTEM not set).
2024-10-20 16:04:59.279 [info] > git rev-parse --show-toplevel [2ms]
2024-10-20 16:04:59.279 [info] fatal: not a git repository (or any parent up to mount point /)
Stopping at filesystem boundary (GIT_DISCOVERY_ACROSS_FILESYSTEM not set).
2024-10-20 16:04:59.284 [info] > git rev-parse --show-toplevel [1ms]
2024-10-20 16:04:59.284 [info] fatal: not a git repository (or any parent up to mount point /)
Stopping at filesystem boundary (GIT_DISCOVERY_ACROSS_FILESYSTEM not set).
2024-10-20 16:04:59.289 [info] > git rev-parse --show-toplevel [0ms]
2024-10-20 16:04:59.289 [info] fatal: not a git repository (or any parent up to mount point /)
Stopping at filesystem boundary (GIT_DISCOVERY_ACROSS_FILESYSTEM not set).
2024-10-20 16:04:59.294 [info] > git rev-parse --show-toplevel [1ms]
2024-10-20 16:04:59.294 [info] fatal: not a git repository (or any parent up to mount point /)
Stopping at filesystem boundary (GIT_DISCOVERY_ACROSS_FILESYSTEM not set).
2024-10-20 16:04:59.300 [info] > git rev-parse --show-toplevel [1ms]
2024-10-20 16:04:59.301 [info] fatal: not a git repository (or any parent up to mount point /)
Stopping at filesystem boundary (GIT_DISCOVERY_ACROSS_FILESYSTEM not set).
2024-10-20 16:04:59.305 [info] > git rev-parse --show-toplevel [1ms]
2024-10-20 16:04:59.305 [info] fatal: not a git repository (or any parent up to mount point /)
Stopping at filesystem boundary (GIT_DISCOVERY_ACROSS_FILESYSTEM not set).
2024-10-20 16:04:59.311 [info] > git rev-parse --show-toplevel [1ms]
2024-10-20 16:04:59.311 [info] fatal: not a git repository (or any parent up to mount point /)
Stopping at filesystem boundary (GIT_DISCOVERY_ACROSS_FILESYSTEM not set).
2024-10-20 16:04:59.316 [info] > git rev-parse --show-toplevel [1ms]
2024-10-20 16:04:59.316 [info] fatal: not a git repository (or any parent up to mount point /)
Stopping at filesystem boundary (GIT_DISCOVERY_ACROSS_FILESYSTEM not set).
2024-10-20 16:04:59.322 [info] > git rev-parse --show-toplevel [1ms]
2024-10-20 16:04:59.322 [info] fatal: not a git repository (or any parent up to mount point /)
Stopping at filesystem boundary (GIT_DISCOVERY_ACROSS_FILESYSTEM not set).
2024-10-20 16:04:59.328 [info] > git rev-parse --show-toplevel [1ms]
2024-10-20 16:04:59.328 [info] fatal: not a git repository (or any parent up to mount point /)
Stopping at filesystem boundary (GIT_DISCOVERY_ACROSS_FILESYSTEM not set).
2024-10-20 16:04:59.333 [info] > git rev-parse --show-toplevel [1ms]
2024-10-20 16:04:59.333 [info] fatal: not a git repository (or any parent up to mount point /)
Stopping at filesystem boundary (GIT_DISCOVERY_ACROSS_FILESYSTEM not set).
2024-10-20 16:04:59.337 [info] > git rev-parse --show-toplevel [1ms]
2024-10-20 16:04:59.337 [info] fatal: not a git repository (or any parent up to mount point /)
Stopping at filesystem boundary (GIT_DISCOVERY_ACROSS_FILESYSTEM not set).
2024-10-20 16:04:59.465 [info] > git rev-parse --show-toplevel [124ms]
2024-10-20 16:04:59.465 [info] fatal: not a git repository (or any parent up to mount point /)
Stopping at filesystem boundary (GIT_DISCOVERY_ACROSS_FILESYSTEM not set).
2024-10-20 16:04:59.483 [info] > git rev-parse --show-toplevel [2ms]
2024-10-20 16:04:59.483 [info] fatal: not a git repository (or any parent up to mount point /)
Stopping at filesystem boundary (GIT_DISCOVERY_ACROSS_FILESYSTEM not set).
2024-10-20 16:04:59.516 [info] > git rev-parse --show-toplevel [28ms]
2024-10-20 16:04:59.516 [info] fatal: not a git repository (or any parent up to mount point /)
Stopping at filesystem boundary (GIT_DISCOVERY_ACROSS_FILESYSTEM not set).
2024-10-20 16:04:59.523 [info] > git rev-parse --show-toplevel [1ms]
2024-10-20 16:04:59.523 [info] fatal: not a git repository (or any parent up to mount point /)
Stopping at filesystem boundary (GIT_DISCOVERY_ACROSS_FILESYSTEM not set).
2024-10-20 16:04:59.530 [info] > git rev-parse --show-toplevel [2ms]
2024-10-20 16:04:59.530 [info] fatal: not a git repository (or any parent up to mount point /)
Stopping at filesystem boundary (GIT_DISCOVERY_ACROSS_FILESYSTEM not set).
2024-10-20 16:04:59.535 [info] > git rev-parse --show-toplevel [0ms]
2024-10-20 16:04:59.535 [info] fatal: not a git repository (or any parent up to mount point /)
Stopping at filesystem boundary (GIT_DISCOVERY_ACROSS_FILESYSTEM not set).
2024-10-20 16:04:59.540 [info] > git rev-parse --show-toplevel [1ms]
2024-10-20 16:04:59.540 [info] fatal: not a git repository (or any parent up to mount point /)
Stopping at filesystem boundary (GIT_DISCOVERY_ACROSS_FILESYSTEM not set).
2024-10-20 16:04:59.545 [info] > git rev-parse --show-toplevel [0ms]
2024-10-20 16:04:59.546 [info] fatal: not a git repository (or any parent up to mount point /)
Stopping at filesystem boundary (GIT_DISCOVERY_ACROSS_FILESYSTEM not set).
2024-10-20 16:04:59.551 [info] > git rev-parse --show-toplevel [1ms]
2024-10-20 16:04:59.551 [info] fatal: not a git repository (or any parent up to mount point /)
Stopping at filesystem boundary (GIT_DISCOVERY_ACROSS_FILESYSTEM not set).
2024-10-20 16:04:59.557 [info] > git rev-parse --show-toplevel [0ms]
2024-10-20 16:04:59.557 [info] fatal: not a git repository (or any parent up to mount point /)
Stopping at filesystem boundary (GIT_DISCOVERY_ACROSS_FILESYSTEM not set).
2024-10-20 16:04:59.563 [info] > git rev-parse --show-toplevel [0ms]
2024-10-20 16:04:59.564 [info] fatal: not a git repository (or any parent up to mount point /)
Stopping at filesystem boundary (GIT_DISCOVERY_ACROSS_FILESYSTEM not set).
2024-10-20 16:04:59.570 [info] > git rev-parse --show-toplevel [0ms]
2024-10-20 16:04:59.570 [info] fatal: not a git repository (or any parent up to mount point /)
Stopping at filesystem boundary (GIT_DISCOVERY_ACROSS_FILESYSTEM not set).
2024-10-20 16:04:59.575 [info] > git rev-parse --show-toplevel [2ms]
2024-10-20 16:04:59.575 [info] fatal: not a git repository (or any parent up to mount point /)
Stopping at filesystem boundary (GIT_DISCOVERY_ACROSS_FILESYSTEM not set).
2024-10-20 16:04:59.582 [info] > git rev-parse --show-toplevel [2ms]
2024-10-20 16:04:59.582 [info] fatal: not a git repository (or any parent up to mount point /)
Stopping at filesystem boundary (GIT_DISCOVERY_ACROSS_FILESYSTEM not set).
2024-10-20 16:04:59.587 [info] > git rev-parse --show-toplevel [1ms]
2024-10-20 16:04:59.587 [info] fatal: not a git repository (or any parent up to mount point /)
Stopping at filesystem boundary (GIT_DISCOVERY_ACROSS_FILESYSTEM not set).
2024-10-20 16:04:59.593 [info] > git rev-parse --show-toplevel [2ms]
2024-10-20 16:04:59.593 [info] fatal: not a git repository (or any parent up to mount point /)
Stopping at filesystem boundary (GIT_DISCOVERY_ACROSS_FILESYSTEM not set).
2024-10-20 16:04:59.599 [info] > git rev-parse --show-toplevel [1ms]
2024-10-20 16:04:59.599 [info] fatal: not a git repository (or any parent up to mount point /)
Stopping at filesystem boundary (GIT_DISCOVERY_ACROSS_FILESYSTEM not set).
2024-10-20 16:04:59.604 [info] > git rev-parse --show-toplevel [1ms]
2024-10-20 16:04:59.604 [info] fatal: not a git repository (or any parent up to mount point /)
Stopping at filesystem boundary (GIT_DISCOVERY_ACROSS_FILESYSTEM not set).
2024-10-20 16:04:59.610 [info] > git rev-parse --show-toplevel [1ms]
2024-10-20 16:04:59.610 [info] fatal: not a git repository (or any parent up to mount point /)
Stopping at filesystem boundary (GIT_DISCOVERY_ACROSS_FILESYSTEM not set).
2024-10-20 16:04:59.616 [info] > git rev-parse --show-toplevel [1ms]
2024-10-20 16:04:59.616 [info] fatal: not a git repository (or any parent up to mount point /)
Stopping at filesystem boundary (GIT_DISCOVERY_ACROSS_FILESYSTEM not set).
2024-10-20 16:04:59.622 [info] > git rev-parse --show-toplevel [1ms]
2024-10-20 16:04:59.622 [info] fatal: not a git repository (or any parent up to mount point /)
Stopping at filesystem boundary (GIT_DISCOVERY_ACROSS_FILESYSTEM not set).
2024-10-20 16:04:59.627 [info] > git rev-parse --show-toplevel [1ms]
2024-10-20 16:04:59.627 [info] fatal: not a git repository (or any parent up to mount point /)
Stopping at filesystem boundary (GIT_DISCOVERY_ACROSS_FILESYSTEM not set).
2024-10-20 16:04:59.633 [info] > git rev-parse --show-toplevel [0ms]
2024-10-20 16:04:59.633 [info] fatal: not a git repository (or any parent up to mount point /)
Stopping at filesystem boundary (GIT_DISCOVERY_ACROSS_FILESYSTEM not set).
2024-10-20 16:04:59.637 [info] > git rev-parse --show-toplevel [1ms]
2024-10-20 16:04:59.637 [info] fatal: not a git repository (or any parent up to mount point /)
Stopping at filesystem boundary (GIT_DISCOVERY_ACROSS_FILESYSTEM not set).
2024-10-20 16:04:59.643 [info] > git rev-parse --show-toplevel [2ms]
2024-10-20 16:04:59.643 [info] fatal: not a git repository (or any parent up to mount point /)
Stopping at filesystem boundary (GIT_DISCOVERY_ACROSS_FILESYSTEM not set).
2024-10-20 16:04:59.649 [info] > git rev-parse --show-toplevel [1ms]
2024-10-20 16:04:59.649 [info] fatal: not a git repository (or any parent up to mount point /)
Stopping at filesystem boundary (GIT_DISCOVERY_ACROSS_FILESYSTEM not set).
2024-10-20 16:04:59.654 [info] > git rev-parse --show-toplevel [0ms]
2024-10-20 16:04:59.654 [info] fatal: not a git repository (or any parent up to mount point /)
Stopping at filesystem boundary (GIT_DISCOVERY_ACROSS_FILESYSTEM not set).
2024-10-20 16:04:59.661 [info] > git rev-parse --show-toplevel [1ms]
2024-10-20 16:04:59.661 [info] fatal: not a git repository (or any parent up to mount point /)
Stopping at filesystem boundary (GIT_DISCOVERY_ACROSS_FILESYSTEM not set).
2024-10-20 16:04:59.667 [info] > git rev-parse --show-toplevel [1ms]
2024-10-20 16:04:59.667 [info] fatal: not a git repository (or any parent up to mount point /)
Stopping at filesystem boundary (GIT_DISCOVERY_ACROSS_FILESYSTEM not set).
2024-10-20 16:04:59.672 [info] > git rev-parse --show-toplevel [1ms]
2024-10-20 16:04:59.672 [info] fatal: not a git repository (or any parent up to mount point /)
Stopping at filesystem boundary (GIT_DISCOVERY_ACROSS_FILESYSTEM not set).
2024-10-20 16:04:59.678 [info] > git rev-parse --show-toplevel [1ms]
2024-10-20 16:04:59.678 [info] fatal: not a git repository (or any parent up to mount point /)
Stopping at filesystem boundary (GIT_DISCOVERY_ACROSS_FILESYSTEM not set).
2024-10-20 16:04:59.683 [info] > git rev-parse --show-toplevel [1ms]
2024-10-20 16:04:59.683 [info] fatal: not a git repository (or any parent up to mount point /)
Stopping at filesystem boundary (GIT_DISCOVERY_ACROSS_FILESYSTEM not set).
2024-10-20 16:04:59.688 [info] > git rev-parse --show-toplevel [1ms]
2024-10-20 16:04:59.688 [info] fatal: not a git repository (or any parent up to mount point /)
Stopping at filesystem boundary (GIT_DISCOVERY_ACROSS_FILESYSTEM not set).
2024-10-20 16:04:59.693 [info] > git rev-parse --show-toplevel [1ms]
2024-10-20 16:04:59.693 [info] fatal: not a git repository (or any parent up to mount point /)
Stopping at filesystem boundary (GIT_DISCOVERY_ACROSS_FILESYSTEM not set).
2024-10-20 16:04:59.698 [info] > git rev-parse --show-toplevel [1ms]
2024-10-20 16:04:59.698 [info] fatal: not a git repository (or any parent up to mount point /)
Stopping at filesystem boundary (GIT_DISCOVERY_ACROSS_FILESYSTEM not set).
2024-10-20 16:04:59.703 [info] > git rev-parse --show-toplevel [1ms]
2024-10-20 16:04:59.703 [info] fatal: not a git repository (or any parent up to mount point /)
Stopping at filesystem boundary (GIT_DISCOVERY_ACROSS_FILESYSTEM not set).
2024-10-20 16:04:59.708 [info] > git rev-parse --show-toplevel [1ms]
2024-10-20 16:04:59.708 [info] fatal: not a git repository (or any parent up to mount point /)
Stopping at filesystem boundary (GIT_DISCOVERY_ACROSS_FILESYSTEM not set).
2024-10-20 16:04:59.714 [info] > git rev-parse --show-toplevel [1ms]
2024-10-20 16:04:59.714 [info] fatal: not a git repository (or any parent up to mount point /)
Stopping at filesystem boundary (GIT_DISCOVERY_ACROSS_FILESYSTEM not set).
2024-10-20 16:04:59.719 [info] > git rev-parse --show-toplevel [1ms]
2024-10-20 16:04:59.719 [info] fatal: not a git repository (or any parent up to mount point /)
Stopping at filesystem boundary (GIT_DISCOVERY_ACROSS_FILESYSTEM not set).
2024-10-20 16:04:59.735 [info] > git rev-parse --show-toplevel [13ms]
2024-10-20 16:04:59.735 [info] fatal: not a git repository (or any parent up to mount point /)
Stopping at filesystem boundary (GIT_DISCOVERY_ACROSS_FILESYSTEM not set).
2024-10-20 16:04:59.741 [info] > git rev-parse --show-toplevel [1ms]
2024-10-20 16:04:59.741 [info] fatal: not a git repository (or any parent up to mount point /)
Stopping at filesystem boundary (GIT_DISCOVERY_ACROSS_FILESYSTEM not set).
2024-10-20 16:04:59.748 [info] > git rev-parse --show-toplevel [1ms]
2024-10-20 16:04:59.748 [info] fatal: not a git repository (or any parent up to mount point /)
Stopping at filesystem boundary (GIT_DISCOVERY_ACROSS_FILESYSTEM not set).
2024-10-20 16:04:59.752 [info] > git rev-parse --show-toplevel [1ms]
2024-10-20 16:04:59.752 [info] fatal: not a git repository (or any parent up to mount point /)
Stopping at filesystem boundary (GIT_DISCOVERY_ACROSS_FILESYSTEM not set).
2024-10-20 16:04:59.756 [info] > git rev-parse --show-toplevel [1ms]
2024-10-20 16:04:59.756 [info] fatal: not a git repository (or any parent up to mount point /)
Stopping at filesystem boundary (GIT_DISCOVERY_ACROSS_FILESYSTEM not set).
2024-10-20 16:04:59.761 [info] > git rev-parse --show-toplevel [1ms]
2024-10-20 16:04:59.761 [info] fatal: not a git repository (or any parent up to mount point /)
Stopping at filesystem boundary (GIT_DISCOVERY_ACROSS_FILESYSTEM not set).
2024-10-20 16:04:59.766 [info] > git rev-parse --show-toplevel [1ms]
2024-10-20 16:04:59.766 [info] fatal: not a git repository (or any parent up to mount point /)
Stopping at filesystem boundary (GIT_DISCOVERY_ACROSS_FILESYSTEM not set).
2024-10-20 16:04:59.770 [info] > git rev-parse --show-toplevel [0ms]
2024-10-20 16:04:59.771 [info] fatal: not a git repository (or any parent up to mount point /)
Stopping at filesystem boundary (GIT_DISCOVERY_ACROSS_FILESYSTEM not set).
2024-10-20 16:04:59.776 [info] > git rev-parse --show-toplevel [2ms]
2024-10-20 16:04:59.776 [info] fatal: not a git repository (or any parent up to mount point /)
Stopping at filesystem boundary (GIT_DISCOVERY_ACROSS_FILESYSTEM not set).
2024-10-20 16:04:59.781 [info] > git rev-parse --show-toplevel [1ms]
2024-10-20 16:04:59.781 [info] fatal: not a git repository (or any parent up to mount point /)
Stopping at filesystem boundary (GIT_DISCOVERY_ACROSS_FILESYSTEM not set).
2024-10-20 16:04:59.786 [info] > git rev-parse --show-toplevel [0ms]
2024-10-20 16:04:59.786 [info] fatal: not a git repository (or any parent up to mount point /)
Stopping at filesystem boundary (GIT_DISCOVERY_ACROSS_FILESYSTEM not set).
2024-10-20 16:04:59.790 [info] > git rev-parse --show-toplevel [1ms]
2024-10-20 16:04:59.790 [info] fatal: not a git repository (or any parent up to mount point /)
Stopping at filesystem boundary (GIT_DISCOVERY_ACROSS_FILESYSTEM not set).
2024-10-20 16:04:59.795 [info] > git rev-parse --show-toplevel [1ms]
2024-10-20 16:04:59.795 [info] fatal: not a git repository (or any parent up to mount point /)
Stopping at filesystem boundary (GIT_DISCOVERY_ACROSS_FILESYSTEM not set).
2024-10-20 16:04:59.800 [info] > git rev-parse --show-toplevel [1ms]
2024-10-20 16:04:59.800 [info] fatal: not a git repository (or any parent up to mount point /)
Stopping at filesystem boundary (GIT_DISCOVERY_ACROSS_FILESYSTEM not set).
2024-10-20 16:04:59.805 [info] > git rev-parse --show-toplevel [0ms]
2024-10-20 16:04:59.805 [info] fatal: not a git repository (or any parent up to mount point /)
Stopping at filesystem boundary (GIT_DISCOVERY_ACROSS_FILESYSTEM not set).
2024-10-20 16:04:59.810 [info] > git rev-parse --show-toplevel [2ms]
2024-10-20 16:04:59.810 [info] fatal: not a git repository (or any parent up to mount point /)
Stopping at filesystem boundary (GIT_DISCOVERY_ACROSS_FILESYSTEM not set).
2024-10-20 16:04:59.810 [info] [Model][doInitialScan] Initial repository scan completed - repositories (0), closed repositories (0), parent repositories (0), unsafe repositories (0)
2024-10-20 16:05:00.375 [info] > git rev-parse --show-toplevel [1ms]
2024-10-20 16:05:00.375 [info] fatal: not a git repository (or any parent up to mount point /)
Stopping at filesystem boundary (GIT_DISCOVERY_ACROSS_FILESYSTEM not set).
2024-10-20 16:05:00.381 [info] > git rev-parse --show-toplevel [1ms]
2024-10-20 16:05:00.381 [info] fatal: not a git repository (or any parent up to mount point /)
Stopping at filesystem boundary (GIT_DISCOVERY_ACROSS_FILESYSTEM not set).
2024-10-20 16:05:00.386 [info] > git rev-parse --show-toplevel [1ms]
2024-10-20 16:05:00.386 [info] fatal: not a git repository (or any parent up to mount point /)
Stopping at filesystem boundary (GIT_DISCOVERY_ACROSS_FILESYSTEM not set).
2024-10-20 16:05:06.205 [info] > git rev-parse --show-toplevel [2ms]
2024-10-20 16:05:06.205 [info] fatal: not a git repository (or any parent up to mount point /)
Stopping at filesystem boundary (GIT_DISCOVERY_ACROSS_FILESYSTEM not set).
2024-10-20 16:05:06.211 [info] > git rev-parse --show-toplevel [1ms]
2024-10-20 16:05:06.211 [info] fatal: not a git repository (or any parent up to mount point /)
Stopping at filesystem boundary (GIT_DISCOVERY_ACROSS_FILESYSTEM not set).
2024-10-20 16:05:13.831 [info] > git rev-parse --show-toplevel [1ms]
2024-10-20 16:05:13.831 [info] fatal: not a git repository (or any parent up to mount point /)
Stopping at filesystem boundary (GIT_DISCOVERY_ACROSS_FILESYSTEM not set).
2024-10-20 16:05:13.890 [info] > git rev-parse --show-toplevel [1ms]
2024-10-20 16:05:13.890 [info] fatal: not a git repository (or any parent up to mount point /)
Stopping at filesystem boundary (GIT_DISCOVERY_ACROSS_FILESYSTEM not set).
2024-10-20 16:05:13.895 [info] > git rev-parse --show-toplevel [1ms]
2024-10-20 16:05:13.895 [info] fatal: not a git repository (or any parent up to mount point /)
Stopping at filesystem boundary (GIT_DISCOVERY_ACROSS_FILESYSTEM not set).
2024-10-20 16:07:25.228 [info] > git rev-parse --show-toplevel [1ms]
2024-10-20 16:07:25.228 [info] fatal: not a git repository (or any parent up to mount point /)
Stopping at filesystem boundary (GIT_DISCOVERY_ACROSS_FILESYSTEM not set).
2024-10-20 16:07:25.260 [info] > git rev-parse --show-toplevel [2ms]
2024-10-20 16:07:25.260 [info] fatal: not a git repository (or any parent up to mount point /)
Stopping at filesystem boundary (GIT_DISCOVERY_ACROSS_FILESYSTEM not set).
2024-10-20 16:07:25.269 [info] > git rev-parse --show-toplevel [2ms]
2024-10-20 16:07:25.269 [info] fatal: not a git repository (or any parent up to mount point /)
Stopping at filesystem boundary (GIT_DISCOVERY_ACROSS_FILESYSTEM not set).
2024-10-20 16:07:37.059 [info] > git rev-parse --show-toplevel [1ms]
2024-10-20 16:07:37.059 [info] fatal: not a git repository (or any parent up to mount point /)
Stopping at filesystem boundary (GIT_DISCOVERY_ACROSS_FILESYSTEM not set).
2024-10-20 16:07:37.113 [info] > git rev-parse --show-toplevel [2ms]
2024-10-20 16:07:37.113 [info] fatal: not a git repository (or any parent up to mount point /)
Stopping at filesystem boundary (GIT_DISCOVERY_ACROSS_FILESYSTEM not set).
2024-10-20 16:07:37.119 [info] > git rev-parse --show-toplevel [1ms]
2024-10-20 16:07:37.119 [info] fatal: not a git repository (or any parent up to mount point /)
Stopping at filesystem boundary (GIT_DISCOVERY_ACROSS_FILESYSTEM not set).
2024-10-20 16:07:48.225 [info] > git rev-parse --show-toplevel [1ms]
2024-10-20 16:07:48.225 [info] fatal: not a git repository (or any parent up to mount point /)
Stopping at filesystem boundary (GIT_DISCOVERY_ACROSS_FILESYSTEM not set).
2024-10-20 16:07:48.254 [info] > git rev-parse --show-toplevel [2ms]
2024-10-20 16:07:48.254 [info] fatal: not a git repository (or any parent up to mount point /)
Stopping at filesystem boundary (GIT_DISCOVERY_ACROSS_FILESYSTEM not set).
2024-10-20 16:07:48.261 [info] > git rev-parse --show-toplevel [2ms]
2024-10-20 16:07:48.261 [info] fatal: not a git repository (or any parent up to mount point /)
Stopping at filesystem boundary (GIT_DISCOVERY_ACROSS_FILESYSTEM not set).
2024-10-20 16:08:51.523 [info] > git rev-parse --show-toplevel [1ms]
2024-10-20 16:08:51.523 [info] fatal: not a git repository (or any parent up to mount point /)
Stopping at filesystem boundary (GIT_DISCOVERY_ACROSS_FILESYSTEM not set).
2024-10-20 16:08:51.546 [info] > git rev-parse --show-toplevel [2ms]
2024-10-20 16:08:51.546 [info] fatal: not a git repository (or any parent up to mount point /)
Stopping at filesystem boundary (GIT_DISCOVERY_ACROSS_FILESYSTEM not set).
2024-10-20 16:08:51.557 [info] > git rev-parse --show-toplevel [1ms]
2024-10-20 16:08:51.557 [info] fatal: not a git repository (or any parent up to mount point /)
Stopping at filesystem boundary (GIT_DISCOVERY_ACROSS_FILESYSTEM not set).
2024-10-20 16:08:53.035 [info] > git rev-parse --show-toplevel [2ms]
2024-10-20 16:08:53.035 [info] fatal: not a git repository (or any parent up to mount point /)
Stopping at filesystem boundary (GIT_DISCOVERY_ACROSS_FILESYSTEM not set).
2024-10-20 16:08:53.056 [info] > git rev-parse --show-toplevel [1ms]
2024-10-20 16:08:53.056 [info] fatal: not a git repository (or any parent up to mount point /)
Stopping at filesystem boundary (GIT_DISCOVERY_ACROSS_FILESYSTEM not set).
2024-10-20 16:08:53.061 [info] > git rev-parse --show-toplevel [1ms]
2024-10-20 16:08:53.061 [info] fatal: not a git repository (or any parent up to mount point /)
Stopping at filesystem boundary (GIT_DISCOVERY_ACROSS_FILESYSTEM not set).
2024-10-20 16:08:54.910 [info] > git rev-parse --show-toplevel [2ms]
2024-10-20 16:08:54.910 [info] fatal: not a git repository (or any parent up to mount point /)
Stopping at filesystem boundary (GIT_DISCOVERY_ACROSS_FILESYSTEM not set).
2024-10-20 16:08:56.979 [info] > git rev-parse --show-toplevel [1ms]
2024-10-20 16:08:56.979 [info] fatal: not a git repository (or any parent up to mount point /)
Stopping at filesystem boundary (GIT_DISCOVERY_ACROSS_FILESYSTEM not set).
