2024-10-22 20:02:27.098 [info] [main] Log level: Info
2024-10-22 20:02:27.098 [info] [main] Validating found git in: "git"
2024-10-22 20:02:27.098 [info] [main] Using git "2.47.0" from "git"
2024-10-22 20:02:27.098 [info] [Model][doInitialScan] Initial repository scan started
2024-10-22 20:02:27.098 [info] > git rev-parse --show-toplevel [2ms]
2024-10-22 20:02:27.098 [info] fatal: not a git repository (or any parent up to mount point /)
Stopping at filesystem boundary (GIT_DISCOVERY_ACROSS_FILESYSTEM not set).
2024-10-22 20:02:27.098 [info] > git rev-parse --show-toplevel [2ms]
2024-10-22 20:02:27.098 [info] fatal: not a git repository (or any parent up to mount point /)
Stopping at filesystem boundary (GIT_DISCOVERY_ACROSS_FILESYSTEM not set).
2024-10-22 20:02:27.098 [info] > git rev-parse --show-toplevel [1ms]
2024-10-22 20:02:27.098 [info] fatal: not a git repository (or any parent up to mount point /)
Stopping at filesystem boundary (GIT_DISCOVERY_ACROSS_FILESYSTEM not set).
2024-10-22 20:02:27.098 [info] > git rev-parse --show-toplevel [1ms]
2024-10-22 20:02:27.098 [info] fatal: not a git repository (or any parent up to mount point /)
Stopping at filesystem boundary (GIT_DISCOVERY_ACROSS_FILESYSTEM not set).
2024-10-22 20:02:27.098 [info] > git rev-parse --show-toplevel [1ms]
2024-10-22 20:02:27.098 [info] fatal: not a git repository (or any parent up to mount point /)
Stopping at filesystem boundary (GIT_DISCOVERY_ACROSS_FILESYSTEM not set).
2024-10-22 20:02:27.098 [info] > git rev-parse --show-toplevel [2ms]
2024-10-22 20:02:27.098 [info] fatal: not a git repository (or any parent up to mount point /)
Stopping at filesystem boundary (GIT_DISCOVERY_ACROSS_FILESYSTEM not set).
2024-10-22 20:02:27.098 [info] > git rev-parse --show-toplevel [1ms]
2024-10-22 20:02:27.098 [info] fatal: not a git repository (or any parent up to mount point /)
Stopping at filesystem boundary (GIT_DISCOVERY_ACROSS_FILESYSTEM not set).
2024-10-22 20:02:27.098 [info] > git rev-parse --show-toplevel [6ms]
2024-10-22 20:02:27.098 [info] fatal: not a git repository (or any parent up to mount point /)
Stopping at filesystem boundary (GIT_DISCOVERY_ACROSS_FILESYSTEM not set).
2024-10-22 20:02:27.098 [info] > git rev-parse --show-toplevel [2ms]
2024-10-22 20:02:27.098 [info] fatal: not a git repository (or any parent up to mount point /)
Stopping at filesystem boundary (GIT_DISCOVERY_ACROSS_FILESYSTEM not set).
2024-10-22 20:02:27.098 [info] > git rev-parse --show-toplevel [1ms]
2024-10-22 20:02:27.098 [info] fatal: not a git repository (or any parent up to mount point /)
Stopping at filesystem boundary (GIT_DISCOVERY_ACROSS_FILESYSTEM not set).
2024-10-22 20:02:27.100 [info] > git rev-parse --show-toplevel [1ms]
2024-10-22 20:02:27.105 [info] > git rev-parse --git-dir --git-common-dir [1ms]
2024-10-22 20:02:27.119 [info] [Model][openRepository] Opened repository: /home/hubert/Dokumenty/dwm
2024-10-22 20:02:27.357 [info] > git rev-parse --show-toplevel [228ms]
2024-10-22 20:02:27.357 [info] fatal: not a git repository (or any parent up to mount point /)
Stopping at filesystem boundary (GIT_DISCOVERY_ACROSS_FILESYSTEM not set).
2024-10-22 20:02:27.357 [info] > git config --get commit.template [232ms]
2024-10-22 20:02:27.447 [info] > git rev-parse --show-toplevel [21ms]
2024-10-22 20:02:27.447 [info] fatal: not a git repository (or any parent up to mount point /)
Stopping at filesystem boundary (GIT_DISCOVERY_ACROSS_FILESYSTEM not set).
2024-10-22 20:02:27.464 [info] > git for-each-ref --format=%(refname)%00%(upstream:short)%00%(objectname)%00%(upstream:track)%00%(upstream:remotename)%00%(upstream:remoteref) refs/heads/main refs/remotes/main [19ms]
2024-10-22 20:02:27.470 [warning] [Git][revParse] Unable to read file: ENOENT: no such file or directory, open '/home/hubert/Dokumenty/dwm/.git/refs/remotes/origin/main'
2024-10-22 20:02:27.471 [info] > git rev-parse --show-toplevel [8ms]
2024-10-22 20:02:27.471 [info] fatal: not a git repository (or any parent up to mount point /)
Stopping at filesystem boundary (GIT_DISCOVERY_ACROSS_FILESYSTEM not set).
2024-10-22 20:02:27.477 [info] > git rev-parse refs/remotes/origin/main [7ms]
2024-10-22 20:02:27.490 [info] > git for-each-ref --sort -committerdate --format %(refname) %(objectname) %(*objectname) [2ms]
2024-10-22 20:02:27.491 [info] > git rev-parse --show-toplevel [15ms]
2024-10-22 20:02:27.491 [info] fatal: not a git repository (or any parent up to mount point /)
Stopping at filesystem boundary (GIT_DISCOVERY_ACROSS_FILESYSTEM not set).
2024-10-22 20:02:27.496 [info] > git rev-parse --show-toplevel [1ms]
2024-10-22 20:02:27.496 [info] fatal: not a git repository (or any parent up to mount point /)
Stopping at filesystem boundary (GIT_DISCOVERY_ACROSS_FILESYSTEM not set).
2024-10-22 20:02:27.502 [info] > git rev-parse --show-toplevel [1ms]
2024-10-22 20:02:27.502 [info] fatal: not a git repository (or any parent up to mount point /)
Stopping at filesystem boundary (GIT_DISCOVERY_ACROSS_FILESYSTEM not set).
2024-10-22 20:02:27.509 [info] > git rev-parse --show-toplevel [1ms]
2024-10-22 20:02:27.509 [info] fatal: not a git repository (or any parent up to mount point /)
Stopping at filesystem boundary (GIT_DISCOVERY_ACROSS_FILESYSTEM not set).
2024-10-22 20:02:27.514 [info] > git rev-parse --show-toplevel [1ms]
2024-10-22 20:02:27.514 [info] fatal: not a git repository (or any parent up to mount point /)
Stopping at filesystem boundary (GIT_DISCOVERY_ACROSS_FILESYSTEM not set).
2024-10-22 20:02:27.659 [info] > git status -z -uall [177ms]
2024-10-22 20:02:27.687 [info] > git rev-parse --show-toplevel [168ms]
2024-10-22 20:02:27.687 [info] fatal: not a git repository (or any parent up to mount point /)
Stopping at filesystem boundary (GIT_DISCOVERY_ACROSS_FILESYSTEM not set).
2024-10-22 20:02:27.706 [info] > git for-each-ref --format=%(refname)%00%(upstream:short)%00%(objectname)%00%(upstream:track)%00%(upstream:remotename)%00%(upstream:remoteref) refs/heads/main refs/remotes/main [22ms]
2024-10-22 20:02:27.718 [info] > git config --local branch.main.vscode-merge-base [7ms]
2024-10-22 20:02:27.723 [info] > git rev-parse --show-toplevel [18ms]
2024-10-22 20:02:27.723 [info] fatal: not a git repository (or any parent up to mount point /)
Stopping at filesystem boundary (GIT_DISCOVERY_ACROSS_FILESYSTEM not set).
2024-10-22 20:02:27.723 [info] > git config --get commit.template [22ms]
2024-10-22 20:02:27.729 [info] > git for-each-ref --format=%(refname)%00%(upstream:short)%00%(objectname)%00%(upstream:track)%00%(upstream:remotename)%00%(upstream:remoteref) refs/heads/origin/main refs/remotes/origin/main [6ms]
2024-10-22 20:02:27.784 [info] > git merge-base refs/heads/main refs/remotes/origin/main [50ms]
2024-10-22 20:02:27.789 [info] > git rev-parse --show-toplevel [60ms]
2024-10-22 20:02:27.789 [info] fatal: not a git repository (or any parent up to mount point /)
Stopping at filesystem boundary (GIT_DISCOVERY_ACROSS_FILESYSTEM not set).
2024-10-22 20:02:27.901 [info] > git diff --name-status -z --diff-filter=ADMR 15d4981197493f71a99ace8b6497aaa3df734ca2...refs/remotes/origin/main [113ms]
2024-10-22 20:02:27.902 [info] > git for-each-ref --format=%(refname)%00%(upstream:short)%00%(objectname)%00%(upstream:track)%00%(upstream:remotename)%00%(upstream:remoteref) refs/heads/main refs/remotes/main [133ms]
2024-10-22 20:02:27.906 [warning] [Git][revParse] Unable to read file: ENOENT: no such file or directory, open '/home/hubert/Dokumenty/dwm/.git/refs/remotes/origin/main'
2024-10-22 20:02:27.906 [info] > git rev-parse --show-toplevel [5ms]
2024-10-22 20:02:27.906 [info] fatal: not a git repository (or any parent up to mount point /)
Stopping at filesystem boundary (GIT_DISCOVERY_ACROSS_FILESYSTEM not set).
2024-10-22 20:02:27.912 [info] > git rev-parse refs/remotes/origin/main [6ms]
2024-10-22 20:02:27.921 [info] > git rev-parse --show-toplevel [10ms]
2024-10-22 20:02:27.921 [info] fatal: not a git repository (or any parent up to mount point /)
Stopping at filesystem boundary (GIT_DISCOVERY_ACROSS_FILESYSTEM not set).
2024-10-22 20:02:27.927 [info] > git for-each-ref --sort -committerdate --format %(refname) %(objectname) %(*objectname) [7ms]
2024-10-22 20:02:27.928 [info] > git rev-parse --show-toplevel [2ms]
2024-10-22 20:02:27.928 [info] fatal: not a git repository (or any parent up to mount point /)
Stopping at filesystem boundary (GIT_DISCOVERY_ACROSS_FILESYSTEM not set).
2024-10-22 20:02:27.933 [info] > git rev-parse --show-toplevel [1ms]
2024-10-22 20:02:27.933 [info] fatal: not a git repository (or any parent up to mount point /)
Stopping at filesystem boundary (GIT_DISCOVERY_ACROSS_FILESYSTEM not set).
2024-10-22 20:02:27.938 [info] > git rev-parse --show-toplevel [1ms]
2024-10-22 20:02:27.938 [info] fatal: not a git repository (or any parent up to mount point /)
Stopping at filesystem boundary (GIT_DISCOVERY_ACROSS_FILESYSTEM not set).
2024-10-22 20:02:27.942 [info] > git rev-parse --show-toplevel [1ms]
2024-10-22 20:02:27.942 [info] fatal: not a git repository (or any parent up to mount point /)
Stopping at filesystem boundary (GIT_DISCOVERY_ACROSS_FILESYSTEM not set).
2024-10-22 20:02:27.947 [info] > git rev-parse --show-toplevel [1ms]
2024-10-22 20:02:27.947 [info] fatal: not a git repository (or any parent up to mount point /)
Stopping at filesystem boundary (GIT_DISCOVERY_ACROSS_FILESYSTEM not set).
2024-10-22 20:02:27.951 [info] > git rev-parse --show-toplevel [1ms]
2024-10-22 20:02:27.951 [info] fatal: not a git repository (or any parent up to mount point /)
Stopping at filesystem boundary (GIT_DISCOVERY_ACROSS_FILESYSTEM not set).
2024-10-22 20:02:27.956 [info] > git rev-parse --show-toplevel [1ms]
2024-10-22 20:02:27.956 [info] fatal: not a git repository (or any parent up to mount point /)
Stopping at filesystem boundary (GIT_DISCOVERY_ACROSS_FILESYSTEM not set).
2024-10-22 20:02:27.960 [info] > git rev-parse --show-toplevel [1ms]
2024-10-22 20:02:27.960 [info] fatal: not a git repository (or any parent up to mount point /)
Stopping at filesystem boundary (GIT_DISCOVERY_ACROSS_FILESYSTEM not set).
2024-10-22 20:02:27.965 [info] > git rev-parse --show-toplevel [0ms]
2024-10-22 20:02:27.965 [info] fatal: not a git repository (or any parent up to mount point /)
Stopping at filesystem boundary (GIT_DISCOVERY_ACROSS_FILESYSTEM not set).
2024-10-22 20:02:27.969 [info] > git rev-parse --show-toplevel [1ms]
2024-10-22 20:02:27.969 [info] fatal: not a git repository (or any parent up to mount point /)
Stopping at filesystem boundary (GIT_DISCOVERY_ACROSS_FILESYSTEM not set).
2024-10-22 20:02:27.973 [info] > git rev-parse --show-toplevel [1ms]
2024-10-22 20:02:27.973 [info] fatal: not a git repository (or any parent up to mount point /)
Stopping at filesystem boundary (GIT_DISCOVERY_ACROSS_FILESYSTEM not set).
2024-10-22 20:02:27.978 [info] > git rev-parse --show-toplevel [1ms]
2024-10-22 20:02:27.978 [info] fatal: not a git repository (or any parent up to mount point /)
Stopping at filesystem boundary (GIT_DISCOVERY_ACROSS_FILESYSTEM not set).
2024-10-22 20:02:27.982 [info] > git rev-parse --show-toplevel [1ms]
2024-10-22 20:02:27.982 [info] fatal: not a git repository (or any parent up to mount point /)
Stopping at filesystem boundary (GIT_DISCOVERY_ACROSS_FILESYSTEM not set).
2024-10-22 20:02:27.987 [info] > git rev-parse --show-toplevel [2ms]
2024-10-22 20:02:27.987 [info] fatal: not a git repository (or any parent up to mount point /)
Stopping at filesystem boundary (GIT_DISCOVERY_ACROSS_FILESYSTEM not set).
2024-10-22 20:02:27.992 [info] > git status -z -uall [77ms]
2024-10-22 20:02:28.008 [info] > git rev-parse --show-toplevel [16ms]
2024-10-22 20:02:28.008 [info] fatal: not a git repository (or any parent up to mount point /)
Stopping at filesystem boundary (GIT_DISCOVERY_ACROSS_FILESYSTEM not set).
2024-10-22 20:02:28.016 [info] > git rev-parse --show-toplevel [3ms]
2024-10-22 20:02:28.016 [info] fatal: not a git repository (or any parent up to mount point /)
Stopping at filesystem boundary (GIT_DISCOVERY_ACROSS_FILESYSTEM not set).
2024-10-22 20:02:28.021 [info] > git rev-parse --show-toplevel [1ms]
2024-10-22 20:02:28.021 [info] fatal: not a git repository (or any parent up to mount point /)
Stopping at filesystem boundary (GIT_DISCOVERY_ACROSS_FILESYSTEM not set).
2024-10-22 20:02:28.025 [info] > git rev-parse --show-toplevel [1ms]
2024-10-22 20:02:28.025 [info] fatal: not a git repository (or any parent up to mount point /)
Stopping at filesystem boundary (GIT_DISCOVERY_ACROSS_FILESYSTEM not set).
2024-10-22 20:02:28.029 [info] > git rev-parse --show-toplevel [1ms]
2024-10-22 20:02:28.029 [info] fatal: not a git repository (or any parent up to mount point /)
Stopping at filesystem boundary (GIT_DISCOVERY_ACROSS_FILESYSTEM not set).
2024-10-22 20:02:28.034 [info] > git rev-parse --show-toplevel [1ms]
2024-10-22 20:02:28.034 [info] fatal: not a git repository (or any parent up to mount point /)
Stopping at filesystem boundary (GIT_DISCOVERY_ACROSS_FILESYSTEM not set).
2024-10-22 20:02:28.038 [info] > git rev-parse --show-toplevel [0ms]
2024-10-22 20:02:28.038 [info] fatal: not a git repository (or any parent up to mount point /)
Stopping at filesystem boundary (GIT_DISCOVERY_ACROSS_FILESYSTEM not set).
2024-10-22 20:02:28.043 [info] > git rev-parse --show-toplevel [1ms]
2024-10-22 20:02:28.043 [info] fatal: not a git repository (or any parent up to mount point /)
Stopping at filesystem boundary (GIT_DISCOVERY_ACROSS_FILESYSTEM not set).
2024-10-22 20:02:28.047 [info] > git rev-parse --show-toplevel [1ms]
2024-10-22 20:02:28.047 [info] fatal: not a git repository (or any parent up to mount point /)
Stopping at filesystem boundary (GIT_DISCOVERY_ACROSS_FILESYSTEM not set).
2024-10-22 20:02:28.051 [info] > git rev-parse --show-toplevel [0ms]
2024-10-22 20:02:28.051 [info] fatal: not a git repository (or any parent up to mount point /)
Stopping at filesystem boundary (GIT_DISCOVERY_ACROSS_FILESYSTEM not set).
2024-10-22 20:02:28.056 [info] > git rev-parse --show-toplevel [1ms]
2024-10-22 20:02:28.056 [info] fatal: not a git repository (or any parent up to mount point /)
Stopping at filesystem boundary (GIT_DISCOVERY_ACROSS_FILESYSTEM not set).
2024-10-22 20:02:28.062 [info] > git rev-parse --show-toplevel [1ms]
2024-10-22 20:02:28.062 [info] fatal: not a git repository (or any parent up to mount point /)
Stopping at filesystem boundary (GIT_DISCOVERY_ACROSS_FILESYSTEM not set).
2024-10-22 20:02:28.063 [info] [Model][doInitialScan] Initial repository scan completed - repositories (1), closed repositories (0), parent repositories (0), unsafe repositories (0)
2024-10-22 20:02:28.069 [info] > git rev-parse --show-toplevel [1ms]
2024-10-22 20:02:28.069 [info] fatal: not a git repository (or any parent up to mount point /)
Stopping at filesystem boundary (GIT_DISCOVERY_ACROSS_FILESYSTEM not set).
2024-10-22 20:02:28.074 [info] > git rev-parse --show-toplevel [1ms]
2024-10-22 20:02:28.074 [info] fatal: not a git repository (or any parent up to mount point /)
Stopping at filesystem boundary (GIT_DISCOVERY_ACROSS_FILESYSTEM not set).
2024-10-22 20:02:28.090 [info] > git rev-parse --show-toplevel [12ms]
2024-10-22 20:02:28.090 [info] fatal: not a git repository (or any parent up to mount point /)
Stopping at filesystem boundary (GIT_DISCOVERY_ACROSS_FILESYSTEM not set).
2024-10-22 20:02:28.096 [info] > git rev-parse --show-toplevel [1ms]
2024-10-22 20:02:28.096 [info] fatal: not a git repository (or any parent up to mount point /)
Stopping at filesystem boundary (GIT_DISCOVERY_ACROSS_FILESYSTEM not set).
2024-10-22 20:02:28.191 [info] > git rev-parse --show-toplevel [1ms]
2024-10-22 20:02:28.191 [info] fatal: not a git repository (or any parent up to mount point /)
Stopping at filesystem boundary (GIT_DISCOVERY_ACROSS_FILESYSTEM not set).
2024-10-22 20:02:28.196 [info] > git rev-parse --show-toplevel [0ms]
2024-10-22 20:02:28.196 [info] fatal: not a git repository (or any parent up to mount point /)
Stopping at filesystem boundary (GIT_DISCOVERY_ACROSS_FILESYSTEM not set).
2024-10-22 20:02:28.201 [info] > git rev-parse --show-toplevel [1ms]
2024-10-22 20:02:28.201 [info] fatal: not a git repository (or any parent up to mount point /)
Stopping at filesystem boundary (GIT_DISCOVERY_ACROSS_FILESYSTEM not set).
2024-10-22 20:02:28.206 [info] > git rev-parse --show-toplevel [1ms]
2024-10-22 20:02:28.206 [info] fatal: not a git repository (or any parent up to mount point /)
Stopping at filesystem boundary (GIT_DISCOVERY_ACROSS_FILESYSTEM not set).
2024-10-22 20:02:28.511 [info] > git rev-parse --show-toplevel [1ms]
2024-10-22 20:02:28.511 [info] fatal: not a git repository (or any parent up to mount point /)
Stopping at filesystem boundary (GIT_DISCOVERY_ACROSS_FILESYSTEM not set).
2024-10-22 20:02:28.516 [info] > git rev-parse --show-toplevel [1ms]
2024-10-22 20:02:28.516 [info] fatal: not a git repository (or any parent up to mount point /)
Stopping at filesystem boundary (GIT_DISCOVERY_ACROSS_FILESYSTEM not set).
2024-10-22 20:02:28.521 [info] > git rev-parse --show-toplevel [0ms]
2024-10-22 20:02:28.521 [info] fatal: not a git repository (or any parent up to mount point /)
Stopping at filesystem boundary (GIT_DISCOVERY_ACROSS_FILESYSTEM not set).
2024-10-22 20:02:28.525 [info] > git rev-parse --show-toplevel [1ms]
2024-10-22 20:02:28.525 [info] fatal: not a git repository (or any parent up to mount point /)
Stopping at filesystem boundary (GIT_DISCOVERY_ACROSS_FILESYSTEM not set).
2024-10-22 20:02:53.817 [info] > git rev-parse --show-toplevel [1ms]
2024-10-22 20:02:53.823 [info] > git rev-parse --path-format=relative --show-toplevel [1ms]
2024-10-22 20:02:53.828 [info] > git rev-parse --git-dir --git-common-dir [1ms]
2024-10-22 20:02:53.828 [info] fatal: not a git repository (or any parent up to mount point /)
Stopping at filesystem boundary (GIT_DISCOVERY_ACROSS_FILESYSTEM not set).
2024-10-22 20:03:22.315 [info] > git check-ignore -v -z --stdin [1ms]
2024-10-22 20:03:53.439 [info] > git fetch [86320ms]
2024-10-22 20:03:53.439 [info] error: RPC failed; curl 92 HTTP/2 stream 11 was not closed cleanly: CANCEL (err 8)
error: 4551 bytes of body are still expected
fetch-pack: unexpected disconnect while reading sideband packet
fatal: early EOF
fatal: fetch-pack: invalid index-pack output
2024-10-22 20:03:53.458 [info] > git config --get commit.template [4ms]
2024-10-22 20:03:53.458 [info] > git for-each-ref --format=%(refname)%00%(upstream:short)%00%(objectname)%00%(upstream:track)%00%(upstream:remotename)%00%(upstream:remoteref) refs/heads/main refs/remotes/main [1ms]
2024-10-22 20:03:53.462 [warning] [Git][revParse] Unable to read file: ENOENT: no such file or directory, open '/home/hubert/Dokumenty/dwm/.git/refs/remotes/origin/main'
2024-10-22 20:03:53.463 [info] > git rev-parse refs/remotes/origin/main [1ms]
2024-10-22 20:03:53.471 [info] > git for-each-ref --sort -committerdate --format %(refname) %(objectname) %(*objectname) [1ms]
2024-10-22 20:03:53.537 [info] > git status -z -uall [71ms]
2024-10-22 20:08:34.453 [info] > git fetch [92843ms]
2024-10-22 20:08:34.454 [info] error: RPC failed; curl 92 HTTP/2 stream 11 was not closed cleanly: CANCEL (err 8)
error: 29354 bytes of body are still expected
fetch-pack: unexpected disconnect while reading sideband packet
fatal: early EOF
fatal: fetch-pack: invalid index-pack output
2024-10-22 20:08:34.485 [info] > git config --get commit.template [16ms]
2024-10-22 20:08:34.488 [info] > git for-each-ref --format=%(refname)%00%(upstream:short)%00%(objectname)%00%(upstream:track)%00%(upstream:remotename)%00%(upstream:remoteref) refs/heads/main refs/remotes/main [4ms]
2024-10-22 20:08:34.502 [warning] [Git][revParse] Unable to read file: ENOENT: no such file or directory, open '/home/hubert/Dokumenty/dwm/.git/refs/remotes/origin/main'
2024-10-22 20:08:34.505 [info] > git rev-parse refs/remotes/origin/main [3ms]
2024-10-22 20:08:34.534 [info] > git for-each-ref --sort -committerdate --format %(refname) %(objectname) %(*objectname) [2ms]
2024-10-22 20:08:34.607 [info] > git status -z -uall [88ms]
